<?xml version="1.0" encoding="UTF-8"?>
<coverage generated="1757656706725" clover="3.2.0">
  <project timestamp="1757656706725" name="All files">
    <metrics statements="1656" coveredstatements="295" conditionals="1550" coveredconditionals="146" methods="228" coveredmethods="43" elements="3434" coveredelements="484" complexity="0" loc="1656" ncloc="1656" packages="2" files="4" classes="4"/>
    <package name="js">
      <metrics statements="176" coveredstatements="44" conditionals="92" coveredconditionals="16" methods="37" coveredmethods="6"/>
      <file name="admin-common.js" path="/home/pc/Documentos/servitech-9/frontend/assets/js/admin-common.js">
        <metrics statements="14" coveredstatements="14" conditionals="4" coveredconditionals="3" methods="4" coveredmethods="4"/>
        <line num="2" count="2" type="stmt"/>
        <line num="4" count="2" type="cond" truecount="2" falsecount="0"/>
        <line num="5" count="1" type="stmt"/>
        <line num="6" count="1" type="stmt"/>
        <line num="7" count="1" type="stmt"/>
        <line num="8" count="1" type="stmt"/>
        <line num="9" count="1" type="stmt"/>
        <line num="10" count="1" type="cond" truecount="1" falsecount="1"/>
        <line num="11" count="1" type="stmt"/>
        <line num="12" count="1" type="stmt"/>
        <line num="13" count="1" type="stmt"/>
        <line num="14" count="1" type="stmt"/>
        <line num="15" count="1" type="stmt"/>
        <line num="25" count="2" type="stmt"/>
      </file>
      <file name="expertos.js" path="/home/pc/Documentos/servitech-9/frontend/assets/js/expertos.js">
        <metrics statements="53" coveredstatements="11" conditionals="30" coveredconditionals="6" methods="7" coveredmethods="1"/>
        <line num="5" count="2" type="stmt"/>
        <line num="6" count="0" type="stmt"/>
        <line num="8" count="0" type="cond" truecount="0" falsecount="2"/>
        <line num="9" count="0" type="stmt"/>
        <line num="11" count="0" type="stmt"/>
        <line num="14" count="0" type="stmt"/>
        <line num="15" count="0" type="stmt"/>
        <line num="18" count="0" type="stmt"/>
        <line num="20" count="0" type="cond" truecount="0" falsecount="2"/>
        <line num="21" count="0" type="stmt"/>
        <line num="26" count="0" type="stmt"/>
        <line num="32" count="2" type="stmt"/>
        <line num="33" count="0" type="stmt"/>
        <line num="34" count="0" type="cond" truecount="0" falsecount="2"/>
        <line num="37" count="0" type="stmt"/>
        <line num="40" count="0" type="stmt"/>
        <line num="41" count="0" type="stmt"/>
        <line num="42" count="0" type="stmt"/>
        <line num="44" count="0" type="stmt"/>
        <line num="47" count="0" type="stmt"/>
        <line num="48" count="0" type="stmt"/>
        <line num="49" count="0" type="cond" truecount="0" falsecount="2"/>
        <line num="50" count="0" type="cond" truecount="0" falsecount="2"/>
        <line num="53" count="0" type="cond" truecount="0" falsecount="2"/>
        <line num="55" count="0" type="stmt"/>
        <line num="56" count="0" type="cond" truecount="0" falsecount="2"/>
        <line num="57" count="0" type="stmt"/>
        <line num="58" count="0" type="stmt"/>
        <line num="59" count="0" type="stmt"/>
        <line num="61" count="0" type="cond" truecount="0" falsecount="2"/>
        <line num="62" count="0" type="stmt"/>
        <line num="63" count="0" type="cond" truecount="0" falsecount="2"/>
        <line num="64" count="0" type="stmt"/>
        <line num="65" count="0" type="stmt"/>
        <line num="66" count="0" type="stmt"/>
        <line num="68" count="0" type="cond" truecount="0" falsecount="2"/>
        <line num="69" count="0" type="stmt"/>
        <line num="73" count="0" type="cond" truecount="0" falsecount="2"/>
        <line num="74" count="0" type="stmt"/>
        <line num="76" count="0" type="stmt"/>
        <line num="83" count="3" type="stmt"/>
        <line num="84" count="3" type="cond" truecount="2" falsecount="0"/>
        <line num="85" count="2" type="stmt"/>
        <line num="86" count="2" type="stmt"/>
        <line num="87" count="0" type="stmt"/>
        <line num="88" count="0" type="stmt"/>
        <line num="89" count="0" type="stmt"/>
        <line num="90" count="0" type="stmt"/>
        <line num="98" count="2" type="stmt"/>
        <line num="101" count="2" type="stmt"/>
        <line num="102" count="2" type="cond" truecount="3" falsecount="1"/>
        <line num="103" count="2" type="cond" truecount="1" falsecount="1"/>
        <line num="104" count="2" type="stmt"/>
      </file>
      <file name="misAsesorias.js" path="/home/pc/Documentos/servitech-9/frontend/assets/js/misAsesorias.js">
        <metrics statements="109" coveredstatements="19" conditionals="58" coveredconditionals="7" methods="26" coveredmethods="1"/>
        <line num="6" count="0" type="stmt"/>
        <line num="7" count="0" type="stmt"/>
        <line num="8" count="0" type="stmt"/>
        <line num="9" count="0" type="cond" truecount="0" falsecount="4"/>
        <line num="10" count="0" type="stmt"/>
        <line num="11" count="0" type="stmt"/>
        <line num="14" count="0" type="stmt"/>
        <line num="15" count="0" type="stmt"/>
        <line num="23" count="2" type="stmt"/>
        <line num="24" count="2" type="stmt"/>
        <line num="26" count="2" type="stmt"/>
        <line num="27" count="2" type="stmt"/>
        <line num="28" count="2" type="cond" truecount="1" falsecount="1"/>
        <line num="29" count="2" type="stmt"/>
        <line num="30" count="1" type="cond" truecount="1" falsecount="1"/>
        <line num="31" count="1" type="cond" truecount="1" falsecount="1"/>
        <line num="38" count="2" type="stmt"/>
        <line num="39" count="2" type="cond" truecount="3" falsecount="1"/>
        <line num="40" count="2" type="cond" truecount="1" falsecount="1"/>
        <line num="41" count="2" type="stmt"/>
        <line num="42" count="2" type="stmt"/>
        <line num="45" count="2" type="stmt"/>
        <line num="51" count="0" type="stmt"/>
        <line num="62" count="0" type="cond" truecount="0" falsecount="3"/>
        <line num="67" count="0" type="cond" truecount="0" falsecount="2"/>
        <line num="68" count="0" type="stmt"/>
        <line num="69" count="0" type="stmt"/>
        <line num="70" count="0" type="stmt"/>
        <line num="75" count="0" type="cond" truecount="0" falsecount="2"/>
        <line num="80" count="0" type="cond" truecount="0" falsecount="2"/>
        <line num="82" count="0" type="cond" truecount="0" falsecount="4"/>
        <line num="86" count="0" type="cond" truecount="0" falsecount="2"/>
        <line num="88" count="0" type="stmt"/>
        <line num="126" count="0" type="cond" truecount="0" falsecount="2"/>
        <line num="127" count="0" type="stmt"/>
        <line num="129" count="0" type="stmt"/>
        <line num="131" count="0" type="stmt"/>
        <line num="132" count="0" type="stmt"/>
        <line num="133" count="0" type="stmt"/>
        <line num="134" count="0" type="stmt"/>
        <line num="137" count="0" type="cond" truecount="0" falsecount="4"/>
        <line num="138" count="0" type="stmt"/>
        <line num="140" count="0" type="stmt"/>
        <line num="142" count="0" type="cond" truecount="0" falsecount="2"/>
        <line num="143" count="0" type="stmt"/>
        <line num="145" count="0" type="stmt"/>
        <line num="149" count="0" type="stmt"/>
        <line num="151" count="0" type="stmt"/>
        <line num="159" count="2" type="stmt"/>
        <line num="160" count="0" type="stmt"/>
        <line num="161" count="0" type="stmt"/>
        <line num="165" count="2" type="stmt"/>
        <line num="166" count="0" type="stmt"/>
        <line num="184" count="0" type="stmt"/>
        <line num="185" count="0" type="stmt"/>
        <line num="191" count="2" type="stmt"/>
        <line num="192" count="0" type="stmt"/>
        <line num="193" count="0" type="stmt"/>
        <line num="194" count="0" type="stmt"/>
        <line num="201" count="0" type="stmt"/>
        <line num="204" count="2" type="stmt"/>
        <line num="207" count="0" type="stmt"/>
        <line num="208" count="0" type="stmt"/>
        <line num="209" count="0" type="cond" truecount="0" falsecount="2"/>
        <line num="210" count="0" type="stmt"/>
        <line num="211" count="0" type="stmt"/>
        <line num="212" count="0" type="stmt"/>
        <line num="213" count="0" type="stmt"/>
        <line num="217" count="0" type="stmt"/>
        <line num="218" count="0" type="stmt"/>
        <line num="219" count="0" type="stmt"/>
        <line num="224" count="0" type="stmt"/>
        <line num="230" count="2" type="stmt"/>
        <line num="232" count="0" type="stmt"/>
        <line num="233" count="0" type="stmt"/>
        <line num="234" count="0" type="stmt"/>
        <line num="235" count="0" type="stmt"/>
        <line num="236" count="0" type="stmt"/>
        <line num="237" count="0" type="stmt"/>
        <line num="238" count="0" type="stmt"/>
        <line num="243" count="0" type="stmt"/>
        <line num="244" count="0" type="stmt"/>
        <line num="245" count="0" type="stmt"/>
        <line num="246" count="0" type="stmt"/>
        <line num="248" count="0" type="stmt"/>
        <line num="249" count="0" type="stmt"/>
        <line num="254" count="0" type="stmt"/>
        <line num="255" count="0" type="stmt"/>
        <line num="256" count="0" type="stmt"/>
        <line num="257" count="0" type="stmt"/>
        <line num="258" count="0" type="stmt"/>
        <line num="259" count="0" type="stmt"/>
        <line num="261" count="0" type="stmt"/>
        <line num="262" count="0" type="stmt"/>
        <line num="264" count="0" type="stmt"/>
        <line num="265" count="0" type="cond" truecount="0" falsecount="2"/>
        <line num="266" count="0" type="stmt"/>
        <line num="267" count="0" type="stmt"/>
        <line num="273" count="0" type="stmt"/>
        <line num="274" count="0" type="stmt"/>
        <line num="275" count="0" type="stmt"/>
        <line num="276" count="0" type="cond" truecount="0" falsecount="5"/>
        <line num="277" count="0" type="stmt"/>
        <line num="278" count="0" type="stmt"/>
        <line num="280" count="0" type="stmt"/>
        <line num="281" count="0" type="stmt"/>
        <line num="283" count="0" type="stmt"/>
        <line num="284" count="0" type="cond" truecount="0" falsecount="2"/>
        <line num="285" count="0" type="stmt"/>
      </file>
    </package>
    <package name="js.admin">
      <metrics statements="1480" coveredstatements="251" conditionals="1458" coveredconditionals="130" methods="191" coveredmethods="37"/>
      <file name="admin-expertos.js" path="/home/pc/Documentos/servitech-9/frontend/assets/js/admin/admin-expertos.js">
        <metrics statements="1480" coveredstatements="251" conditionals="1458" coveredconditionals="130" methods="191" coveredmethods="37"/>
        <line num="18" count="3" type="cond" truecount="2" falsecount="0"/>
        <line num="19" count="1" type="stmt"/>
        <line num="20" count="1" type="cond" truecount="1" falsecount="1"/>
        <line num="22" count="0" type="stmt"/>
        <line num="23" count="0" type="stmt"/>
        <line num="25" count="0" type="stmt"/>
        <line num="27" count="0" type="stmt"/>
        <line num="30" count="0" type="stmt"/>
        <line num="31" count="0" type="stmt"/>
        <line num="32" count="0" type="stmt"/>
        <line num="33" count="0" type="stmt"/>
        <line num="37" count="0" type="stmt"/>
        <line num="38" count="0" type="stmt"/>
        <line num="39" count="0" type="stmt"/>
        <line num="40" count="0" type="stmt"/>
        <line num="41" count="0" type="cond" truecount="0" falsecount="2"/>
        <line num="42" count="0" type="stmt"/>
        <line num="47" count="0" type="stmt"/>
        <line num="48" count="0" type="stmt"/>
        <line num="50" count="0" type="cond" truecount="0" falsecount="3"/>
        <line num="54" count="0" type="cond" truecount="0" falsecount="2"/>
        <line num="56" count="0" type="stmt"/>
        <line num="57" count="0" type="stmt"/>
        <line num="59" count="0" type="stmt"/>
        <line num="65" count="0" type="stmt"/>
        <line num="66" count="0" type="stmt"/>
        <line num="67" count="0" type="stmt"/>
        <line num="68" count="0" type="cond" truecount="0" falsecount="2"/>
        <line num="70" count="1" type="stmt"/>
        <line num="76" count="1" type="stmt"/>
        <line num="77" count="1" type="stmt"/>
        <line num="78" count="1" type="stmt"/>
        <line num="84" count="1" type="stmt"/>
        <line num="86" count="9" type="cond" truecount="1" falsecount="1"/>
        <line num="87" count="9" type="stmt"/>
        <line num="88" count="9" type="stmt"/>
        <line num="90" count="0" type="stmt"/>
        <line num="95" count="2" type="stmt"/>
        <line num="96" count="2" type="cond" truecount="3" falsecount="1"/>
        <line num="97" count="0" type="cond" truecount="0" falsecount="4"/>
        <line num="98" count="0" type="stmt"/>
        <line num="104" count="1" type="stmt"/>
        <line num="106" count="1" type="stmt"/>
        <line num="108" count="0" type="cond" truecount="0" falsecount="2"/>
        <line num="110" count="0" type="cond" truecount="0" falsecount="2"/>
        <line num="111" count="0" type="stmt"/>
        <line num="112" count="0" type="cond" truecount="0" falsecount="2"/>
        <line num="113" count="0" type="stmt"/>
        <line num="114" count="0" type="stmt"/>
        <line num="115" count="0" type="stmt"/>
        <line num="117" count="0" type="stmt"/>
        <line num="118" count="0" type="cond" truecount="0" falsecount="2"/>
        <line num="119" count="0" type="stmt"/>
        <line num="120" count="0" type="cond" truecount="0" falsecount="4"/>
        <line num="121" count="0" type="stmt"/>
        <line num="122" count="0" type="stmt"/>
        <line num="124" count="0" type="stmt"/>
        <line num="125" count="0" type="cond" truecount="0" falsecount="2"/>
        <line num="129" count="0" type="stmt"/>
        <line num="133" count="0" type="stmt"/>
        <line num="134" count="0" type="cond" truecount="0" falsecount="4"/>
        <line num="135" count="0" type="stmt"/>
        <line num="136" count="0" type="stmt"/>
        <line num="137" count="0" type="stmt"/>
        <line num="138" count="0" type="stmt"/>
        <line num="139" count="0" type="cond" truecount="0" falsecount="2"/>
        <line num="140" count="0" type="stmt"/>
        <line num="141" count="0" type="cond" truecount="0" falsecount="4"/>
        <line num="142" count="0" type="stmt"/>
        <line num="144" count="0" type="stmt"/>
        <line num="145" count="0" type="cond" truecount="0" falsecount="2"/>
        <line num="148" count="0" type="stmt"/>
        <line num="153" count="1" type="stmt"/>
        <line num="154" count="0" type="cond" truecount="0" falsecount="4"/>
        <line num="155" count="0" type="stmt"/>
        <line num="156" count="0" type="stmt"/>
        <line num="157" count="0" type="cond" truecount="0" falsecount="2"/>
        <line num="161" count="0" type="stmt"/>
        <line num="162" count="0" type="stmt"/>
        <line num="163" count="0" type="stmt"/>
        <line num="164" count="0" type="cond" truecount="0" falsecount="2"/>
        <line num="165" count="0" type="stmt"/>
        <line num="166" count="0" type="cond" truecount="0" falsecount="4"/>
        <line num="167" count="0" type="stmt"/>
        <line num="168" count="0" type="stmt"/>
        <line num="170" count="0" type="stmt"/>
        <line num="171" count="0" type="cond" truecount="0" falsecount="2"/>
        <line num="181" count="1" type="stmt"/>
        <line num="182" count="1" type="cond" truecount="3" falsecount="1"/>
        <line num="183" count="1" type="cond" truecount="1" falsecount="1"/>
        <line num="184" count="1" type="stmt"/>
        <line num="185" count="1" type="stmt"/>
        <line num="186" count="1" type="stmt"/>
        <line num="187" count="1" type="stmt"/>
        <line num="198" count="3" type="cond" truecount="2" falsecount="0"/>
        <line num="201" count="3" type="cond" truecount="1" falsecount="1"/>
        <line num="203" count="3" type="cond" truecount="2" falsecount="0"/>
        <line num="206" count="3" type="cond" truecount="1" falsecount="1"/>
        <line num="207" count="3" type="cond" truecount="1" falsecount="1"/>
        <line num="208" count="3" type="stmt"/>
        <line num="210" count="3" type="stmt"/>
        <line num="211" count="3" type="cond" truecount="1" falsecount="1"/>
        <line num="212" count="3" type="cond" truecount="2" falsecount="0"/>
        <line num="213" count="2" type="stmt"/>
        <line num="214" count="2" type="stmt"/>
        <line num="216" count="2" type="stmt"/>
        <line num="219" count="3" type="cond" truecount="1" falsecount="1"/>
        <line num="220" count="3" type="stmt"/>
        <line num="226" count="0" type="stmt"/>
        <line num="229" count="0" type="stmt"/>
        <line num="232" count="1" type="stmt"/>
        <line num="234" count="1" type="stmt"/>
        <line num="235" count="1" type="stmt"/>
        <line num="236" count="1" type="cond" truecount="3" falsecount="1"/>
        <line num="237" count="1" type="stmt"/>
        <line num="238" count="1" type="stmt"/>
        <line num="239" count="1" type="cond" truecount="1" falsecount="1"/>
        <line num="246" count="1" type="stmt"/>
        <line num="247" count="1" type="stmt"/>
        <line num="248" count="1" type="cond" truecount="3" falsecount="1"/>
        <line num="249" count="1" type="stmt"/>
        <line num="250" count="1" type="stmt"/>
        <line num="251" count="1" type="cond" truecount="1" falsecount="1"/>
        <line num="258" count="1" type="stmt"/>
        <line num="259" count="1" type="stmt"/>
        <line num="260" count="1" type="cond" truecount="1" falsecount="1"/>
        <line num="266" count="0" type="stmt"/>
        <line num="270" count="0" type="stmt"/>
        <line num="288" count="1" type="stmt"/>
        <line num="289" count="1" type="stmt"/>
        <line num="290" count="1" type="cond" truecount="1" falsecount="1"/>
        <line num="291" count="1" type="stmt"/>
        <line num="301" count="1" type="stmt"/>
        <line num="302" count="1" type="cond" truecount="1" falsecount="1"/>
        <line num="307" count="0" type="stmt"/>
        <line num="312" count="1" type="stmt"/>
        <line num="318" count="1" type="stmt"/>
        <line num="319" count="1" type="stmt"/>
        <line num="322" count="1" type="stmt"/>
        <line num="323" count="1" type="stmt"/>
        <line num="324" count="1" type="stmt"/>
        <line num="325" count="1" type="stmt"/>
        <line num="327" count="1" type="stmt"/>
        <line num="328" count="1" type="stmt"/>
        <line num="335" count="1" type="stmt"/>
        <line num="336" count="1" type="stmt"/>
        <line num="337" count="1" type="cond" truecount="1" falsecount="1"/>
        <line num="338" count="1" type="cond" truecount="1" falsecount="1"/>
        <line num="342" count="1" type="cond" truecount="2" falsecount="2"/>
        <line num="344" count="0" type="stmt"/>
        <line num="345" count="0" type="stmt"/>
        <line num="346" count="0" type="stmt"/>
        <line num="348" count="0" type="stmt"/>
        <line num="349" count="0" type="stmt"/>
        <line num="350" count="0" type="cond" truecount="0" falsecount="4"/>
        <line num="351" count="0" type="stmt"/>
        <line num="353" count="0" type="stmt"/>
        <line num="354" count="0" type="cond" truecount="0" falsecount="2"/>
        <line num="358" count="0" type="stmt"/>
        <line num="359" count="0" type="stmt"/>
        <line num="361" count="0" type="stmt"/>
        <line num="362" count="0" type="cond" truecount="0" falsecount="2"/>
        <line num="363" count="0" type="stmt"/>
        <line num="364" count="0" type="stmt"/>
        <line num="366" count="0" type="stmt"/>
        <line num="367" count="0" type="stmt"/>
        <line num="368" count="0" type="stmt"/>
        <line num="369" count="0" type="cond" truecount="0" falsecount="2"/>
        <line num="370" count="0" type="stmt"/>
        <line num="371" count="0" type="cond" truecount="0" falsecount="2"/>
        <line num="377" count="0" type="stmt"/>
        <line num="392" count="0" type="stmt"/>
        <line num="393" count="0" type="cond" truecount="0" falsecount="2"/>
        <line num="398" count="0" type="stmt"/>
        <line num="399" count="0" type="cond" truecount="0" falsecount="4"/>
        <line num="405" count="0" type="cond" truecount="0" falsecount="4"/>
        <line num="406" count="0" type="stmt"/>
        <line num="407" count="0" type="stmt"/>
        <line num="410" count="0" type="cond" truecount="0" falsecount="4"/>
        <line num="411" count="0" type="stmt"/>
        <line num="412" count="0" type="cond" truecount="0" falsecount="4"/>
        <line num="413" count="0" type="stmt"/>
        <line num="414" count="0" type="cond" truecount="0" falsecount="4"/>
        <line num="424" count="0" type="cond" truecount="0" falsecount="4"/>
        <line num="425" count="0" type="stmt"/>
        <line num="426" count="0" type="cond" truecount="0" falsecount="2"/>
        <line num="427" count="0" type="stmt"/>
        <line num="428" count="0" type="cond" truecount="0" falsecount="5"/>
        <line num="429" count="0" type="stmt"/>
        <line num="430" count="0" type="cond" truecount="0" falsecount="4"/>
        <line num="431" count="0" type="stmt"/>
        <line num="433" count="0" type="stmt"/>
        <line num="437" count="0" type="stmt"/>
        <line num="441" count="0" type="stmt"/>
        <line num="446" count="0" type="stmt"/>
        <line num="447" count="0" type="stmt"/>
        <line num="453" count="0" type="stmt"/>
        <line num="459" count="0" type="stmt"/>
        <line num="478" count="0" type="stmt"/>
        <line num="479" count="0" type="stmt"/>
        <line num="480" count="0" type="stmt"/>
        <line num="481" count="0" type="stmt"/>
        <line num="482" count="0" type="cond" truecount="0" falsecount="2"/>
        <line num="484" count="0" type="stmt"/>
        <line num="485" count="0" type="cond" truecount="0" falsecount="5"/>
        <line num="486" count="0" type="stmt"/>
        <line num="487" count="0" type="stmt"/>
        <line num="488" count="0" type="cond" truecount="0" falsecount="2"/>
        <line num="492" count="0" type="stmt"/>
        <line num="494" count="0" type="cond" truecount="0" falsecount="2"/>
        <line num="495" count="0" type="stmt"/>
        <line num="498" count="0" type="cond" truecount="0" falsecount="2"/>
        <line num="499" count="0" type="stmt"/>
        <line num="502" count="0" type="cond" truecount="0" falsecount="2"/>
        <line num="503" count="0" type="stmt"/>
        <line num="504" count="0" type="cond" truecount="0" falsecount="2"/>
        <line num="505" count="0" type="stmt"/>
        <line num="517" count="0" type="cond" truecount="0" falsecount="4"/>
        <line num="518" count="0" type="stmt"/>
        <line num="519" count="0" type="stmt"/>
        <line num="520" count="0" type="stmt"/>
        <line num="527" count="0" type="stmt"/>
        <line num="534" count="0" type="stmt"/>
        <line num="541" count="0" type="stmt"/>
        <line num="542" count="0" type="stmt"/>
        <line num="543" count="0" type="stmt"/>
        <line num="544" count="0" type="stmt"/>
        <line num="545" count="0" type="stmt"/>
        <line num="546" count="0" type="stmt"/>
        <line num="547" count="0" type="stmt"/>
        <line num="554" count="1" type="stmt"/>
        <line num="556" count="0" type="stmt"/>
        <line num="557" count="0" type="stmt"/>
        <line num="558" count="0" type="stmt"/>
        <line num="566" count="0" type="stmt"/>
        <line num="573" count="1" type="stmt"/>
        <line num="574" count="1" type="cond" truecount="1" falsecount="1"/>
        <line num="576" count="0" type="stmt"/>
        <line num="577" count="0" type="stmt"/>
        <line num="582" count="0" type="stmt"/>
        <line num="587" count="0" type="stmt"/>
        <line num="588" count="0" type="stmt"/>
        <line num="595" count="0" type="stmt"/>
        <line num="602" count="0" type="stmt"/>
        <line num="612" count="0" type="stmt"/>
        <line num="615" count="0" type="stmt"/>
        <line num="616" count="0" type="cond" truecount="0" falsecount="2"/>
        <line num="617" count="0" type="stmt"/>
        <line num="618" count="0" type="stmt"/>
        <line num="628" count="0" type="stmt"/>
        <line num="629" count="0" type="stmt"/>
        <line num="630" count="0" type="cond" truecount="0" falsecount="2"/>
        <line num="631" count="0" type="stmt"/>
        <line num="632" count="0" type="stmt"/>
        <line num="634" count="0" type="stmt"/>
        <line num="635" count="0" type="cond" truecount="0" falsecount="4"/>
        <line num="636" count="0" type="stmt"/>
        <line num="639" count="0" type="stmt"/>
        <line num="641" count="0" type="stmt"/>
        <line num="642" count="0" type="stmt"/>
        <line num="643" count="0" type="stmt"/>
        <line num="644" count="0" type="stmt"/>
        <line num="645" count="0" type="stmt"/>
        <line num="656" count="0" type="stmt"/>
        <line num="661" count="1" type="stmt"/>
        <line num="662" count="1" type="stmt"/>
        <line num="663" count="1" type="stmt"/>
        <line num="664" count="1" type="stmt"/>
        <line num="665" count="0" type="stmt"/>
        <line num="666" count="0" type="stmt"/>
        <line num="667" count="0" type="cond" truecount="0" falsecount="2"/>
        <line num="669" count="1" type="stmt"/>
        <line num="670" count="0" type="stmt"/>
        <line num="672" count="1" type="stmt"/>
        <line num="675" count="1" type="stmt"/>
        <line num="678" count="0" type="cond" truecount="0" falsecount="2"/>
        <line num="682" count="0" type="stmt"/>
        <line num="692" count="1" type="stmt"/>
        <line num="693" count="1" type="stmt"/>
        <line num="694" count="1" type="stmt"/>
        <line num="699" count="1" type="stmt"/>
        <line num="700" count="1" type="stmt"/>
        <line num="701" count="1" type="stmt"/>
        <line num="702" count="1" type="stmt"/>
        <line num="703" count="1" type="cond" truecount="1" falsecount="1"/>
        <line num="704" count="1" type="stmt"/>
        <line num="705" count="1" type="stmt"/>
        <line num="706" count="1" type="stmt"/>
        <line num="707" count="1" type="stmt"/>
        <line num="710" count="0" type="cond" truecount="0" falsecount="2"/>
        <line num="711" count="0" type="cond" truecount="0" falsecount="2"/>
        <line num="712" count="0" type="cond" truecount="0" falsecount="2"/>
        <line num="713" count="0" type="cond" truecount="0" falsecount="2"/>
        <line num="714" count="0" type="cond" truecount="0" falsecount="2"/>
        <line num="715" count="0" type="stmt"/>
        <line num="716" count="0" type="stmt"/>
        <line num="718" count="0" type="cond" truecount="0" falsecount="2"/>
        <line num="719" count="0" type="stmt"/>
        <line num="720" count="0" type="stmt"/>
        <line num="725" count="0" type="cond" truecount="0" falsecount="2"/>
        <line num="726" count="0" type="stmt"/>
        <line num="727" count="0" type="stmt"/>
        <line num="732" count="0" type="cond" truecount="0" falsecount="2"/>
        <line num="733" count="0" type="stmt"/>
        <line num="734" count="0" type="stmt"/>
        <line num="738" count="1" type="cond" truecount="1" falsecount="1"/>
        <line num="740" count="0" type="stmt"/>
        <line num="741" count="0" type="cond" truecount="0" falsecount="2"/>
        <line num="742" count="0" type="cond" truecount="0" falsecount="2"/>
        <line num="743" count="0" type="stmt"/>
        <line num="744" count="0" type="stmt"/>
        <line num="746" count="0" type="stmt"/>
        <line num="747" count="0" type="cond" truecount="0" falsecount="2"/>
        <line num="748" count="0" type="stmt"/>
        <line num="749" count="0" type="stmt"/>
        <line num="750" count="0" type="stmt"/>
        <line num="752" count="0" type="stmt"/>
        <line num="753" count="0" type="cond" truecount="0" falsecount="2"/>
        <line num="754" count="0" type="stmt"/>
        <line num="755" count="0" type="stmt"/>
        <line num="756" count="0" type="stmt"/>
        <line num="758" count="0" type="stmt"/>
        <line num="759" count="0" type="stmt"/>
        <line num="760" count="0" type="cond" truecount="0" falsecount="2"/>
        <line num="761" count="0" type="cond" truecount="0" falsecount="2"/>
        <line num="762" count="0" type="cond" truecount="0" falsecount="2"/>
        <line num="763" count="0" type="cond" truecount="0" falsecount="2"/>
        <line num="764" count="0" type="stmt"/>
        <line num="765" count="0" type="stmt"/>
        <line num="767" count="0" type="stmt"/>
        <line num="769" count="0" type="stmt"/>
        <line num="772" count="0" type="cond" truecount="0" falsecount="2"/>
        <line num="773" count="0" type="stmt"/>
        <line num="774" count="0" type="stmt"/>
        <line num="778" count="0" type="cond" truecount="0" falsecount="2"/>
        <line num="779" count="0" type="stmt"/>
        <line num="780" count="0" type="cond" truecount="0" falsecount="4"/>
        <line num="785" count="0" type="cond" truecount="0" falsecount="2"/>
        <line num="786" count="0" type="stmt"/>
        <line num="787" count="0" type="stmt"/>
        <line num="794" count="1" type="stmt"/>
        <line num="795" count="1" type="stmt"/>
        <line num="798" count="1" type="stmt"/>
        <line num="799" count="1" type="cond" truecount="1" falsecount="1"/>
        <line num="800" count="0" type="cond" truecount="0" falsecount="2"/>
        <line num="801" count="0" type="stmt"/>
        <line num="802" count="0" type="stmt"/>
        <line num="803" count="0" type="cond" truecount="0" falsecount="2"/>
        <line num="805" count="0" type="stmt"/>
        <line num="808" count="0" type="stmt"/>
        <line num="813" count="1" type="stmt"/>
        <line num="814" count="1" type="cond" truecount="1" falsecount="1"/>
        <line num="815" count="0" type="stmt"/>
        <line num="818" count="0" type="stmt"/>
        <line num="829" count="0" type="cond" truecount="0" falsecount="4"/>
        <line num="832" count="1" type="stmt"/>
        <line num="833" count="1" type="cond" truecount="1" falsecount="1"/>
        <line num="834" count="0" type="cond" truecount="0" falsecount="4"/>
        <line num="835" count="0" type="stmt"/>
        <line num="837" count="0" type="stmt"/>
        <line num="839" count="0" type="stmt"/>
        <line num="842" count="0" type="stmt"/>
        <line num="846" count="1" type="stmt"/>
        <line num="848" count="0" type="stmt"/>
        <line num="851" count="1" type="stmt"/>
        <line num="852" count="1" type="stmt"/>
        <line num="855" count="0" type="cond" truecount="0" falsecount="2"/>
        <line num="856" count="0" type="stmt"/>
        <line num="857" count="0" type="cond" truecount="0" falsecount="2"/>
        <line num="858" count="0" type="stmt"/>
        <line num="859" count="0" type="cond" truecount="0" falsecount="2"/>
        <line num="860" count="0" type="stmt"/>
        <line num="863" count="1" type="stmt"/>
        <line num="864" count="1" type="stmt"/>
        <line num="865" count="0" type="stmt"/>
        <line num="866" count="0" type="stmt"/>
        <line num="867" count="0" type="stmt"/>
        <line num="868" count="0" type="stmt"/>
        <line num="869" count="0" type="stmt"/>
        <line num="870" count="0" type="stmt"/>
        <line num="872" count="0" type="stmt"/>
        <line num="873" count="0" type="cond" truecount="0" falsecount="4"/>
        <line num="874" count="0" type="stmt"/>
        <line num="875" count="0" type="stmt"/>
        <line num="880" count="1" type="stmt"/>
        <line num="881" count="1" type="cond" truecount="3" falsecount="1"/>
        <line num="882" count="0" type="stmt"/>
        <line num="883" count="0" type="stmt"/>
        <line num="884" count="0" type="cond" truecount="0" falsecount="2"/>
        <line num="885" count="0" type="stmt"/>
        <line num="886" count="0" type="stmt"/>
        <line num="890" count="1" type="stmt"/>
        <line num="891" count="1" type="cond" truecount="2" falsecount="0"/>
        <line num="892" count="1" type="stmt"/>
        <line num="893" count="0" type="stmt"/>
        <line num="894" count="0" type="stmt"/>
        <line num="896" count="0" type="stmt"/>
        <line num="902" count="1" type="stmt"/>
        <line num="903" count="1" type="stmt"/>
        <line num="904" count="1" type="stmt"/>
        <line num="905" count="0" type="stmt"/>
        <line num="906" count="0" type="stmt"/>
        <line num="907" count="0" type="stmt"/>
        <line num="908" count="0" type="stmt"/>
        <line num="909" count="0" type="stmt"/>
        <line num="910" count="0" type="stmt"/>
        <line num="911" count="0" type="stmt"/>
        <line num="912" count="0" type="stmt"/>
        <line num="914" count="1" type="stmt"/>
        <line num="915" count="0" type="stmt"/>
        <line num="916" count="0" type="stmt"/>
        <line num="917" count="0" type="stmt"/>
        <line num="918" count="0" type="stmt"/>
        <line num="919" count="0" type="stmt"/>
        <line num="920" count="0" type="stmt"/>
        <line num="921" count="0" type="stmt"/>
        <line num="922" count="0" type="stmt"/>
        <line num="923" count="0" type="stmt"/>
        <line num="924" count="0" type="stmt"/>
        <line num="925" count="0" type="stmt"/>
        <line num="929" count="1" type="stmt"/>
        <line num="930" count="1" type="stmt"/>
        <line num="931" count="1" type="stmt"/>
        <line num="932" count="0" type="stmt"/>
        <line num="933" count="0" type="stmt"/>
        <line num="934" count="0" type="cond" truecount="0" falsecount="2"/>
        <line num="936" count="1" type="stmt"/>
        <line num="937" count="0" type="stmt"/>
        <line num="939" count="1" type="stmt"/>
        <line num="940" count="1" type="stmt"/>
        <line num="943" count="1" type="stmt"/>
        <line num="944" count="1" type="stmt"/>
        <line num="945" count="1" type="stmt"/>
        <line num="946" count="1" type="cond" truecount="2" falsecount="2"/>
        <line num="947" count="0" type="stmt"/>
        <line num="948" count="0" type="stmt"/>
        <line num="949" count="0" type="cond" truecount="0" falsecount="2"/>
        <line num="950" count="0" type="stmt"/>
        <line num="951" count="0" type="stmt"/>
        <line num="953" count="0" type="stmt"/>
        <line num="954" count="0" type="stmt"/>
        <line num="962" count="1" type="stmt"/>
        <line num="963" count="1" type="stmt"/>
        <line num="964" count="1" type="stmt"/>
        <line num="965" count="1" type="cond" truecount="2" falsecount="2"/>
        <line num="966" count="0" type="stmt"/>
        <line num="967" count="0" type="stmt"/>
        <line num="968" count="0" type="cond" truecount="0" falsecount="2"/>
        <line num="969" count="0" type="cond" truecount="0" falsecount="2"/>
        <line num="970" count="0" type="stmt"/>
        <line num="971" count="0" type="stmt"/>
        <line num="973" count="0" type="cond" truecount="0" falsecount="2"/>
        <line num="974" count="0" type="stmt"/>
        <line num="975" count="0" type="stmt"/>
        <line num="976" count="0" type="cond" truecount="0" falsecount="2"/>
        <line num="977" count="0" type="stmt"/>
        <line num="979" count="0" type="stmt"/>
        <line num="981" count="0" type="stmt"/>
        <line num="982" count="0" type="stmt"/>
        <line num="997" count="1" type="stmt"/>
        <line num="998" count="1" type="stmt"/>
        <line num="999" count="1" type="cond" truecount="1" falsecount="1"/>
        <line num="1000" count="1" type="stmt"/>
        <line num="1002" count="0" type="stmt"/>
        <line num="1007" count="1" type="stmt"/>
        <line num="1008" count="1" type="stmt"/>
        <line num="1009" count="1" type="stmt"/>
        <line num="1010" count="0" type="stmt"/>
        <line num="1012" count="0" type="stmt"/>
        <line num="1013" count="0" type="stmt"/>
        <line num="1014" count="0" type="stmt"/>
        <line num="1015" count="0" type="stmt"/>
        <line num="1016" count="0" type="stmt"/>
        <line num="1017" count="0" type="stmt"/>
        <line num="1018" count="0" type="stmt"/>
        <line num="1021" count="0" type="stmt"/>
        <line num="1022" count="0" type="stmt"/>
        <line num="1023" count="0" type="stmt"/>
        <line num="1024" count="0" type="stmt"/>
        <line num="1025" count="0" type="stmt"/>
        <line num="1027" count="0" type="cond" truecount="0" falsecount="2"/>
        <line num="1028" count="0" type="cond" truecount="0" falsecount="2"/>
        <line num="1029" count="0" type="cond" truecount="0" falsecount="2"/>
        <line num="1032" count="0" type="cond" truecount="0" falsecount="2"/>
        <line num="1034" count="0" type="stmt"/>
        <line num="1035" count="0" type="stmt"/>
        <line num="1036" count="0" type="stmt"/>
        <line num="1037" count="0" type="stmt"/>
        <line num="1038" count="0" type="stmt"/>
        <line num="1039" count="0" type="cond" truecount="0" falsecount="2"/>
        <line num="1040" count="0" type="cond" truecount="0" falsecount="2"/>
        <line num="1042" count="0" type="stmt"/>
        <line num="1047" count="0" type="stmt"/>
        <line num="1050" count="0" type="cond" truecount="0" falsecount="2"/>
        <line num="1051" count="0" type="stmt"/>
        <line num="1055" count="0" type="stmt"/>
        <line num="1056" count="0" type="cond" truecount="0" falsecount="2"/>
        <line num="1060" count="0" type="stmt"/>
        <line num="1063" count="0" type="stmt"/>
        <line num="1064" count="0" type="stmt"/>
        <line num="1072" count="1" type="stmt"/>
        <line num="1074" count="1" type="stmt"/>
        <line num="1075" count="1" type="cond" truecount="1" falsecount="1"/>
        <line num="1078" count="1" type="cond" truecount="1" falsecount="1"/>
        <line num="1081" count="1" type="cond" truecount="1" falsecount="1"/>
        <line num="1084" count="1" type="stmt"/>
        <line num="1087" count="1" type="stmt"/>
        <line num="1089" count="1" type="stmt"/>
        <line num="1090" count="0" type="stmt"/>
        <line num="1091" count="0" type="stmt"/>
        <line num="1092" count="0" type="stmt"/>
        <line num="1093" count="0" type="stmt"/>
        <line num="1094" count="0" type="stmt"/>
        <line num="1098" count="1" type="cond" truecount="1" falsecount="1"/>
        <line num="1099" count="0" type="stmt"/>
        <line num="1101" count="0" type="stmt"/>
        <line num="1104" count="1" type="cond" truecount="1" falsecount="1"/>
        <line num="1105" count="0" type="stmt"/>
        <line num="1107" count="0" type="stmt"/>
        <line num="1110" count="1" type="cond" truecount="1" falsecount="1"/>
        <line num="1111" count="0" type="stmt"/>
        <line num="1112" count="0" type="cond" truecount="0" falsecount="2"/>
        <line num="1115" count="1" type="cond" truecount="1" falsecount="1"/>
        <line num="1116" count="0" type="stmt"/>
        <line num="1117" count="0" type="cond" truecount="0" falsecount="2"/>
        <line num="1119" count="0" type="stmt"/>
        <line num="1120" count="0" type="cond" truecount="0" falsecount="2"/>
        <line num="1121" count="0" type="stmt"/>
        <line num="1122" count="0" type="stmt"/>
        <line num="1125" count="0" type="stmt"/>
        <line num="1134" count="1" type="stmt"/>
        <line num="1135" count="1" type="cond" truecount="1" falsecount="1"/>
        <line num="1139" count="0" type="cond" truecount="0" falsecount="2"/>
        <line num="1142" count="0" type="cond" truecount="0" falsecount="2"/>
        <line num="1145" count="0" type="cond" truecount="0" falsecount="2"/>
        <line num="1148" count="0" type="stmt"/>
        <line num="1150" count="0" type="stmt"/>
        <line num="1151" count="0" type="cond" truecount="0" falsecount="2"/>
        <line num="1152" count="0" type="cond" truecount="0" falsecount="2"/>
        <line num="1154" count="0" type="cond" truecount="0" falsecount="4"/>
        <line num="1156" count="0" type="stmt"/>
        <line num="1162" count="0" type="stmt"/>
        <line num="1163" count="0" type="stmt"/>
        <line num="1166" count="0" type="cond" truecount="0" falsecount="2"/>
        <line num="1167" count="0" type="stmt"/>
        <line num="1168" count="0" type="stmt"/>
        <line num="1169" count="0" type="stmt"/>
        <line num="1174" count="0" type="stmt"/>
        <line num="1175" count="0" type="cond" truecount="0" falsecount="2"/>
        <line num="1176" count="0" type="stmt"/>
        <line num="1178" count="0" type="cond" truecount="0" falsecount="2"/>
        <line num="1179" count="0" type="stmt"/>
        <line num="1184" count="0" type="stmt"/>
        <line num="1185" count="0" type="cond" truecount="0" falsecount="2"/>
        <line num="1186" count="0" type="stmt"/>
        <line num="1187" count="0" type="stmt"/>
        <line num="1188" count="0" type="stmt"/>
        <line num="1189" count="0" type="stmt"/>
        <line num="1190" count="0" type="cond" truecount="0" falsecount="4"/>
        <line num="1191" count="0" type="stmt"/>
        <line num="1193" count="0" type="stmt"/>
        <line num="1194" count="0" type="cond" truecount="0" falsecount="2"/>
        <line num="1195" count="0" type="cond" truecount="0" falsecount="2"/>
        <line num="1196" count="0" type="cond" truecount="0" falsecount="2"/>
        <line num="1197" count="0" type="stmt"/>
        <line num="1198" count="0" type="stmt"/>
        <line num="1199" count="0" type="stmt"/>
        <line num="1207" count="1" type="stmt"/>
        <line num="1208" count="1" type="stmt"/>
        <line num="1209" count="0" type="stmt"/>
        <line num="1210" count="0" type="stmt"/>
        <line num="1211" count="0" type="stmt"/>
        <line num="1215" count="1" type="stmt"/>
        <line num="1216" count="1" type="stmt"/>
        <line num="1217" count="0" type="stmt"/>
        <line num="1218" count="0" type="stmt"/>
        <line num="1219" count="0" type="stmt"/>
        <line num="1220" count="0" type="cond" truecount="0" falsecount="2"/>
        <line num="1221" count="0" type="cond" truecount="0" falsecount="2"/>
        <line num="1222" count="0" type="cond" truecount="0" falsecount="2"/>
        <line num="1223" count="0" type="stmt"/>
        <line num="1227" count="1" type="stmt"/>
        <line num="1228" count="1" type="stmt"/>
        <line num="1229" count="0" type="stmt"/>
        <line num="1230" count="0" type="stmt"/>
        <line num="1231" count="0" type="stmt"/>
        <line num="1240" count="1" type="stmt"/>
        <line num="1242" count="1" type="stmt"/>
        <line num="1243" count="0" type="stmt"/>
        <line num="1244" count="0" type="stmt"/>
        <line num="1245" count="0" type="stmt"/>
        <line num="1247" count="0" type="stmt"/>
        <line num="1248" count="0" type="stmt"/>
        <line num="1250" count="0" type="stmt"/>
        <line num="1251" count="0" type="stmt"/>
        <line num="1252" count="0" type="stmt"/>
        <line num="1253" count="0" type="stmt"/>
        <line num="1255" count="0" type="stmt"/>
        <line num="1256" count="0" type="cond" truecount="0" falsecount="2"/>
        <line num="1257" count="0" type="stmt"/>
        <line num="1261" count="0" type="stmt"/>
        <line num="1271" count="0" type="stmt"/>
        <line num="1272" count="0" type="cond" truecount="0" falsecount="2"/>
        <line num="1273" count="0" type="stmt"/>
        <line num="1274" count="0" type="stmt"/>
        <line num="1282" count="0" type="stmt"/>
        <line num="1285" count="0" type="stmt"/>
        <line num="1287" count="0" type="cond" truecount="0" falsecount="3"/>
        <line num="1288" count="0" type="stmt"/>
        <line num="1289" count="0" type="cond" truecount="0" falsecount="2"/>
        <line num="1290" count="0" type="cond" truecount="0" falsecount="2"/>
        <line num="1292" count="0" type="stmt"/>
        <line num="1300" count="0" type="stmt"/>
        <line num="1302" count="0" type="stmt"/>
        <line num="1303" count="0" type="cond" truecount="0" falsecount="2"/>
        <line num="1304" count="0" type="cond" truecount="0" falsecount="2"/>
        <line num="1305" count="0" type="stmt"/>
        <line num="1306" count="0" type="stmt"/>
        <line num="1309" count="0" type="stmt"/>
        <line num="1316" count="0" type="cond" truecount="0" falsecount="2"/>
        <line num="1318" count="0" type="stmt"/>
        <line num="1319" count="0" type="stmt"/>
        <line num="1320" count="0" type="stmt"/>
        <line num="1323" count="0" type="stmt"/>
        <line num="1324" count="0" type="stmt"/>
        <line num="1325" count="0" type="cond" truecount="0" falsecount="2"/>
        <line num="1327" count="0" type="stmt"/>
        <line num="1332" count="0" type="stmt"/>
        <line num="1333" count="0" type="cond" truecount="0" falsecount="2"/>
        <line num="1334" count="0" type="cond" truecount="0" falsecount="2"/>
        <line num="1335" count="0" type="cond" truecount="0" falsecount="2"/>
        <line num="1336" count="0" type="cond" truecount="0" falsecount="2"/>
        <line num="1337" count="0" type="cond" truecount="0" falsecount="2"/>
        <line num="1338" count="0" type="stmt"/>
        <line num="1341" count="0" type="stmt"/>
        <line num="1342" count="0" type="stmt"/>
        <line num="1345" count="0" type="stmt"/>
        <line num="1346" count="0" type="stmt"/>
        <line num="1347" count="0" type="stmt"/>
        <line num="1355" count="0" type="stmt"/>
        <line num="1356" count="0" type="stmt"/>
        <line num="1358" count="0" type="cond" truecount="0" falsecount="2"/>
        <line num="1362" count="0" type="cond" truecount="0" falsecount="2"/>
        <line num="1363" count="0" type="stmt"/>
        <line num="1365" count="0" type="cond" truecount="0" falsecount="2"/>
        <line num="1367" count="0" type="cond" truecount="0" falsecount="2"/>
        <line num="1369" count="0" type="cond" truecount="0" falsecount="4"/>
        <line num="1370" count="0" type="stmt"/>
        <line num="1373" count="0" type="stmt"/>
        <line num="1374" count="0" type="cond" truecount="0" falsecount="2"/>
        <line num="1376" count="0" type="cond" truecount="0" falsecount="2"/>
        <line num="1378" count="0" type="cond" truecount="0" falsecount="4"/>
        <line num="1382" count="0" type="stmt"/>
        <line num="1383" count="0" type="stmt"/>
        <line num="1384" count="0" type="cond" truecount="0" falsecount="2"/>
        <line num="1385" count="0" type="cond" truecount="0" falsecount="2"/>
        <line num="1386" count="0" type="stmt"/>
        <line num="1388" count="0" type="cond" truecount="0" falsecount="2"/>
        <line num="1391" count="0" type="stmt"/>
        <line num="1393" count="0" type="cond" truecount="0" falsecount="2"/>
        <line num="1394" count="0" type="cond" truecount="0" falsecount="4"/>
        <line num="1395" count="0" type="stmt"/>
        <line num="1399" count="0" type="cond" truecount="0" falsecount="2"/>
        <line num="1400" count="0" type="stmt"/>
        <line num="1401" count="0" type="stmt"/>
        <line num="1402" count="0" type="stmt"/>
        <line num="1414" count="0" type="cond" truecount="0" falsecount="2"/>
        <line num="1415" count="0" type="stmt"/>
        <line num="1417" count="0" type="stmt"/>
        <line num="1422" count="0" type="stmt"/>
        <line num="1423" count="0" type="stmt"/>
        <line num="1431" count="0" type="cond" truecount="0" falsecount="2"/>
        <line num="1432" count="0" type="stmt"/>
        <line num="1433" count="0" type="stmt"/>
        <line num="1435" count="0" type="stmt"/>
        <line num="1441" count="0" type="stmt"/>
        <line num="1445" count="0" type="stmt"/>
        <line num="1449" count="0" type="stmt"/>
        <line num="1453" count="0" type="stmt"/>
        <line num="1454" count="0" type="stmt"/>
        <line num="1456" count="0" type="cond" truecount="0" falsecount="2"/>
        <line num="1457" count="0" type="stmt"/>
        <line num="1458" count="0" type="cond" truecount="0" falsecount="2"/>
        <line num="1461" count="0" type="stmt"/>
        <line num="1463" count="0" type="stmt"/>
        <line num="1464" count="0" type="cond" truecount="0" falsecount="2"/>
        <line num="1466" count="0" type="stmt"/>
        <line num="1467" count="0" type="cond" truecount="0" falsecount="2"/>
        <line num="1468" count="0" type="stmt"/>
        <line num="1469" count="0" type="stmt"/>
        <line num="1471" count="0" type="stmt"/>
        <line num="1479" count="0" type="stmt"/>
        <line num="1480" count="0" type="cond" truecount="0" falsecount="2"/>
        <line num="1481" count="0" type="stmt"/>
        <line num="1482" count="0" type="stmt"/>
        <line num="1492" count="0" type="stmt"/>
        <line num="1493" count="0" type="cond" truecount="0" falsecount="2"/>
        <line num="1494" count="0" type="stmt"/>
        <line num="1495" count="0" type="cond" truecount="0" falsecount="2"/>
        <line num="1496" count="0" type="stmt"/>
        <line num="1497" count="0" type="cond" truecount="0" falsecount="2"/>
        <line num="1500" count="0" type="stmt"/>
        <line num="1501" count="0" type="stmt"/>
        <line num="1502" count="0" type="stmt"/>
        <line num="1503" count="0" type="cond" truecount="0" falsecount="2"/>
        <line num="1504" count="0" type="cond" truecount="0" falsecount="4"/>
        <line num="1505" count="0" type="cond" truecount="0" falsecount="2"/>
        <line num="1506" count="0" type="stmt"/>
        <line num="1510" count="0" type="cond" truecount="0" falsecount="3"/>
        <line num="1511" count="0" type="cond" truecount="0" falsecount="2"/>
        <line num="1514" count="0" type="cond" truecount="0" falsecount="6"/>
        <line num="1519" count="0" type="stmt"/>
        <line num="1521" count="0" type="stmt"/>
        <line num="1523" count="0" type="cond" truecount="0" falsecount="4"/>
        <line num="1526" count="0" type="stmt"/>
        <line num="1527" count="0" type="cond" truecount="0" falsecount="2"/>
        <line num="1528" count="0" type="cond" truecount="0" falsecount="4"/>
        <line num="1529" count="0" type="stmt"/>
        <line num="1530" count="0" type="cond" truecount="0" falsecount="2"/>
        <line num="1531" count="0" type="stmt"/>
        <line num="1535" count="0" type="stmt"/>
        <line num="1536" count="0" type="stmt"/>
        <line num="1537" count="0" type="stmt"/>
        <line num="1538" count="0" type="stmt"/>
        <line num="1546" count="0" type="stmt"/>
        <line num="1550" count="0" type="cond" truecount="0" falsecount="2"/>
        <line num="1552" count="0" type="cond" truecount="0" falsecount="6"/>
        <line num="1556" count="0" type="stmt"/>
        <line num="1558" count="0" type="stmt"/>
        <line num="1559" count="0" type="stmt"/>
        <line num="1560" count="0" type="cond" truecount="0" falsecount="2"/>
        <line num="1561" count="0" type="stmt"/>
        <line num="1563" count="0" type="cond" truecount="0" falsecount="5"/>
        <line num="1567" count="0" type="cond" truecount="0" falsecount="4"/>
        <line num="1568" count="0" type="stmt"/>
        <line num="1569" count="0" type="cond" truecount="0" falsecount="2"/>
        <line num="1570" count="0" type="cond" truecount="0" falsecount="2"/>
        <line num="1571" count="0" type="cond" truecount="0" falsecount="2"/>
        <line num="1572" count="0" type="stmt"/>
        <line num="1573" count="0" type="cond" truecount="0" falsecount="4"/>
        <line num="1577" count="0" type="stmt"/>
        <line num="1578" count="0" type="stmt"/>
        <line num="1587" count="0" type="stmt"/>
        <line num="1588" count="0" type="stmt"/>
        <line num="1589" count="0" type="stmt"/>
        <line num="1590" count="0" type="cond" truecount="0" falsecount="2"/>
        <line num="1592" count="0" type="cond" truecount="0" falsecount="6"/>
        <line num="1595" count="0" type="stmt"/>
        <line num="1600" count="0" type="stmt"/>
        <line num="1601" count="0" type="stmt"/>
        <line num="1602" count="0" type="stmt"/>
        <line num="1603" count="0" type="cond" truecount="0" falsecount="2"/>
        <line num="1605" count="0" type="cond" truecount="0" falsecount="5"/>
        <line num="1610" count="0" type="cond" truecount="0" falsecount="2"/>
        <line num="1611" count="0" type="cond" truecount="0" falsecount="2"/>
        <line num="1612" count="0" type="cond" truecount="0" falsecount="2"/>
        <line num="1613" count="0" type="stmt"/>
        <line num="1616" count="0" type="stmt"/>
        <line num="1618" count="0" type="stmt"/>
        <line num="1619" count="0" type="stmt"/>
        <line num="1621" count="0" type="stmt"/>
        <line num="1634" count="0" type="stmt"/>
        <line num="1635" count="0" type="stmt"/>
        <line num="1636" count="0" type="cond" truecount="0" falsecount="2"/>
        <line num="1638" count="0" type="cond" truecount="0" falsecount="5"/>
        <line num="1643" count="0" type="stmt"/>
        <line num="1644" count="0" type="cond" truecount="0" falsecount="2"/>
        <line num="1645" count="0" type="stmt"/>
        <line num="1646" count="0" type="stmt"/>
        <line num="1647" count="0" type="cond" truecount="0" falsecount="2"/>
        <line num="1648" count="0" type="stmt"/>
        <line num="1650" count="0" type="stmt"/>
        <line num="1651" count="0" type="stmt"/>
        <line num="1655" count="0" type="stmt"/>
        <line num="1656" count="0" type="stmt"/>
        <line num="1659" count="0" type="stmt"/>
        <line num="1673" count="0" type="stmt"/>
        <line num="1674" count="0" type="cond" truecount="0" falsecount="2"/>
        <line num="1675" count="0" type="stmt"/>
        <line num="1676" count="0" type="stmt"/>
        <line num="1677" count="0" type="cond" truecount="0" falsecount="2"/>
        <line num="1680" count="0" type="stmt"/>
        <line num="1681" count="0" type="stmt"/>
        <line num="1683" count="0" type="stmt"/>
        <line num="1684" count="0" type="stmt"/>
        <line num="1692" count="0" type="stmt"/>
        <line num="1693" count="0" type="stmt"/>
        <line num="1694" count="0" type="stmt"/>
        <line num="1700" count="0" type="cond" truecount="0" falsecount="2"/>
        <line num="1701" count="0" type="stmt"/>
        <line num="1704" count="0" type="stmt"/>
        <line num="1705" count="0" type="stmt"/>
        <line num="1709" count="0" type="stmt"/>
        <line num="1717" count="0" type="stmt"/>
        <line num="1719" count="0" type="cond" truecount="0" falsecount="2"/>
        <line num="1720" count="0" type="stmt"/>
        <line num="1722" count="0" type="stmt"/>
        <line num="1723" count="0" type="stmt"/>
        <line num="1724" count="0" type="stmt"/>
        <line num="1728" count="0" type="stmt"/>
        <line num="1730" count="0" type="cond" truecount="0" falsecount="2"/>
        <line num="1731" count="0" type="cond" truecount="0" falsecount="2"/>
        <line num="1732" count="0" type="stmt"/>
        <line num="1733" count="0" type="stmt"/>
        <line num="1736" count="0" type="stmt"/>
        <line num="1741" count="0" type="cond" truecount="0" falsecount="2"/>
        <line num="1742" count="0" type="stmt"/>
        <line num="1743" count="0" type="cond" truecount="0" falsecount="2"/>
        <line num="1745" count="0" type="stmt"/>
        <line num="1746" count="0" type="stmt"/>
        <line num="1747" count="0" type="stmt"/>
        <line num="1749" count="0" type="cond" truecount="0" falsecount="2"/>
        <line num="1750" count="0" type="stmt"/>
        <line num="1751" count="0" type="cond" truecount="0" falsecount="2"/>
        <line num="1755" count="0" type="stmt"/>
        <line num="1756" count="0" type="cond" truecount="0" falsecount="2"/>
        <line num="1762" count="1" type="stmt"/>
        <line num="1764" count="1" type="cond" truecount="2" falsecount="2"/>
        <line num="1765" count="1" type="stmt"/>
        <line num="1766" count="1" type="stmt"/>
        <line num="1772" count="1" type="stmt"/>
        <line num="1775" count="1" type="cond" truecount="1" falsecount="1"/>
        <line num="1776" count="0" type="stmt"/>
        <line num="1780" count="1" type="cond" truecount="1" falsecount="1"/>
        <line num="1784" count="0" type="stmt"/>
        <line num="1785" count="0" type="stmt"/>
        <line num="1790" count="0" type="stmt"/>
        <line num="1795" count="1" type="cond" truecount="1" falsecount="1"/>
        <line num="1796" count="1" type="cond" truecount="1" falsecount="1"/>
        <line num="1797" count="1" type="cond" truecount="1" falsecount="1"/>
        <line num="1798" count="1" type="cond" truecount="1" falsecount="1"/>
        <line num="1799" count="1" type="stmt"/>
        <line num="1800" count="1" type="stmt"/>
        <line num="1801" count="1" type="stmt"/>
        <line num="1802" count="1" type="cond" truecount="2" falsecount="0"/>
        <line num="1803" count="1" type="cond" truecount="1" falsecount="1"/>
        <line num="1804" count="1" type="cond" truecount="1" falsecount="1"/>
        <line num="1805" count="1" type="cond" truecount="2" falsecount="2"/>
        <line num="1806" count="0" type="stmt"/>
        <line num="1808" count="1" type="stmt"/>
        <line num="1809" count="1" type="stmt"/>
        <line num="1813" count="1" type="cond" truecount="1" falsecount="1"/>
        <line num="1814" count="0" type="stmt"/>
        <line num="1816" count="0" type="stmt"/>
        <line num="1817" count="0" type="stmt"/>
        <line num="1820" count="0" type="cond" truecount="0" falsecount="2"/>
        <line num="1821" count="0" type="cond" truecount="0" falsecount="4"/>
        <line num="1822" count="0" type="stmt"/>
        <line num="1828" count="0" type="stmt"/>
        <line num="1830" count="0" type="stmt"/>
        <line num="1832" count="1" type="stmt"/>
        <line num="1834" count="1" type="cond" truecount="1" falsecount="3"/>
        <line num="1835" count="1" type="cond" truecount="1" falsecount="1"/>
        <line num="1837" count="1" type="stmt"/>
        <line num="1838" count="1" type="stmt"/>
        <line num="1841" count="1" type="stmt"/>
        <line num="1842" count="1" type="stmt"/>
        <line num="1843" count="1" type="stmt"/>
        <line num="1850" count="1" type="cond" truecount="1" falsecount="1"/>
        <line num="1851" count="1" type="cond" truecount="1" falsecount="1"/>
        <line num="1852" count="1" type="stmt"/>
        <line num="1853" count="1" type="stmt"/>
        <line num="1854" count="1" type="stmt"/>
        <line num="1857" count="1" type="stmt"/>
        <line num="1859" count="0" type="stmt"/>
        <line num="1860" count="0" type="stmt"/>
        <line num="1869" count="0" type="stmt"/>
        <line num="1870" count="0" type="stmt"/>
        <line num="1873" count="0" type="cond" truecount="0" falsecount="4"/>
        <line num="1882" count="0" type="cond" truecount="0" falsecount="2"/>
        <line num="1883" count="0" type="cond" truecount="0" falsecount="2"/>
        <line num="1888" count="0" type="stmt"/>
        <line num="1890" count="0" type="stmt"/>
        <line num="1891" count="0" type="stmt"/>
        <line num="1894" count="0" type="stmt"/>
        <line num="1895" count="0" type="stmt"/>
        <line num="1896" count="0" type="stmt"/>
        <line num="1897" count="0" type="cond" truecount="0" falsecount="2"/>
        <line num="1898" count="0" type="stmt"/>
        <line num="1899" count="0" type="stmt"/>
        <line num="1901" count="0" type="stmt"/>
        <line num="1904" count="0" type="stmt"/>
        <line num="1905" count="0" type="stmt"/>
        <line num="1906" count="0" type="stmt"/>
        <line num="1907" count="0" type="cond" truecount="0" falsecount="2"/>
        <line num="1908" count="0" type="stmt"/>
        <line num="1911" count="0" type="stmt"/>
        <line num="1912" count="0" type="stmt"/>
        <line num="1913" count="0" type="stmt"/>
        <line num="1916" count="0" type="stmt"/>
        <line num="1917" count="0" type="stmt"/>
        <line num="1918" count="0" type="stmt"/>
        <line num="1919" count="0" type="stmt"/>
        <line num="1921" count="0" type="stmt"/>
        <line num="1924" count="0" type="cond" truecount="0" falsecount="2"/>
        <line num="1925" count="0" type="stmt"/>
        <line num="1926" count="0" type="stmt"/>
        <line num="1927" count="0" type="stmt"/>
        <line num="1928" count="0" type="stmt"/>
        <line num="1930" count="0" type="stmt"/>
        <line num="1931" count="0" type="stmt"/>
        <line num="1932" count="0" type="stmt"/>
        <line num="1933" count="0" type="stmt"/>
        <line num="1934" count="0" type="stmt"/>
        <line num="1935" count="0" type="stmt"/>
        <line num="1937" count="0" type="stmt"/>
        <line num="1940" count="0" type="stmt"/>
        <line num="1941" count="0" type="stmt"/>
        <line num="1944" count="0" type="stmt"/>
        <line num="1945" count="0" type="stmt"/>
        <line num="1946" count="0" type="stmt"/>
        <line num="1947" count="0" type="cond" truecount="0" falsecount="2"/>
        <line num="1948" count="0" type="stmt"/>
        <line num="1949" count="0" type="stmt"/>
        <line num="1951" count="0" type="stmt"/>
        <line num="1959" count="1" type="stmt"/>
        <line num="1962" count="1" type="cond" truecount="1" falsecount="1"/>
        <line num="1965" count="0" type="cond" truecount="0" falsecount="2"/>
        <line num="1966" count="0" type="cond" truecount="0" falsecount="2"/>
        <line num="1967" count="0" type="stmt"/>
        <line num="1968" count="0" type="stmt"/>
        <line num="1969" count="0" type="stmt"/>
        <line num="1971" count="0" type="stmt"/>
        <line num="1972" count="0" type="stmt"/>
        <line num="1973" count="0" type="stmt"/>
        <line num="1974" count="0" type="stmt"/>
        <line num="1976" count="0" type="stmt"/>
        <line num="1977" count="0" type="stmt"/>
        <line num="1979" count="0" type="cond" truecount="0" falsecount="4"/>
        <line num="1982" count="0" type="cond" truecount="0" falsecount="2"/>
        <line num="1985" count="0" type="cond" truecount="0" falsecount="2"/>
        <line num="1987" count="0" type="cond" truecount="0" falsecount="2"/>
        <line num="1988" count="0" type="cond" truecount="0" falsecount="4"/>
        <line num="1989" count="0" type="stmt"/>
        <line num="1991" count="0" type="cond" truecount="0" falsecount="2"/>
        <line num="1993" count="0" type="cond" truecount="0" falsecount="5"/>
        <line num="1994" count="0" type="stmt"/>
        <line num="1996" count="0" type="cond" truecount="0" falsecount="2"/>
        <line num="1997" count="0" type="stmt"/>
        <line num="2001" count="0" type="stmt"/>
        <line num="2005" count="0" type="cond" truecount="0" falsecount="5"/>
        <line num="2006" count="0" type="stmt"/>
        <line num="2008" count="0" type="stmt"/>
        <line num="2009" count="0" type="cond" truecount="0" falsecount="2"/>
        <line num="2010" count="0" type="cond" truecount="0" falsecount="2"/>
        <line num="2011" count="0" type="cond" truecount="0" falsecount="5"/>
        <line num="2012" count="0" type="stmt"/>
        <line num="2014" count="0" type="stmt"/>
        <line num="2018" count="0" type="cond" truecount="0" falsecount="2"/>
        <line num="2019" count="0" type="stmt"/>
        <line num="2020" count="0" type="stmt"/>
        <line num="2023" count="0" type="cond" truecount="0" falsecount="2"/>
        <line num="2024" count="0" type="stmt"/>
        <line num="2025" count="0" type="stmt"/>
        <line num="2029" count="0" type="stmt"/>
        <line num="2032" count="0" type="stmt"/>
        <line num="2033" count="0" type="stmt"/>
        <line num="2034" count="0" type="cond" truecount="0" falsecount="2"/>
        <line num="2039" count="0" type="stmt"/>
        <line num="2040" count="0" type="cond" truecount="0" falsecount="4"/>
        <line num="2041" count="0" type="stmt"/>
        <line num="2044" count="0" type="cond" truecount="0" falsecount="2"/>
        <line num="2047" count="0" type="stmt"/>
        <line num="2086" count="0" type="stmt"/>
        <line num="2089" count="0" type="cond" truecount="0" falsecount="2"/>
        <line num="2090" count="0" type="stmt"/>
        <line num="2091" count="0" type="cond" truecount="0" falsecount="2"/>
        <line num="2096" count="0" type="stmt"/>
        <line num="2097" count="0" type="stmt"/>
        <line num="2098" count="0" type="stmt"/>
        <line num="2106" count="0" type="stmt"/>
        <line num="2114" count="1" type="stmt"/>
        <line num="2117" count="1" type="cond" truecount="1" falsecount="1"/>
        <line num="2120" count="0" type="stmt"/>
        <line num="2121" count="0" type="stmt"/>
        <line num="2122" count="0" type="cond" truecount="0" falsecount="2"/>
        <line num="2123" count="0" type="cond" truecount="0" falsecount="2"/>
        <line num="2124" count="0" type="stmt"/>
        <line num="2125" count="0" type="cond" truecount="0" falsecount="3"/>
        <line num="2127" count="0" type="cond" truecount="0" falsecount="4"/>
        <line num="2129" count="0" type="cond" truecount="0" falsecount="2"/>
        <line num="2130" count="0" type="stmt"/>
        <line num="2131" count="0" type="cond" truecount="0" falsecount="2"/>
        <line num="2132" count="0" type="stmt"/>
        <line num="2133" count="0" type="cond" truecount="0" falsecount="2"/>
        <line num="2136" count="0" type="stmt"/>
        <line num="2138" count="0" type="stmt"/>
        <line num="2139" count="0" type="stmt"/>
        <line num="2140" count="0" type="stmt"/>
        <line num="2141" count="0" type="cond" truecount="0" falsecount="2"/>
        <line num="2142" count="0" type="cond" truecount="0" falsecount="4"/>
        <line num="2143" count="0" type="cond" truecount="0" falsecount="2"/>
        <line num="2144" count="0" type="stmt"/>
        <line num="2148" count="0" type="cond" truecount="0" falsecount="3"/>
        <line num="2149" count="0" type="cond" truecount="0" falsecount="2"/>
        <line num="2153" count="0" type="cond" truecount="0" falsecount="6"/>
        <line num="2158" count="0" type="stmt"/>
        <line num="2161" count="0" type="stmt"/>
        <line num="2163" count="0" type="cond" truecount="0" falsecount="4"/>
        <line num="2166" count="0" type="stmt"/>
        <line num="2167" count="0" type="cond" truecount="0" falsecount="2"/>
        <line num="2168" count="0" type="cond" truecount="0" falsecount="4"/>
        <line num="2169" count="0" type="stmt"/>
        <line num="2170" count="0" type="cond" truecount="0" falsecount="2"/>
        <line num="2171" count="0" type="stmt"/>
        <line num="2175" count="0" type="stmt"/>
        <line num="2176" count="0" type="stmt"/>
        <line num="2177" count="0" type="stmt"/>
        <line num="2178" count="0" type="stmt"/>
        <line num="2187" count="0" type="stmt"/>
        <line num="2193" count="0" type="cond" truecount="0" falsecount="2"/>
        <line num="2196" count="0" type="cond" truecount="0" falsecount="6"/>
        <line num="2201" count="0" type="stmt"/>
        <line num="2204" count="0" type="stmt"/>
        <line num="2205" count="0" type="stmt"/>
        <line num="2206" count="0" type="cond" truecount="0" falsecount="2"/>
        <line num="2207" count="0" type="stmt"/>
        <line num="2209" count="0" type="cond" truecount="0" falsecount="5"/>
        <line num="2213" count="0" type="cond" truecount="0" falsecount="4"/>
        <line num="2214" count="0" type="stmt"/>
        <line num="2215" count="0" type="cond" truecount="0" falsecount="2"/>
        <line num="2216" count="0" type="cond" truecount="0" falsecount="2"/>
        <line num="2217" count="0" type="cond" truecount="0" falsecount="2"/>
        <line num="2219" count="0" type="stmt"/>
        <line num="2220" count="0" type="cond" truecount="0" falsecount="4"/>
        <line num="2225" count="0" type="stmt"/>
        <line num="2226" count="0" type="stmt"/>
        <line num="2235" count="0" type="stmt"/>
        <line num="2236" count="0" type="stmt"/>
        <line num="2237" count="0" type="stmt"/>
        <line num="2238" count="0" type="cond" truecount="0" falsecount="2"/>
        <line num="2240" count="0" type="cond" truecount="0" falsecount="6"/>
        <line num="2243" count="0" type="stmt"/>
        <line num="2249" count="0" type="stmt"/>
        <line num="2250" count="0" type="stmt"/>
        <line num="2251" count="0" type="stmt"/>
        <line num="2252" count="0" type="cond" truecount="0" falsecount="2"/>
        <line num="2254" count="0" type="cond" truecount="0" falsecount="5"/>
        <line num="2259" count="0" type="cond" truecount="0" falsecount="2"/>
        <line num="2260" count="0" type="cond" truecount="0" falsecount="2"/>
        <line num="2261" count="0" type="cond" truecount="0" falsecount="2"/>
        <line num="2262" count="0" type="stmt"/>
        <line num="2265" count="0" type="stmt"/>
        <line num="2267" count="0" type="stmt"/>
        <line num="2268" count="0" type="stmt"/>
        <line num="2270" count="0" type="stmt"/>
        <line num="2284" count="0" type="stmt"/>
        <line num="2285" count="0" type="stmt"/>
        <line num="2286" count="0" type="cond" truecount="0" falsecount="2"/>
        <line num="2288" count="0" type="cond" truecount="0" falsecount="5"/>
        <line num="2293" count="0" type="stmt"/>
        <line num="2294" count="0" type="cond" truecount="0" falsecount="2"/>
        <line num="2295" count="0" type="stmt"/>
        <line num="2296" count="0" type="stmt"/>
        <line num="2298" count="0" type="cond" truecount="0" falsecount="2"/>
        <line num="2299" count="0" type="stmt"/>
        <line num="2301" count="0" type="stmt"/>
        <line num="2302" count="0" type="stmt"/>
        <line num="2306" count="0" type="stmt"/>
        <line num="2307" count="0" type="stmt"/>
        <line num="2310" count="0" type="stmt"/>
        <line num="2325" count="0" type="stmt"/>
        <line num="2326" count="0" type="cond" truecount="0" falsecount="2"/>
        <line num="2329" count="0" type="stmt"/>
        <line num="2330" count="0" type="stmt"/>
        <line num="2331" count="0" type="cond" truecount="0" falsecount="2"/>
        <line num="2334" count="0" type="stmt"/>
        <line num="2337" count="0" type="stmt"/>
        <line num="2338" count="0" type="stmt"/>
        <line num="2339" count="0" type="stmt"/>
        <line num="2342" count="0" type="cond" truecount="0" falsecount="4"/>
        <line num="2343" count="0" type="cond" truecount="0" falsecount="2"/>
        <line num="2344" count="0" type="stmt"/>
        <line num="2345" count="0" type="cond" truecount="0" falsecount="2"/>
        <line num="2348" count="0" type="stmt"/>
        <line num="2351" count="0" type="stmt"/>
        <line num="2352" count="0" type="stmt"/>
        <line num="2353" count="0" type="stmt"/>
        <line num="2355" count="0" type="stmt"/>
        <line num="2356" count="0" type="stmt"/>
        <line num="2357" count="0" type="cond" truecount="0" falsecount="2"/>
        <line num="2359" count="0" type="stmt"/>
        <line num="2364" count="0" type="stmt"/>
        <line num="2368" count="0" type="cond" truecount="0" falsecount="2"/>
        <line num="2369" count="0" type="cond" truecount="0" falsecount="4"/>
        <line num="2370" count="0" type="cond" truecount="0" falsecount="2"/>
        <line num="2371" count="0" type="stmt"/>
        <line num="2375" count="0" type="cond" truecount="0" falsecount="3"/>
        <line num="2376" count="0" type="cond" truecount="0" falsecount="2"/>
        <line num="2380" count="0" type="cond" truecount="0" falsecount="5"/>
        <line num="2384" count="0" type="stmt"/>
        <line num="2387" count="0" type="stmt"/>
        <line num="2389" count="0" type="cond" truecount="0" falsecount="6"/>
        <line num="2394" count="0" type="cond" truecount="0" falsecount="2"/>
        <line num="2398" count="0" type="cond" truecount="0" falsecount="2"/>
        <line num="2399" count="0" type="cond" truecount="0" falsecount="4"/>
        <line num="2400" count="0" type="cond" truecount="0" falsecount="2"/>
        <line num="2403" count="0" type="cond" truecount="0" falsecount="2"/>
        <line num="2404" count="0" type="stmt"/>
        <line num="2408" count="0" type="cond" truecount="0" falsecount="2"/>
        <line num="2411" count="0" type="cond" truecount="0" falsecount="2"/>
        <line num="2412" count="0" type="stmt"/>
        <line num="2413" count="0" type="stmt"/>
        <line num="2414" count="0" type="stmt"/>
        <line num="2423" count="0" type="stmt"/>
        <line num="2429" count="0" type="cond" truecount="0" falsecount="2"/>
        <line num="2432" count="0" type="cond" truecount="0" falsecount="3"/>
        <line num="2435" count="0" type="stmt"/>
        <line num="2436" count="0" type="cond" truecount="0" falsecount="2"/>
        <line num="2440" count="0" type="cond" truecount="0" falsecount="2"/>
        <line num="2441" count="0" type="stmt"/>
        <line num="2442" count="0" type="cond" truecount="0" falsecount="5"/>
        <line num="2443" count="0" type="cond" truecount="0" falsecount="2"/>
        <line num="2447" count="0" type="cond" truecount="0" falsecount="2"/>
        <line num="2448" count="0" type="stmt"/>
        <line num="2450" count="0" type="cond" truecount="0" falsecount="4"/>
        <line num="2455" count="0" type="stmt"/>
        <line num="2456" count="0" type="stmt"/>
        <line num="2465" count="0" type="stmt"/>
        <line num="2466" count="0" type="stmt"/>
        <line num="2467" count="0" type="stmt"/>
        <line num="2468" count="0" type="stmt"/>
        <line num="2469" count="0" type="cond" truecount="0" falsecount="2"/>
        <line num="2470" count="0" type="stmt"/>
        <line num="2474" count="0" type="stmt"/>
        <line num="2476" count="0" type="cond" truecount="0" falsecount="2"/>
        <line num="2478" count="0" type="cond" truecount="0" falsecount="4"/>
        <line num="2481" count="0" type="cond" truecount="0" falsecount="4"/>
        <line num="2487" count="0" type="stmt"/>
        <line num="2488" count="0" type="stmt"/>
        <line num="2489" count="0" type="cond" truecount="0" falsecount="2"/>
        <line num="2493" count="0" type="cond" truecount="0" falsecount="2"/>
        <line num="2495" count="0" type="cond" truecount="0" falsecount="5"/>
        <line num="2500" count="0" type="cond" truecount="0" falsecount="2"/>
        <line num="2501" count="0" type="cond" truecount="0" falsecount="2"/>
        <line num="2502" count="0" type="cond" truecount="0" falsecount="2"/>
        <line num="2503" count="0" type="stmt"/>
        <line num="2506" count="0" type="stmt"/>
        <line num="2508" count="0" type="stmt"/>
        <line num="2509" count="0" type="stmt"/>
        <line num="2512" count="0" type="stmt"/>
        <line num="2526" count="0" type="stmt"/>
        <line num="2527" count="0" type="cond" truecount="0" falsecount="2"/>
        <line num="2531" count="0" type="cond" truecount="0" falsecount="2"/>
        <line num="2533" count="0" type="cond" truecount="0" falsecount="5"/>
        <line num="2539" count="0" type="stmt"/>
        <line num="2540" count="0" type="cond" truecount="0" falsecount="2"/>
        <line num="2541" count="0" type="stmt"/>
        <line num="2542" count="0" type="stmt"/>
        <line num="2543" count="0" type="stmt"/>
        <line num="2544" count="0" type="stmt"/>
        <line num="2545" count="0" type="stmt"/>
        <line num="2546" count="0" type="stmt"/>
        <line num="2549" count="0" type="stmt"/>
        <line num="2564" count="0" type="stmt"/>
        <line num="2567" count="0" type="cond" truecount="0" falsecount="5"/>
        <line num="2572" count="0" type="cond" truecount="0" falsecount="2"/>
        <line num="2575" count="0" type="stmt"/>
        <line num="2579" count="0" type="stmt"/>
        <line num="2580" count="0" type="cond" truecount="0" falsecount="2"/>
        <line num="2581" count="0" type="cond" truecount="0" falsecount="2"/>
        <line num="2582" count="0" type="cond" truecount="0" falsecount="5"/>
        <line num="2584" count="0" type="stmt"/>
        <line num="2586" count="0" type="cond" truecount="0" falsecount="2"/>
        <line num="2588" count="0" type="cond" truecount="0" falsecount="2"/>
        <line num="2589" count="0" type="cond" truecount="0" falsecount="3"/>
        <line num="2590" count="0" type="stmt"/>
        <line num="2592" count="0" type="stmt"/>
        <line num="2597" count="0" type="cond" truecount="0" falsecount="2"/>
        <line num="2600" count="0" type="cond" truecount="0" falsecount="2"/>
        <line num="2603" count="0" type="cond" truecount="0" falsecount="2"/>
        <line num="2605" count="0" type="cond" truecount="0" falsecount="2"/>
        <line num="2609" count="0" type="stmt"/>
        <line num="2610" count="0" type="stmt"/>
        <line num="2611" count="0" type="stmt"/>
        <line num="2612" count="0" type="cond" truecount="0" falsecount="4"/>
        <line num="2613" count="0" type="stmt"/>
        <line num="2617" count="0" type="cond" truecount="0" falsecount="4"/>
        <line num="2618" count="0" type="stmt"/>
        <line num="2621" count="0" type="stmt"/>
        <line num="2623" count="0" type="stmt"/>
        <line num="2626" count="0" type="stmt"/>
        <line num="2632" count="0" type="cond" truecount="0" falsecount="5"/>
        <line num="2637" count="0" type="stmt"/>
        <line num="2641" count="0" type="stmt"/>
        <line num="2642" count="0" type="cond" truecount="0" falsecount="2"/>
        <line num="2643" count="0" type="cond" truecount="0" falsecount="2"/>
        <line num="2644" count="0" type="stmt"/>
        <line num="2649" count="0" type="stmt"/>
        <line num="2651" count="0" type="stmt"/>
        <line num="2656" count="0" type="cond" truecount="0" falsecount="2"/>
        <line num="2659" count="0" type="cond" truecount="0" falsecount="2"/>
        <line num="2662" count="0" type="cond" truecount="0" falsecount="2"/>
        <line num="2663" count="0" type="cond" truecount="0" falsecount="2"/>
        <line num="2667" count="0" type="stmt"/>
        <line num="2668" count="0" type="stmt"/>
        <line num="2669" count="0" type="stmt"/>
        <line num="2670" count="0" type="cond" truecount="0" falsecount="4"/>
        <line num="2671" count="0" type="stmt"/>
        <line num="2675" count="0" type="cond" truecount="0" falsecount="4"/>
        <line num="2676" count="0" type="stmt"/>
        <line num="2679" count="0" type="stmt"/>
        <line num="2681" count="0" type="stmt"/>
        <line num="2684" count="0" type="stmt"/>
        <line num="2691" count="0" type="stmt"/>
        <line num="2694" count="0" type="cond" truecount="0" falsecount="2"/>
        <line num="2695" count="0" type="stmt"/>
        <line num="2696" count="0" type="stmt"/>
        <line num="2697" count="0" type="stmt"/>
        <line num="2699" count="0" type="stmt"/>
        <line num="2700" count="0" type="cond" truecount="0" falsecount="4"/>
        <line num="2701" count="0" type="stmt"/>
        <line num="2702" count="0" type="stmt"/>
        <line num="2703" count="0" type="stmt"/>
        <line num="2704" count="0" type="stmt"/>
        <line num="2705" count="0" type="stmt"/>
        <line num="2706" count="0" type="stmt"/>
        <line num="2707" count="0" type="stmt"/>
        <line num="2708" count="0" type="stmt"/>
        <line num="2710" count="0" type="stmt"/>
        <line num="2712" count="0" type="stmt"/>
        <line num="2716" count="0" type="stmt"/>
        <line num="2719" count="0" type="cond" truecount="0" falsecount="4"/>
        <line num="2720" count="0" type="cond" truecount="0" falsecount="2"/>
        <line num="2721" count="0" type="cond" truecount="0" falsecount="2"/>
        <line num="2723" count="0" type="cond" truecount="0" falsecount="2"/>
        <line num="2724" count="0" type="cond" truecount="0" falsecount="2"/>
        <line num="2725" count="0" type="cond" truecount="0" falsecount="2"/>
        <line num="2726" count="0" type="stmt"/>
        <line num="2727" count="0" type="cond" truecount="0" falsecount="2"/>
        <line num="2728" count="0" type="cond" truecount="0" falsecount="2"/>
        <line num="2729" count="0" type="stmt"/>
        <line num="2730" count="0" type="stmt"/>
        <line num="2735" count="0" type="stmt"/>
        <line num="2736" count="0" type="cond" truecount="0" falsecount="2"/>
        <line num="2737" count="0" type="stmt"/>
        <line num="2738" count="0" type="stmt"/>
        <line num="2739" count="0" type="stmt"/>
        <line num="2740" count="0" type="stmt"/>
        <line num="2741" count="0" type="stmt"/>
        <line num="2742" count="0" type="stmt"/>
        <line num="2743" count="0" type="stmt"/>
        <line num="2744" count="0" type="stmt"/>
        <line num="2745" count="0" type="stmt"/>
        <line num="2746" count="0" type="cond" truecount="0" falsecount="2"/>
        <line num="2749" count="0" type="cond" truecount="0" falsecount="2"/>
        <line num="2750" count="0" type="cond" truecount="0" falsecount="4"/>
        <line num="2751" count="0" type="cond" truecount="0" falsecount="2"/>
        <line num="2753" count="0" type="cond" truecount="0" falsecount="2"/>
        <line num="2756" count="0" type="stmt"/>
        <line num="2761" count="0" type="stmt"/>
        <line num="2763" count="0" type="stmt"/>
        <line num="2767" count="0" type="stmt"/>
        <line num="2774" count="0" type="stmt"/>
        <line num="2775" count="0" type="cond" truecount="0" falsecount="2"/>
        <line num="2776" count="0" type="cond" truecount="0" falsecount="2"/>
        <line num="2777" count="0" type="cond" truecount="0" falsecount="4"/>
        <line num="2783" count="0" type="cond" truecount="0" falsecount="6"/>
        <line num="2789" count="0" type="cond" truecount="0" falsecount="2"/>
        <line num="2791" count="0" type="stmt"/>
        <line num="2792" count="0" type="stmt"/>
        <line num="2795" count="0" type="stmt"/>
        <line num="2798" count="0" type="stmt"/>
        <line num="2799" count="0" type="stmt"/>
        <line num="2802" count="0" type="stmt"/>
        <line num="2805" count="0" type="stmt"/>
        <line num="2809" count="0" type="stmt"/>
        <line num="2810" count="0" type="cond" truecount="0" falsecount="2"/>
        <line num="2811" count="0" type="stmt"/>
        <line num="2813" count="0" type="stmt"/>
        <line num="2818" count="0" type="stmt"/>
        <line num="2819" count="0" type="stmt"/>
        <line num="2820" count="0" type="cond" truecount="0" falsecount="2"/>
        <line num="2822" count="0" type="cond" truecount="0" falsecount="2"/>
        <line num="2823" count="0" type="stmt"/>
        <line num="2824" count="0" type="stmt"/>
        <line num="2826" count="0" type="cond" truecount="0" falsecount="2"/>
        <line num="2827" count="0" type="cond" truecount="0" falsecount="2"/>
        <line num="2828" count="0" type="stmt"/>
        <line num="2838" count="0" type="stmt"/>
        <line num="2844" count="0" type="stmt"/>
        <line num="2845" count="0" type="cond" truecount="0" falsecount="2"/>
        <line num="2846" count="0" type="stmt"/>
        <line num="2850" count="0" type="stmt"/>
        <line num="2851" count="0" type="cond" truecount="0" falsecount="2"/>
        <line num="2852" count="0" type="stmt"/>
        <line num="2860" count="0" type="cond" truecount="0" falsecount="2"/>
        <line num="2861" count="0" type="stmt"/>
        <line num="2862" count="0" type="cond" truecount="0" falsecount="2"/>
        <line num="2863" count="0" type="cond" truecount="0" falsecount="4"/>
        <line num="2864" count="0" type="stmt"/>
        <line num="2865" count="0" type="cond" truecount="0" falsecount="3"/>
        <line num="2867" count="0" type="cond" truecount="0" falsecount="2"/>
        <line num="2868" count="0" type="cond" truecount="0" falsecount="3"/>
        <line num="2870" count="0" type="cond" truecount="0" falsecount="2"/>
        <line num="2871" count="0" type="cond" truecount="0" falsecount="2"/>
        <line num="2872" count="0" type="stmt"/>
        <line num="2880" count="0" type="stmt"/>
        <line num="2881" count="0" type="cond" truecount="0" falsecount="2"/>
        <line num="2883" count="0" type="stmt"/>
        <line num="2885" count="0" type="stmt"/>
        <line num="2887" count="0" type="stmt"/>
        <line num="2888" count="0" type="cond" truecount="0" falsecount="4"/>
        <line num="2889" count="0" type="cond" truecount="0" falsecount="2"/>
        <line num="2891" count="0" type="stmt"/>
        <line num="2892" count="0" type="cond" truecount="0" falsecount="2"/>
        <line num="2893" count="0" type="cond" truecount="0" falsecount="2"/>
        <line num="2894" count="0" type="cond" truecount="0" falsecount="4"/>
        <line num="2895" count="0" type="stmt"/>
        <line num="2897" count="0" type="stmt"/>
        <line num="2898" count="0" type="stmt"/>
        <line num="2899" count="0" type="cond" truecount="0" falsecount="2"/>
        <line num="2900" count="0" type="cond" truecount="0" falsecount="2"/>
        <line num="2901" count="0" type="stmt"/>
        <line num="2903" count="0" type="stmt"/>
        <line num="2904" count="0" type="cond" truecount="0" falsecount="2"/>
        <line num="2905" count="0" type="stmt"/>
        <line num="2910" count="0" type="stmt"/>
        <line num="2911" count="0" type="stmt"/>
        <line num="2912" count="0" type="stmt"/>
        <line num="2924" count="0" type="cond" truecount="0" falsecount="2"/>
        <line num="2925" count="0" type="stmt"/>
        <line num="2926" count="0" type="stmt"/>
        <line num="2927" count="0" type="stmt"/>
        <line num="2929" count="0" type="stmt"/>
        <line num="2933" count="0" type="stmt"/>
        <line num="2934" count="0" type="stmt"/>
        <line num="2935" count="0" type="stmt"/>
        <line num="2936" count="0" type="cond" truecount="0" falsecount="2"/>
        <line num="2938" count="0" type="stmt"/>
        <line num="2939" count="0" type="cond" truecount="0" falsecount="2"/>
        <line num="2942" count="0" type="stmt"/>
        <line num="2943" count="0" type="stmt"/>
        <line num="2944" count="0" type="cond" truecount="0" falsecount="2"/>
        <line num="2957" count="3" type="cond" truecount="1" falsecount="1"/>
        <line num="2958" count="0" type="stmt"/>
        <line num="2963" count="3" type="stmt"/>
        <line num="2964" count="3" type="stmt"/>
        <line num="2965" count="3" type="cond" truecount="1" falsecount="1"/>
        <line num="2966" count="3" type="stmt"/>
        <line num="2967" count="3" type="cond" truecount="2" falsecount="0"/>
        <line num="2968" count="3" type="stmt"/>
        <line num="2976" count="0" type="stmt"/>
        <line num="2980" count="1" type="stmt"/>
        <line num="2981" count="1" type="stmt"/>
        <line num="2982" count="1" type="stmt"/>
        <line num="2983" count="1" type="cond" truecount="1" falsecount="1"/>
        <line num="2984" count="0" type="stmt"/>
        <line num="2985" count="0" type="stmt"/>
        <line num="2986" count="0" type="stmt"/>
        <line num="2987" count="0" type="cond" truecount="0" falsecount="2"/>
        <line num="2988" count="0" type="cond" truecount="0" falsecount="2"/>
        <line num="2989" count="0" type="stmt"/>
        <line num="2992" count="0" type="stmt"/>
        <line num="2993" count="0" type="stmt"/>
        <line num="3001" count="1" type="cond" truecount="3" falsecount="1"/>
        <line num="3002" count="1" type="stmt"/>
        <line num="3017" count="2" type="cond" truecount="2" falsecount="2"/>
        <line num="3018" count="0" type="stmt"/>
        <line num="3019" count="0" type="stmt"/>
        <line num="3021" count="2" type="stmt"/>
        <line num="3022" count="2" type="stmt"/>
        <line num="3026" count="2" type="cond" truecount="1" falsecount="1"/>
        <line num="3027" count="0" type="stmt"/>
        <line num="3028" count="0" type="stmt"/>
        <line num="3030" count="2" type="stmt"/>
        <line num="3031" count="2" type="cond" truecount="1" falsecount="1"/>
        <line num="3032" count="2" type="stmt"/>
        <line num="3033" count="2" type="stmt"/>
        <line num="3035" count="0" type="stmt"/>
        <line num="3036" count="0" type="stmt"/>
        <line num="3041" count="2" type="stmt"/>
        <line num="3042" count="2" type="cond" truecount="1" falsecount="1"/>
        <line num="3044" count="2" type="stmt"/>
        <line num="3046" count="2" type="stmt"/>
        <line num="3047" count="0" type="stmt"/>
        <line num="3048" count="0" type="cond" truecount="0" falsecount="3"/>
        <line num="3049" count="0" type="stmt"/>
        <line num="3051" count="0" type="stmt"/>
        <line num="3055" count="2" type="stmt"/>
        <line num="3056" count="2" type="stmt"/>
        <line num="3057" count="2" type="cond" truecount="1" falsecount="1"/>
        <line num="3059" count="0" type="stmt"/>
        <line num="3060" count="0" type="stmt"/>
        <line num="3061" count="0" type="cond" truecount="0" falsecount="2"/>
        <line num="3062" count="0" type="stmt"/>
        <line num="3063" count="0" type="stmt"/>
        <line num="3064" count="0" type="cond" truecount="0" falsecount="3"/>
        <line num="3065" count="0" type="cond" truecount="0" falsecount="3"/>
        <line num="3066" count="0" type="stmt"/>
        <line num="3074" count="2" type="stmt"/>
        <line num="3092" count="4" type="cond" truecount="1" falsecount="1"/>
        <line num="3093" count="0" type="stmt"/>
        <line num="3094" count="0" type="cond" truecount="0" falsecount="2"/>
        <line num="3096" count="0" type="stmt"/>
        <line num="3098" count="0" type="stmt"/>
        <line num="3099" count="0" type="stmt"/>
        <line num="3100" count="0" type="cond" truecount="0" falsecount="2"/>
        <line num="3102" count="0" type="cond" truecount="0" falsecount="2"/>
        <line num="3103" count="0" type="stmt"/>
        <line num="3104" count="0" type="stmt"/>
        <line num="3105" count="0" type="stmt"/>
        <line num="3106" count="0" type="stmt"/>
        <line num="3110" count="0" type="stmt"/>
        <line num="3111" count="0" type="stmt"/>
        <line num="3113" count="0" type="stmt"/>
        <line num="3115" count="0" type="stmt"/>
        <line num="3117" count="0" type="stmt"/>
        <line num="3118" count="0" type="cond" truecount="0" falsecount="2"/>
        <line num="3119" count="0" type="stmt"/>
        <line num="3121" count="0" type="stmt"/>
        <line num="3130" count="4" type="cond" truecount="2" falsecount="0"/>
        <line num="3133" count="4" type="cond" truecount="1" falsecount="1"/>
        <line num="3135" count="4" type="cond" truecount="2" falsecount="0"/>
        <line num="3138" count="4" type="cond" truecount="1" falsecount="1"/>
        <line num="3139" count="4" type="cond" truecount="2" falsecount="0"/>
        <line num="3140" count="4" type="stmt"/>
        <line num="3142" count="4" type="stmt"/>
        <line num="3143" count="4" type="cond" truecount="1" falsecount="1"/>
        <line num="3144" count="4" type="cond" truecount="2" falsecount="0"/>
        <line num="3145" count="3" type="stmt"/>
        <line num="3146" count="3" type="stmt"/>
        <line num="3148" count="3" type="stmt"/>
        <line num="3151" count="4" type="cond" truecount="1" falsecount="1"/>
        <line num="3152" count="4" type="stmt"/>
        <line num="3158" count="0" type="stmt"/>
        <line num="3161" count="0" type="stmt"/>
        <line num="3166" count="2" type="stmt"/>
        <line num="3167" count="2" type="cond" truecount="1" falsecount="1"/>
        <line num="3168" count="2" type="stmt"/>
        <line num="3182" count="2" type="stmt"/>
        <line num="3187" count="0" type="cond" truecount="0" falsecount="4"/>
        <line num="3188" count="0" type="stmt"/>
        <line num="3197" count="0" type="stmt"/>
        <line num="3198" count="0" type="cond" truecount="0" falsecount="2"/>
        <line num="3199" count="0" type="stmt"/>
        <line num="3200" count="0" type="stmt"/>
        <line num="3201" count="0" type="stmt"/>
        <line num="3202" count="0" type="stmt"/>
        <line num="3203" count="0" type="stmt"/>
        <line num="3204" count="0" type="stmt"/>
        <line num="3205" count="0" type="stmt"/>
        <line num="3207" count="0" type="stmt"/>
        <line num="3208" count="0" type="stmt"/>
        <line num="3209" count="0" type="stmt"/>
        <line num="3210" count="0" type="stmt"/>
        <line num="3211" count="0" type="stmt"/>
        <line num="3212" count="0" type="stmt"/>
        <line num="3213" count="0" type="stmt"/>
        <line num="3214" count="0" type="cond" truecount="0" falsecount="2"/>
        <line num="3215" count="0" type="cond" truecount="0" falsecount="2"/>
        <line num="3216" count="0" type="stmt"/>
        <line num="3217" count="0" type="stmt"/>
        <line num="3218" count="0" type="stmt"/>
        <line num="3219" count="0" type="stmt"/>
        <line num="3220" count="0" type="stmt"/>
        <line num="3225" count="1" type="stmt"/>
        <line num="3226" count="1" type="stmt"/>
        <line num="3227" count="1" type="cond" truecount="1" falsecount="1"/>
        <line num="3228" count="0" type="stmt"/>
        <line num="3229" count="0" type="stmt"/>
        <line num="3230" count="0" type="stmt"/>
        <line num="3231" count="0" type="stmt"/>
        <line num="3232" count="0" type="stmt"/>
        <line num="3233" count="0" type="stmt"/>
        <line num="3236" count="0" type="stmt"/>
        <line num="3237" count="0" type="cond" truecount="0" falsecount="2"/>
        <line num="3238" count="0" type="stmt"/>
        <line num="3239" count="0" type="stmt"/>
        <line num="3241" count="0" type="stmt"/>
        <line num="3242" count="0" type="stmt"/>
        <line num="3250" count="0" type="cond" truecount="0" falsecount="2"/>
        <line num="3251" count="0" type="stmt"/>
        <line num="3252" count="0" type="cond" truecount="0" falsecount="2"/>
        <line num="3254" count="0" type="stmt"/>
        <line num="3255" count="0" type="stmt"/>
        <line num="3256" count="0" type="cond" truecount="0" falsecount="2"/>
        <line num="3257" count="0" type="stmt"/>
        <line num="3259" count="0" type="stmt"/>
        <line num="3260" count="0" type="cond" truecount="0" falsecount="2"/>
      </file>
    </package>
  </project>
</coverage>
