{"/home/runner/work/servitech/servitech/frontend/assets/js/admin-common.js": {"path":"/home/runner/work/servitech/servitech/frontend/assets/js/admin-common.js","statementMap":{"0":{"start":{"line":2,"column":0},"end":{"line":28,"column":5}},"1":{"start":{"line":4,"column":4},"end":{"line":4,"column":23}},"2":{"start":{"line":4,"column":16},"end":{"line":4,"column":23}},"3":{"start":{"line":5,"column":4},"end":{"line":5,"column":30}},"4":{"start":{"line":6,"column":4},"end":{"line":21,"column":7}},"5":{"start":{"line":7,"column":6},"end":{"line":20,"column":7}},"6":{"start":{"line":8,"column":20},"end":{"line":8,"column":74}},"7":{"start":{"line":9,"column":8},"end":{"line":17,"column":11}},"8":{"start":{"line":10,"column":10},"end":{"line":16,"column":11}},"9":{"start":{"line":11,"column":24},"end":{"line":11,"column":55}},"10":{"start":{"line":12,"column":12},"end":{"line":12,"column":34}},"11":{"start":{"line":13,"column":12},"end":{"line":13,"column":33}},"12":{"start":{"line":14,"column":12},"end":{"line":14,"column":32}},"13":{"start":{"line":15,"column":12},"end":{"line":15,"column":33}},"14":{"start":{"line":25,"column":2},"end":{"line":27,"column":4}}},"fnMap":{"0":{"name":"(anonymous_0)","decl":{"start":{"line":2,"column":1},"end":{"line":2,"column":2}},"loc":{"start":{"line":2,"column":13},"end":{"line":28,"column":1}},"line":2},"1":{"name":"injectCsrf","decl":{"start":{"line":3,"column":11},"end":{"line":3,"column":21}},"loc":{"start":{"line":3,"column":29},"end":{"line":22,"column":3}},"line":3},"2":{"name":"(anonymous_2)","decl":{"start":{"line":6,"column":50},"end":{"line":6,"column":51}},"loc":{"start":{"line":6,"column":62},"end":{"line":21,"column":5}},"line":6},"3":{"name":"(anonymous_3)","decl":{"start":{"line":9,"column":22},"end":{"line":9,"column":23}},"loc":{"start":{"line":9,"column":35},"end":{"line":17,"column":9}},"line":9}},"branchMap":{"0":{"loc":{"start":{"line":4,"column":4},"end":{"line":4,"column":23}},"type":"if","locations":[{"start":{"line":4,"column":4},"end":{"line":4,"column":23}},{"start":{},"end":{}}],"line":4},"1":{"loc":{"start":{"line":10,"column":10},"end":{"line":16,"column":11}},"type":"if","locations":[{"start":{"line":10,"column":10},"end":{"line":16,"column":11}},{"start":{},"end":{}}],"line":10}},"s":{"0":2,"1":2,"2":1,"3":1,"4":1,"5":1,"6":1,"7":1,"8":1,"9":1,"10":1,"11":1,"12":1,"13":1,"14":2},"f":{"0":2,"1":2,"2":1,"3":1},"b":{"0":[1,1],"1":[1,0]},"_coverageSchema":"1a1c01bbd47fc00a2c39e90264f33305004495a9","hash":"160e2dc8a7815c0a59df242e0ce4f166a8c8cc5d"}
,"/home/runner/work/servitech/servitech/frontend/assets/js/expertos.js": {"path":"/home/runner/work/servitech/servitech/frontend/assets/js/expertos.js","statementMap":{"0":{"start":{"line":5,"column":0},"end":{"line":29,"column":3}},"1":{"start":{"line":6,"column":21},"end":{"line":6,"column":58}},"2":{"start":{"line":8,"column":2},"end":{"line":28,"column":3}},"3":{"start":{"line":9,"column":4},"end":{"line":27,"column":7}},"4":{"start":{"line":11,"column":6},"end":{"line":11,"column":29}},"5":{"start":{"line":14,"column":23},"end":{"line":14,"column":47}},"6":{"start":{"line":15,"column":21},"end":{"line":15,"column":42}},"7":{"start":{"line":18,"column":6},"end":{"line":23,"column":7}},"8":{"start":{"line":20,"column":8},"end":{"line":22,"column":9}},"9":{"start":{"line":21,"column":10},"end":{"line":21,"column":36}},"10":{"start":{"line":26,"column":6},"end":{"line":26,"column":67}},"11":{"start":{"line":32,"column":0},"end":{"line":79,"column":3}},"12":{"start":{"line":33,"column":23},"end":{"line":33,"column":60}},"13":{"start":{"line":34,"column":2},"end":{"line":34,"column":28}},"14":{"start":{"line":34,"column":21},"end":{"line":34,"column":28}},"15":{"start":{"line":37,"column":17},"end":{"line":37,"column":56}},"16":{"start":{"line":40,"column":16},"end":{"line":40,"column":45}},"17":{"start":{"line":41,"column":19},"end":{"line":41,"column":35}},"18":{"start":{"line":42,"column":4},"end":{"line":42,"column":40}},"19":{"start":{"line":44,"column":4},"end":{"line":44,"column":50}},"20":{"start":{"line":47,"column":2},"end":{"line":78,"column":5}},"21":{"start":{"line":48,"column":16},"end":{"line":48,"column":44}},"22":{"start":{"line":49,"column":4},"end":{"line":49,"column":21}},"23":{"start":{"line":49,"column":14},"end":{"line":49,"column":21}},"24":{"start":{"line":50,"column":4},"end":{"line":50,"column":51}},"25":{"start":{"line":50,"column":44},"end":{"line":50,"column":51}},"26":{"start":{"line":53,"column":4},"end":{"line":60,"column":5}},"27":{"start":{"line":55,"column":18},"end":{"line":55,"column":47}},"28":{"start":{"line":56,"column":18},"end":{"line":56,"column":67}},"29":{"start":{"line":57,"column":19},"end":{"line":57,"column":39}},"30":{"start":{"line":58,"column":6},"end":{"line":58,"column":44}},"31":{"start":{"line":59,"column":6},"end":{"line":59,"column":13}},"32":{"start":{"line":61,"column":4},"end":{"line":67,"column":5}},"33":{"start":{"line":62,"column":18},"end":{"line":62,"column":47}},"34":{"start":{"line":63,"column":18},"end":{"line":63,"column":67}},"35":{"start":{"line":64,"column":19},"end":{"line":64,"column":26}},"36":{"start":{"line":65,"column":6},"end":{"line":65,"column":44}},"37":{"start":{"line":66,"column":6},"end":{"line":66,"column":13}},"38":{"start":{"line":68,"column":4},"end":{"line":77,"column":5}},"39":{"start":{"line":69,"column":25},"end":{"line":72,"column":7}},"40":{"start":{"line":73,"column":6},"end":{"line":75,"column":7}},"41":{"start":{"line":74,"column":8},"end":{"line":74,"column":52}},"42":{"start":{"line":76,"column":6},"end":{"line":76,"column":13}},"43":{"start":{"line":83,"column":2},"end":{"line":95,"column":3}},"44":{"start":{"line":84,"column":4},"end":{"line":84,"column":48}},"45":{"start":{"line":84,"column":41},"end":{"line":84,"column":48}},"46":{"start":{"line":85,"column":4},"end":{"line":85,"column":43}},"47":{"start":{"line":86,"column":13},"end":{"line":86,"column":43}},"48":{"start":{"line":87,"column":4},"end":{"line":92,"column":7}},"49":{"start":{"line":88,"column":6},"end":{"line":91,"column":23}},"50":{"start":{"line":89,"column":8},"end":{"line":89,"column":69}},"51":{"start":{"line":90,"column":8},"end":{"line":90,"column":33}},"52":{"start":{"line":98,"column":0},"end":{"line":98,"column":61}},"53":{"start":{"line":101,"column":0},"end":{"line":106,"column":14}},"54":{"start":{"line":102,"column":2},"end":{"line":105,"column":3}},"55":{"start":{"line":103,"column":4},"end":{"line":103,"column":42}},"56":{"start":{"line":104,"column":4},"end":{"line":104,"column":49}}},"fnMap":{"0":{"name":"(anonymous_0)","decl":{"start":{"line":5,"column":46},"end":{"line":5,"column":47}},"loc":{"start":{"line":5,"column":52},"end":{"line":29,"column":1}},"line":5},"1":{"name":"(anonymous_1)","decl":{"start":{"line":9,"column":42},"end":{"line":9,"column":43}},"loc":{"start":{"line":9,"column":53},"end":{"line":27,"column":5}},"line":9},"2":{"name":"(anonymous_2)","decl":{"start":{"line":32,"column":46},"end":{"line":32,"column":47}},"loc":{"start":{"line":32,"column":52},"end":{"line":79,"column":1}},"line":32},"3":{"name":"buildUrl","decl":{"start":{"line":39,"column":11},"end":{"line":39,"column":19}},"loc":{"start":{"line":39,"column":29},"end":{"line":45,"column":3}},"line":39},"4":{"name":"(anonymous_4)","decl":{"start":{"line":47,"column":41},"end":{"line":47,"column":42}},"loc":{"start":{"line":47,"column":54},"end":{"line":78,"column":3}},"line":47},"5":{"name":"initSseReload","decl":{"start":{"line":82,"column":9},"end":{"line":82,"column":22}},"loc":{"start":{"line":82,"column":25},"end":{"line":96,"column":1}},"line":82},"6":{"name":"(anonymous_6)","decl":{"start":{"line":87,"column":43},"end":{"line":87,"column":44}},"loc":{"start":{"line":87,"column":56},"end":{"line":92,"column":5}},"line":87}},"branchMap":{"0":{"loc":{"start":{"line":8,"column":2},"end":{"line":28,"column":3}},"type":"if","locations":[{"start":{"line":8,"column":2},"end":{"line":28,"column":3}},{"start":{},"end":{}}],"line":8},"1":{"loc":{"start":{"line":20,"column":8},"end":{"line":22,"column":9}},"type":"if","locations":[{"start":{"line":20,"column":8},"end":{"line":22,"column":9}},{"start":{},"end":{}}],"line":20},"2":{"loc":{"start":{"line":34,"column":2},"end":{"line":34,"column":28}},"type":"if","locations":[{"start":{"line":34,"column":2},"end":{"line":34,"column":28}},{"start":{},"end":{}}],"line":34},"3":{"loc":{"start":{"line":49,"column":4},"end":{"line":49,"column":21}},"type":"if","locations":[{"start":{"line":49,"column":4},"end":{"line":49,"column":21}},{"start":{},"end":{}}],"line":49},"4":{"loc":{"start":{"line":50,"column":4},"end":{"line":50,"column":51}},"type":"if","locations":[{"start":{"line":50,"column":4},"end":{"line":50,"column":51}},{"start":{},"end":{}}],"line":50},"5":{"loc":{"start":{"line":53,"column":4},"end":{"line":60,"column":5}},"type":"if","locations":[{"start":{"line":53,"column":4},"end":{"line":60,"column":5}},{"start":{},"end":{}}],"line":53},"6":{"loc":{"start":{"line":56,"column":27},"end":{"line":56,"column":62}},"type":"binary-expr","locations":[{"start":{"line":56,"column":27},"end":{"line":56,"column":55}},{"start":{"line":56,"column":59},"end":{"line":56,"column":62}}],"line":56},"7":{"loc":{"start":{"line":61,"column":4},"end":{"line":67,"column":5}},"type":"if","locations":[{"start":{"line":61,"column":4},"end":{"line":67,"column":5}},{"start":{},"end":{}}],"line":61},"8":{"loc":{"start":{"line":63,"column":27},"end":{"line":63,"column":62}},"type":"binary-expr","locations":[{"start":{"line":63,"column":27},"end":{"line":63,"column":55}},{"start":{"line":63,"column":59},"end":{"line":63,"column":62}}],"line":63},"9":{"loc":{"start":{"line":68,"column":4},"end":{"line":77,"column":5}},"type":"if","locations":[{"start":{"line":68,"column":4},"end":{"line":77,"column":5}},{"start":{},"end":{}}],"line":68},"10":{"loc":{"start":{"line":73,"column":6},"end":{"line":75,"column":7}},"type":"if","locations":[{"start":{"line":73,"column":6},"end":{"line":75,"column":7}},{"start":{},"end":{}}],"line":73},"11":{"loc":{"start":{"line":84,"column":4},"end":{"line":84,"column":48}},"type":"if","locations":[{"start":{"line":84,"column":4},"end":{"line":84,"column":48}},{"start":{},"end":{}}],"line":84},"12":{"loc":{"start":{"line":102,"column":2},"end":{"line":105,"column":3}},"type":"if","locations":[{"start":{"line":102,"column":2},"end":{"line":105,"column":3}},{"start":{},"end":{}}],"line":102},"13":{"loc":{"start":{"line":102,"column":6},"end":{"line":102,"column":53}},"type":"binary-expr","locations":[{"start":{"line":102,"column":6},"end":{"line":102,"column":35}},{"start":{"line":102,"column":39},"end":{"line":102,"column":53}}],"line":102},"14":{"loc":{"start":{"line":103,"column":21},"end":{"line":103,"column":41}},"type":"binary-expr","locations":[{"start":{"line":103,"column":21},"end":{"line":103,"column":35}},{"start":{"line":103,"column":39},"end":{"line":103,"column":41}}],"line":103}},"s":{"0":2,"1":0,"2":0,"3":0,"4":0,"5":0,"6":0,"7":0,"8":0,"9":0,"10":0,"11":2,"12":0,"13":0,"14":0,"15":0,"16":0,"17":0,"18":0,"19":0,"20":0,"21":0,"22":0,"23":0,"24":0,"25":0,"26":0,"27":0,"28":0,"29":0,"30":0,"31":0,"32":0,"33":0,"34":0,"35":0,"36":0,"37":0,"38":0,"39":0,"40":0,"41":0,"42":0,"43":3,"44":3,"45":1,"46":2,"47":2,"48":0,"49":0,"50":0,"51":0,"52":2,"53":2,"54":2,"55":2,"56":2},"f":{"0":0,"1":0,"2":0,"3":0,"4":0,"5":3,"6":0},"b":{"0":[0,0],"1":[0,0],"2":[0,0],"3":[0,0],"4":[0,0],"5":[0,0],"6":[0,0],"7":[0,0],"8":[0,0],"9":[0,0],"10":[0,0],"11":[1,2],"12":[2,0],"13":[2,2],"14":[2,0]},"_coverageSchema":"1a1c01bbd47fc00a2c39e90264f33305004495a9","hash":"366759eb66acdd130d2e599bc028b75be7c201c6"}
,"/home/runner/work/servitech/servitech/frontend/assets/js/misAsesorias.js": {"path":"/home/runner/work/servitech/servitech/frontend/assets/js/misAsesorias.js","statementMap":{"0":{"start":{"line":6,"column":2},"end":{"line":16,"column":3}},"1":{"start":{"line":7,"column":18},"end":{"line":7,"column":47}},"2":{"start":{"line":8,"column":24},"end":{"line":8,"column":59}},"3":{"start":{"line":9,"column":4},"end":{"line":12,"column":5}},"4":{"start":{"line":10,"column":6},"end":{"line":10,"column":45}},"5":{"start":{"line":11,"column":6},"end":{"line":11,"column":40}},"6":{"start":{"line":14,"column":4},"end":{"line":14,"column":43}},"7":{"start":{"line":15,"column":4},"end":{"line":15,"column":12}},"8":{"start":{"line":23,"column":16},"end":{"line":23,"column":20}},"9":{"start":{"line":24,"column":10},"end":{"line":24,"column":19}},"10":{"start":{"line":26,"column":2},"end":{"line":34,"column":3}},"11":{"start":{"line":27,"column":15},"end":{"line":27,"column":62}},"12":{"start":{"line":28,"column":4},"end":{"line":28,"column":20}},"13":{"start":{"line":28,"column":13},"end":{"line":28,"column":20}},"14":{"start":{"line":29,"column":17},"end":{"line":29,"column":43}},"15":{"start":{"line":30,"column":4},"end":{"line":30,"column":39}},"16":{"start":{"line":31,"column":4},"end":{"line":31,"column":39}},"17":{"start":{"line":38,"column":0},"end":{"line":44,"column":14}},"18":{"start":{"line":39,"column":2},"end":{"line":43,"column":3}},"19":{"start":{"line":40,"column":4},"end":{"line":40,"column":42}},"20":{"start":{"line":41,"column":4},"end":{"line":41,"column":53}},"21":{"start":{"line":42,"column":4},"end":{"line":42,"column":81}},"22":{"start":{"line":45,"column":22},"end":{"line":45,"column":63}},"23":{"start":{"line":51,"column":2},"end":{"line":57,"column":4}},"24":{"start":{"line":62,"column":2},"end":{"line":62,"column":69}},"25":{"start":{"line":67,"column":18},"end":{"line":67,"column":40}},"26":{"start":{"line":68,"column":19},"end":{"line":68,"column":47}},"27":{"start":{"line":69,"column":16},"end":{"line":69,"column":52}},"28":{"start":{"line":70,"column":15},"end":{"line":73,"column":4}},"29":{"start":{"line":75,"column":18},"end":{"line":79,"column":8}},"30":{"start":{"line":80,"column":17},"end":{"line":80,"column":46}},"31":{"start":{"line":82,"column":4},"end":{"line":82,"column":59}},"32":{"start":{"line":86,"column":25},"end":{"line":86,"column":318}},"33":{"start":{"line":88,"column":2},"end":{"line":119,"column":4}},"34":{"start":{"line":126,"column":2},"end":{"line":130,"column":3}},"35":{"start":{"line":127,"column":4},"end":{"line":128,"column":81}},"36":{"start":{"line":129,"column":4},"end":{"line":129,"column":11}},"37":{"start":{"line":131,"column":2},"end":{"line":131,"column":80}},"38":{"start":{"line":132,"column":2},"end":{"line":153,"column":3}},"39":{"start":{"line":133,"column":16},"end":{"line":133,"column":77}},"40":{"start":{"line":134,"column":17},"end":{"line":134,"column":33}},"41":{"start":{"line":137,"column":4},"end":{"line":141,"column":5}},"42":{"start":{"line":138,"column":6},"end":{"line":139,"column":78}},"43":{"start":{"line":140,"column":6},"end":{"line":140,"column":13}},"44":{"start":{"line":142,"column":4},"end":{"line":146,"column":5}},"45":{"start":{"line":143,"column":6},"end":{"line":144,"column":81}},"46":{"start":{"line":145,"column":6},"end":{"line":145,"column":13}},"47":{"start":{"line":149,"column":4},"end":{"line":149,"column":73}},"48":{"start":{"line":151,"column":4},"end":{"line":152,"column":73}},"49":{"start":{"line":159,"column":0},"end":{"line":163,"column":2}},"50":{"start":{"line":160,"column":2},"end":{"line":160,"column":69}},"51":{"start":{"line":161,"column":2},"end":{"line":161,"column":65}},"52":{"start":{"line":165,"column":0},"end":{"line":186,"column":2}},"53":{"start":{"line":166,"column":15},"end":{"line":183,"column":3}},"54":{"start":{"line":184,"column":2},"end":{"line":184,"column":63}},"55":{"start":{"line":185,"column":2},"end":{"line":185,"column":65}},"56":{"start":{"line":191,"column":0},"end":{"line":195,"column":3}},"57":{"start":{"line":192,"column":2},"end":{"line":192,"column":20}},"58":{"start":{"line":193,"column":2},"end":{"line":193,"column":34}},"59":{"start":{"line":194,"column":2},"end":{"line":194,"column":20}},"60":{"start":{"line":201,"column":2},"end":{"line":201,"column":65}},"61":{"start":{"line":204,"column":0},"end":{"line":221,"column":5}},"62":{"start":{"line":207,"column":4},"end":{"line":207,"column":23}},"63":{"start":{"line":208,"column":18},"end":{"line":208,"column":63}},"64":{"start":{"line":209,"column":4},"end":{"line":220,"column":5}},"65":{"start":{"line":210,"column":24},"end":{"line":210,"column":68}},"66":{"start":{"line":211,"column":18},"end":{"line":211,"column":47}},"67":{"start":{"line":212,"column":6},"end":{"line":212,"column":48}},"68":{"start":{"line":213,"column":6},"end":{"line":216,"column":17}},"69":{"start":{"line":217,"column":6},"end":{"line":217,"column":33}},"70":{"start":{"line":218,"column":6},"end":{"line":218,"column":57}},"71":{"start":{"line":219,"column":6},"end":{"line":219,"column":51}},"72":{"start":{"line":224,"column":2},"end":{"line":224,"column":65}},"73":{"start":{"line":230,"column":0},"end":{"line":289,"column":3}},"74":{"start":{"line":232,"column":24},"end":{"line":232,"column":67}},"75":{"start":{"line":233,"column":2},"end":{"line":240,"column":5}},"76":{"start":{"line":234,"column":4},"end":{"line":239,"column":7}},"77":{"start":{"line":235,"column":6},"end":{"line":235,"column":71}},"78":{"start":{"line":235,"column":37},"end":{"line":235,"column":69}},"79":{"start":{"line":236,"column":6},"end":{"line":236,"column":37}},"80":{"start":{"line":237,"column":6},"end":{"line":237,"column":48}},"81":{"start":{"line":238,"column":6},"end":{"line":238,"column":36}},"82":{"start":{"line":243,"column":20},"end":{"line":243,"column":59}},"83":{"start":{"line":244,"column":2},"end":{"line":251,"column":5}},"84":{"start":{"line":245,"column":4},"end":{"line":247,"column":7}},"85":{"start":{"line":246,"column":6},"end":{"line":246,"column":57}},"86":{"start":{"line":248,"column":4},"end":{"line":250,"column":7}},"87":{"start":{"line":249,"column":6},"end":{"line":249,"column":53}},"88":{"start":{"line":254,"column":27},"end":{"line":254,"column":73}},"89":{"start":{"line":255,"column":2},"end":{"line":270,"column":5}},"90":{"start":{"line":256,"column":4},"end":{"line":269,"column":7}},"91":{"start":{"line":257,"column":21},"end":{"line":257,"column":64}},"92":{"start":{"line":258,"column":21},"end":{"line":258,"column":54}},"93":{"start":{"line":259,"column":6},"end":{"line":261,"column":64}},"94":{"start":{"line":261,"column":30},"end":{"line":261,"column":62}},"95":{"start":{"line":262,"column":6},"end":{"line":264,"column":54}},"96":{"start":{"line":264,"column":24},"end":{"line":264,"column":52}},"97":{"start":{"line":265,"column":6},"end":{"line":268,"column":7}},"98":{"start":{"line":266,"column":8},"end":{"line":266,"column":37}},"99":{"start":{"line":267,"column":8},"end":{"line":267,"column":37}},"100":{"start":{"line":273,"column":23},"end":{"line":273,"column":64}},"101":{"start":{"line":274,"column":24},"end":{"line":274,"column":66}},"102":{"start":{"line":275,"column":16},"end":{"line":275,"column":48}},"103":{"start":{"line":276,"column":2},"end":{"line":288,"column":3}},"104":{"start":{"line":277,"column":4},"end":{"line":279,"column":7}},"105":{"start":{"line":278,"column":6},"end":{"line":278,"column":35}},"106":{"start":{"line":280,"column":4},"end":{"line":282,"column":7}},"107":{"start":{"line":281,"column":6},"end":{"line":281,"column":35}},"108":{"start":{"line":283,"column":4},"end":{"line":287,"column":7}},"109":{"start":{"line":284,"column":6},"end":{"line":286,"column":7}},"110":{"start":{"line":285,"column":8},"end":{"line":285,"column":37}}},"fnMap":{"0":{"name":"ensureAuthenticatedOrRedirect","decl":{"start":{"line":5,"column":9},"end":{"line":5,"column":38}},"loc":{"start":{"line":5,"column":41},"end":{"line":17,"column":1}},"line":5},"1":{"name":"readInitialData","decl":{"start":{"line":25,"column":9},"end":{"line":25,"column":24}},"loc":{"start":{"line":25,"column":27},"end":{"line":35,"column":1}},"line":25},"2":{"name":"getAvatarUrl","decl":{"start":{"line":50,"column":9},"end":{"line":50,"column":21}},"loc":{"start":{"line":50,"column":31},"end":{"line":58,"column":1}},"line":50},"3":{"name":"getEspecialidad","decl":{"start":{"line":61,"column":9},"end":{"line":61,"column":24}},"loc":{"start":{"line":61,"column":34},"end":{"line":63,"column":1}},"line":61},"4":{"name":"renderAsesoriaCard","decl":{"start":{"line":66,"column":9},"end":{"line":66,"column":27}},"loc":{"start":{"line":66,"column":38},"end":{"line":120,"column":1}},"line":66},"5":{"name":"cargarAsesorias","decl":{"start":{"line":125,"column":15},"end":{"line":125,"column":30}},"loc":{"start":{"line":125,"column":33},"end":{"line":154,"column":1}},"line":125},"6":{"name":"(anonymous_6)","decl":{"start":{"line":159,"column":31},"end":{"line":159,"column":32}},"loc":{"start":{"line":159,"column":68},"end":{"line":163,"column":1}},"line":159},"7":{"name":"(anonymous_7)","decl":{"start":{"line":165,"column":31},"end":{"line":165,"column":32}},"loc":{"start":{"line":165,"column":47},"end":{"line":186,"column":1}},"line":165},"8":{"name":"(anonymous_8)","decl":{"start":{"line":191,"column":46},"end":{"line":191,"column":47}},"loc":{"start":{"line":191,"column":58},"end":{"line":195,"column":1}},"line":191},"9":{"name":"cerrarMensajes","decl":{"start":{"line":200,"column":9},"end":{"line":200,"column":23}},"loc":{"start":{"line":200,"column":26},"end":{"line":202,"column":1}},"line":200},"10":{"name":"(anonymous_10)","decl":{"start":{"line":206,"column":31},"end":{"line":206,"column":32}},"loc":{"start":{"line":206,"column":44},"end":{"line":221,"column":3}},"line":206},"11":{"name":"cerrarDetalles","decl":{"start":{"line":223,"column":9},"end":{"line":223,"column":23}},"loc":{"start":{"line":223,"column":26},"end":{"line":225,"column":1}},"line":223},"12":{"name":"(anonymous_12)","decl":{"start":{"line":230,"column":46},"end":{"line":230,"column":47}},"loc":{"start":{"line":230,"column":58},"end":{"line":289,"column":1}},"line":230},"13":{"name":"(anonymous_13)","decl":{"start":{"line":233,"column":24},"end":{"line":233,"column":25}},"loc":{"start":{"line":233,"column":36},"end":{"line":240,"column":3}},"line":233},"14":{"name":"(anonymous_14)","decl":{"start":{"line":234,"column":37},"end":{"line":234,"column":38}},"loc":{"start":{"line":234,"column":49},"end":{"line":239,"column":5}},"line":234},"15":{"name":"(anonymous_15)","decl":{"start":{"line":235,"column":28},"end":{"line":235,"column":29}},"loc":{"start":{"line":235,"column":37},"end":{"line":235,"column":69}},"line":235},"16":{"name":"(anonymous_16)","decl":{"start":{"line":244,"column":20},"end":{"line":244,"column":21}},"loc":{"start":{"line":244,"column":30},"end":{"line":251,"column":3}},"line":244},"17":{"name":"(anonymous_17)","decl":{"start":{"line":245,"column":40},"end":{"line":245,"column":41}},"loc":{"start":{"line":245,"column":52},"end":{"line":247,"column":5}},"line":245},"18":{"name":"(anonymous_18)","decl":{"start":{"line":248,"column":40},"end":{"line":248,"column":41}},"loc":{"start":{"line":248,"column":52},"end":{"line":250,"column":5}},"line":248},"19":{"name":"(anonymous_19)","decl":{"start":{"line":255,"column":27},"end":{"line":255,"column":28}},"loc":{"start":{"line":255,"column":39},"end":{"line":270,"column":3}},"line":255},"20":{"name":"(anonymous_20)","decl":{"start":{"line":256,"column":37},"end":{"line":256,"column":38}},"loc":{"start":{"line":256,"column":49},"end":{"line":269,"column":5}},"line":256},"21":{"name":"(anonymous_21)","decl":{"start":{"line":261,"column":17},"end":{"line":261,"column":18}},"loc":{"start":{"line":261,"column":30},"end":{"line":261,"column":62}},"line":261},"22":{"name":"(anonymous_22)","decl":{"start":{"line":264,"column":17},"end":{"line":264,"column":18}},"loc":{"start":{"line":264,"column":24},"end":{"line":264,"column":52}},"line":264},"23":{"name":"(anonymous_23)","decl":{"start":{"line":277,"column":43},"end":{"line":277,"column":44}},"loc":{"start":{"line":277,"column":55},"end":{"line":279,"column":5}},"line":277},"24":{"name":"(anonymous_24)","decl":{"start":{"line":280,"column":44},"end":{"line":280,"column":45}},"loc":{"start":{"line":280,"column":56},"end":{"line":282,"column":5}},"line":280},"25":{"name":"(anonymous_25)","decl":{"start":{"line":283,"column":37},"end":{"line":283,"column":38}},"loc":{"start":{"line":283,"column":50},"end":{"line":287,"column":5}},"line":283}},"branchMap":{"0":{"loc":{"start":{"line":9,"column":4},"end":{"line":12,"column":5}},"type":"if","locations":[{"start":{"line":9,"column":4},"end":{"line":12,"column":5}},{"start":{},"end":{}}],"line":9},"1":{"loc":{"start":{"line":9,"column":8},"end":{"line":9,"column":30}},"type":"binary-expr","locations":[{"start":{"line":9,"column":8},"end":{"line":9,"column":14}},{"start":{"line":9,"column":18},"end":{"line":9,"column":30}}],"line":9},"2":{"loc":{"start":{"line":28,"column":4},"end":{"line":28,"column":20}},"type":"if","locations":[{"start":{"line":28,"column":4},"end":{"line":28,"column":20}},{"start":{},"end":{}}],"line":28},"3":{"loc":{"start":{"line":30,"column":16},"end":{"line":30,"column":38}},"type":"binary-expr","locations":[{"start":{"line":30,"column":16},"end":{"line":30,"column":30}},{"start":{"line":30,"column":34},"end":{"line":30,"column":38}}],"line":30},"4":{"loc":{"start":{"line":31,"column":10},"end":{"line":31,"column":38}},"type":"binary-expr","locations":[{"start":{"line":31,"column":10},"end":{"line":31,"column":25}},{"start":{"line":31,"column":29},"end":{"line":31,"column":38}}],"line":31},"5":{"loc":{"start":{"line":39,"column":2},"end":{"line":43,"column":3}},"type":"if","locations":[{"start":{"line":39,"column":2},"end":{"line":43,"column":3}},{"start":{},"end":{}}],"line":39},"6":{"loc":{"start":{"line":39,"column":6},"end":{"line":39,"column":53}},"type":"binary-expr","locations":[{"start":{"line":39,"column":6},"end":{"line":39,"column":35}},{"start":{"line":39,"column":39},"end":{"line":39,"column":53}}],"line":39},"7":{"loc":{"start":{"line":40,"column":21},"end":{"line":40,"column":41}},"type":"binary-expr","locations":[{"start":{"line":40,"column":21},"end":{"line":40,"column":35}},{"start":{"line":40,"column":39},"end":{"line":40,"column":41}}],"line":40},"8":{"loc":{"start":{"line":53,"column":4},"end":{"line":56,"column":36}},"type":"binary-expr","locations":[{"start":{"line":53,"column":4},"end":{"line":53,"column":22}},{"start":{"line":54,"column":4},"end":{"line":56,"column":36}}],"line":53},"9":{"loc":{"start":{"line":55,"column":25},"end":{"line":55,"column":52}},"type":"binary-expr","locations":[{"start":{"line":55,"column":25},"end":{"line":55,"column":39}},{"start":{"line":55,"column":43},"end":{"line":55,"column":52}}],"line":55},"10":{"loc":{"start":{"line":62,"column":9},"end":{"line":62,"column":68}},"type":"binary-expr","locations":[{"start":{"line":62,"column":10},"end":{"line":62,"column":32}},{"start":{"line":62,"column":36},"end":{"line":62,"column":61}},{"start":{"line":62,"column":66},"end":{"line":62,"column":68}}],"line":62},"11":{"loc":{"start":{"line":67,"column":18},"end":{"line":67,"column":40}},"type":"binary-expr","locations":[{"start":{"line":67,"column":18},"end":{"line":67,"column":34}},{"start":{"line":67,"column":38},"end":{"line":67,"column":40}}],"line":67},"12":{"loc":{"start":{"line":75,"column":18},"end":{"line":79,"column":8}},"type":"cond-expr","locations":[{"start":{"line":76,"column":6},"end":{"line":78,"column":75}},{"start":{"line":79,"column":6},"end":{"line":79,"column":8}}],"line":75},"13":{"loc":{"start":{"line":80,"column":17},"end":{"line":80,"column":46}},"type":"binary-expr","locations":[{"start":{"line":80,"column":17},"end":{"line":80,"column":32}},{"start":{"line":80,"column":36},"end":{"line":80,"column":46}}],"line":80},"14":{"loc":{"start":{"line":82,"column":5},"end":{"line":82,"column":25}},"type":"binary-expr","locations":[{"start":{"line":82,"column":5},"end":{"line":82,"column":19}},{"start":{"line":82,"column":23},"end":{"line":82,"column":25}}],"line":82},"15":{"loc":{"start":{"line":82,"column":36},"end":{"line":82,"column":58}},"type":"binary-expr","locations":[{"start":{"line":82,"column":36},"end":{"line":82,"column":52}},{"start":{"line":82,"column":56},"end":{"line":82,"column":58}}],"line":82},"16":{"loc":{"start":{"line":86,"column":165},"end":{"line":86,"column":195}},"type":"cond-expr","locations":[{"start":{"line":86,"column":175},"end":{"line":86,"column":190}},{"start":{"line":86,"column":193},"end":{"line":86,"column":195}}],"line":86},"17":{"loc":{"start":{"line":93,"column":47},"end":{"line":93,"column":77}},"type":"cond-expr","locations":[{"start":{"line":93,"column":57},"end":{"line":93,"column":72}},{"start":{"line":93,"column":75},"end":{"line":93,"column":77}}],"line":93},"18":{"loc":{"start":{"line":110,"column":24},"end":{"line":110,"column":54}},"type":"cond-expr","locations":[{"start":{"line":110,"column":34},"end":{"line":110,"column":49}},{"start":{"line":110,"column":52},"end":{"line":110,"column":54}}],"line":110},"19":{"loc":{"start":{"line":126,"column":2},"end":{"line":130,"column":3}},"type":"if","locations":[{"start":{"line":126,"column":2},"end":{"line":130,"column":3}},{"start":{},"end":{}}],"line":126},"20":{"loc":{"start":{"line":137,"column":4},"end":{"line":141,"column":5}},"type":"if","locations":[{"start":{"line":137,"column":4},"end":{"line":141,"column":5}},{"start":{},"end":{}}],"line":137},"21":{"loc":{"start":{"line":137,"column":8},"end":{"line":137,"column":50}},"type":"binary-expr","locations":[{"start":{"line":137,"column":8},"end":{"line":137,"column":21}},{"start":{"line":137,"column":25},"end":{"line":137,"column":50}}],"line":137},"22":{"loc":{"start":{"line":142,"column":4},"end":{"line":146,"column":5}},"type":"if","locations":[{"start":{"line":142,"column":4},"end":{"line":146,"column":5}},{"start":{},"end":{}}],"line":142},"23":{"loc":{"start":{"line":209,"column":4},"end":{"line":220,"column":5}},"type":"if","locations":[{"start":{"line":209,"column":4},"end":{"line":220,"column":5}},{"start":{},"end":{}}],"line":209},"24":{"loc":{"start":{"line":265,"column":6},"end":{"line":268,"column":7}},"type":"if","locations":[{"start":{"line":265,"column":6},"end":{"line":268,"column":7}},{"start":{},"end":{}}],"line":265},"25":{"loc":{"start":{"line":276,"column":2},"end":{"line":288,"column":3}},"type":"if","locations":[{"start":{"line":276,"column":2},"end":{"line":288,"column":3}},{"start":{},"end":{}}],"line":276},"26":{"loc":{"start":{"line":276,"column":6},"end":{"line":276,"column":44}},"type":"binary-expr","locations":[{"start":{"line":276,"column":6},"end":{"line":276,"column":18}},{"start":{"line":276,"column":22},"end":{"line":276,"column":35}},{"start":{"line":276,"column":39},"end":{"line":276,"column":44}}],"line":276},"27":{"loc":{"start":{"line":284,"column":6},"end":{"line":286,"column":7}},"type":"if","locations":[{"start":{"line":284,"column":6},"end":{"line":286,"column":7}},{"start":{},"end":{}}],"line":284}},"s":{"0":0,"1":0,"2":0,"3":0,"4":0,"5":0,"6":0,"7":0,"8":2,"9":2,"10":2,"11":2,"12":2,"13":0,"14":2,"15":1,"16":1,"17":2,"18":2,"19":2,"20":2,"21":2,"22":2,"23":0,"24":0,"25":0,"26":0,"27":0,"28":0,"29":0,"30":0,"31":0,"32":0,"33":0,"34":0,"35":0,"36":0,"37":0,"38":0,"39":0,"40":0,"41":0,"42":0,"43":0,"44":0,"45":0,"46":0,"47":0,"48":0,"49":2,"50":0,"51":0,"52":2,"53":0,"54":0,"55":0,"56":2,"57":0,"58":0,"59":0,"60":0,"61":2,"62":0,"63":0,"64":0,"65":0,"66":0,"67":0,"68":0,"69":0,"70":0,"71":0,"72":0,"73":2,"74":0,"75":0,"76":0,"77":0,"78":0,"79":0,"80":0,"81":0,"82":0,"83":0,"84":0,"85":0,"86":0,"87":0,"88":0,"89":0,"90":0,"91":0,"92":0,"93":0,"94":0,"95":0,"96":0,"97":0,"98":0,"99":0,"100":0,"101":0,"102":0,"103":0,"104":0,"105":0,"106":0,"107":0,"108":0,"109":0,"110":0},"f":{"0":0,"1":2,"2":0,"3":0,"4":0,"5":0,"6":0,"7":0,"8":0,"9":0,"10":0,"11":0,"12":0,"13":0,"14":0,"15":0,"16":0,"17":0,"18":0,"19":0,"20":0,"21":0,"22":0,"23":0,"24":0,"25":0},"b":{"0":[0,0],"1":[0,0],"2":[0,2],"3":[1,0],"4":[1,0],"5":[2,0],"6":[2,2],"7":[2,0],"8":[0,0],"9":[0,0],"10":[0,0,0],"11":[0,0],"12":[0,0],"13":[0,0],"14":[0,0],"15":[0,0],"16":[0,0],"17":[0,0],"18":[0,0],"19":[0,0],"20":[0,0],"21":[0,0],"22":[0,0],"23":[0,0],"24":[0,0],"25":[0,0],"26":[0,0,0],"27":[0,0]},"_coverageSchema":"1a1c01bbd47fc00a2c39e90264f33305004495a9","hash":"a452588728167441a28850f525acae529b8a4b3a"}
,"/home/runner/work/servitech/servitech/frontend/assets/js/admin/admin-expertos.js": {"path":"/home/runner/work/servitech/servitech/frontend/assets/js/admin/admin-expertos.js","statementMap":{"0":{"start":{"line":18,"column":2},"end":{"line":18,"column":72}},"1":{"start":{"line":18,"column":36},"end":{"line":18,"column":72}},"2":{"start":{"line":19,"column":2},"end":{"line":69,"column":5}},"3":{"start":{"line":20,"column":4},"end":{"line":20,"column":57}},"4":{"start":{"line":20,"column":40},"end":{"line":20,"column":57}},"5":{"start":{"line":22,"column":21},"end":{"line":22,"column":61}},"6":{"start":{"line":23,"column":24},"end":{"line":23,"column":63}},"7":{"start":{"line":25,"column":6},"end":{"line":25,"column":84}},"8":{"start":{"line":27,"column":6},"end":{"line":27,"column":84}},"9":{"start":{"line":30,"column":19},"end":{"line":30,"column":49}},"10":{"start":{"line":31,"column":6},"end":{"line":31,"column":30}},"11":{"start":{"line":32,"column":6},"end":{"line":32,"column":23}},"12":{"start":{"line":33,"column":6},"end":{"line":33,"column":38}},"13":{"start":{"line":37,"column":6},"end":{"line":43,"column":9}},"14":{"start":{"line":38,"column":18},"end":{"line":38,"column":50}},"15":{"start":{"line":39,"column":8},"end":{"line":39,"column":21}},"16":{"start":{"line":40,"column":8},"end":{"line":40,"column":53}},"17":{"start":{"line":40,"column":25},"end":{"line":40,"column":52}},"18":{"start":{"line":40,"column":42},"end":{"line":40,"column":47}},"19":{"start":{"line":41,"column":8},"end":{"line":41,"column":72}},"20":{"start":{"line":41,"column":27},"end":{"line":41,"column":71}},"21":{"start":{"line":42,"column":8},"end":{"line":42,"column":37}},"22":{"start":{"line":47,"column":4},"end":{"line":62,"column":18}},"23":{"start":{"line":48,"column":21},"end":{"line":53,"column":7}},"24":{"start":{"line":50,"column":10},"end":{"line":52,"column":76}},"25":{"start":{"line":54,"column":6},"end":{"line":61,"column":7}},"26":{"start":{"line":56,"column":8},"end":{"line":60,"column":9}},"27":{"start":{"line":57,"column":10},"end":{"line":57,"column":30}},"28":{"start":{"line":59,"column":10},"end":{"line":59,"column":28}},"29":{"start":{"line":65,"column":4},"end":{"line":68,"column":77}},"30":{"start":{"line":66,"column":19},"end":{"line":66,"column":43}},"31":{"start":{"line":67,"column":18},"end":{"line":67,"column":27}},"32":{"start":{"line":68,"column":22},"end":{"line":68,"column":75}},"33":{"start":{"line":70,"column":2},"end":{"line":70,"column":38}},"34":{"start":{"line":76,"column":30},"end":{"line":76,"column":35}},"35":{"start":{"line":77,"column":0},"end":{"line":82,"column":14}},"36":{"start":{"line":78,"column":2},"end":{"line":81,"column":33}},"37":{"start":{"line":84,"column":45},"end":{"line":84,"column":47}},"38":{"start":{"line":86,"column":2},"end":{"line":89,"column":3}},"39":{"start":{"line":87,"column":4},"end":{"line":87,"column":52}},"40":{"start":{"line":88,"column":4},"end":{"line":88,"column":11}},"41":{"start":{"line":90,"column":2},"end":{"line":90,"column":52}},"42":{"start":{"line":95,"column":2},"end":{"line":100,"column":16}},"43":{"start":{"line":96,"column":4},"end":{"line":99,"column":5}},"44":{"start":{"line":97,"column":6},"end":{"line":98,"column":48}},"45":{"start":{"line":98,"column":8},"end":{"line":98,"column":48}},"46":{"start":{"line":104,"column":0},"end":{"line":178,"column":3}},"47":{"start":{"line":106,"column":2},"end":{"line":150,"column":5}},"48":{"start":{"line":108,"column":6},"end":{"line":109,"column":48}},"49":{"start":{"line":110,"column":4},"end":{"line":130,"column":5}},"50":{"start":{"line":111,"column":20},"end":{"line":111,"column":53}},"51":{"start":{"line":112,"column":6},"end":{"line":128,"column":7}},"52":{"start":{"line":113,"column":8},"end":{"line":127,"column":24}},"53":{"start":{"line":114,"column":10},"end":{"line":114,"column":39}},"54":{"start":{"line":115,"column":10},"end":{"line":115,"column":44}},"55":{"start":{"line":117,"column":23},"end":{"line":117,"column":61}},"56":{"start":{"line":118,"column":10},"end":{"line":126,"column":11}},"57":{"start":{"line":119,"column":12},"end":{"line":123,"column":26}},"58":{"start":{"line":120,"column":14},"end":{"line":121,"column":43}},"59":{"start":{"line":121,"column":16},"end":{"line":121,"column":43}},"60":{"start":{"line":122,"column":14},"end":{"line":122,"column":27}},"61":{"start":{"line":124,"column":28},"end":{"line":124,"column":71}},"62":{"start":{"line":125,"column":12},"end":{"line":125,"column":71}},"63":{"start":{"line":125,"column":25},"end":{"line":125,"column":71}},"64":{"start":{"line":129,"column":6},"end":{"line":129,"column":13}},"65":{"start":{"line":133,"column":25},"end":{"line":133,"column":58}},"66":{"start":{"line":134,"column":4},"end":{"line":149,"column":5}},"67":{"start":{"line":135,"column":6},"end":{"line":147,"column":22}},"68":{"start":{"line":136,"column":8},"end":{"line":136,"column":44}},"69":{"start":{"line":137,"column":8},"end":{"line":137,"column":42}},"70":{"start":{"line":138,"column":21},"end":{"line":138,"column":66}},"71":{"start":{"line":139,"column":8},"end":{"line":146,"column":9}},"72":{"start":{"line":140,"column":10},"end":{"line":143,"column":24}},"73":{"start":{"line":141,"column":12},"end":{"line":141,"column":80}},"74":{"start":{"line":141,"column":53},"end":{"line":141,"column":80}},"75":{"start":{"line":142,"column":12},"end":{"line":142,"column":25}},"76":{"start":{"line":144,"column":26},"end":{"line":144,"column":76}},"77":{"start":{"line":145,"column":10},"end":{"line":145,"column":69}},"78":{"start":{"line":145,"column":23},"end":{"line":145,"column":69}},"79":{"start":{"line":148,"column":6},"end":{"line":148,"column":13}},"80":{"start":{"line":153,"column":2},"end":{"line":177,"column":5}},"81":{"start":{"line":154,"column":4},"end":{"line":176,"column":5}},"82":{"start":{"line":155,"column":6},"end":{"line":175,"column":9}},"83":{"start":{"line":156,"column":8},"end":{"line":174,"column":24}},"84":{"start":{"line":157,"column":10},"end":{"line":173,"column":11}},"85":{"start":{"line":161,"column":12},"end":{"line":161,"column":41}},"86":{"start":{"line":162,"column":12},"end":{"line":162,"column":46}},"87":{"start":{"line":163,"column":25},"end":{"line":163,"column":63}},"88":{"start":{"line":164,"column":12},"end":{"line":172,"column":13}},"89":{"start":{"line":165,"column":14},"end":{"line":169,"column":28}},"90":{"start":{"line":166,"column":16},"end":{"line":167,"column":45}},"91":{"start":{"line":167,"column":18},"end":{"line":167,"column":45}},"92":{"start":{"line":168,"column":16},"end":{"line":168,"column":29}},"93":{"start":{"line":170,"column":30},"end":{"line":170,"column":73}},"94":{"start":{"line":171,"column":14},"end":{"line":171,"column":73}},"95":{"start":{"line":171,"column":27},"end":{"line":171,"column":73}},"96":{"start":{"line":181,"column":0},"end":{"line":190,"column":14}},"97":{"start":{"line":182,"column":2},"end":{"line":189,"column":3}},"98":{"start":{"line":183,"column":4},"end":{"line":183,"column":42}},"99":{"start":{"line":184,"column":4},"end":{"line":184,"column":61}},"100":{"start":{"line":185,"column":4},"end":{"line":185,"column":51}},"101":{"start":{"line":186,"column":4},"end":{"line":186,"column":43}},"102":{"start":{"line":187,"column":4},"end":{"line":188,"column":45}},"103":{"start":{"line":198,"column":4},"end":{"line":200,"column":37}},"104":{"start":{"line":201,"column":2},"end":{"line":201,"column":18}},"105":{"start":{"line":201,"column":11},"end":{"line":201,"column":18}},"106":{"start":{"line":203,"column":4},"end":{"line":205,"column":19}},"107":{"start":{"line":206,"column":2},"end":{"line":206,"column":18}},"108":{"start":{"line":206,"column":11},"end":{"line":206,"column":18}},"109":{"start":{"line":207,"column":22},"end":{"line":207,"column":31}},"110":{"start":{"line":208,"column":2},"end":{"line":229,"column":73}},"111":{"start":{"line":210,"column":6},"end":{"line":227,"column":7}},"112":{"start":{"line":211,"column":8},"end":{"line":211,"column":66}},"113":{"start":{"line":212,"column":8},"end":{"line":217,"column":9}},"114":{"start":{"line":213,"column":10},"end":{"line":215,"column":24}},"115":{"start":{"line":214,"column":12},"end":{"line":214,"column":60}},"116":{"start":{"line":216,"column":10},"end":{"line":216,"column":55}},"117":{"start":{"line":219,"column":8},"end":{"line":224,"column":9}},"118":{"start":{"line":220,"column":10},"end":{"line":223,"column":12}},"119":{"start":{"line":226,"column":8},"end":{"line":226,"column":62}},"120":{"start":{"line":229,"column":18},"end":{"line":229,"column":71}},"121":{"start":{"line":232,"column":0},"end":{"line":329,"column":3}},"122":{"start":{"line":234,"column":2},"end":{"line":244,"column":16}},"123":{"start":{"line":235,"column":17},"end":{"line":235,"column":61}},"124":{"start":{"line":236,"column":4},"end":{"line":243,"column":5}},"125":{"start":{"line":237,"column":6},"end":{"line":242,"column":7}},"126":{"start":{"line":238,"column":23},"end":{"line":238,"column":51}},"127":{"start":{"line":239,"column":8},"end":{"line":239,"column":69}},"128":{"start":{"line":239,"column":35},"end":{"line":239,"column":69}},"129":{"start":{"line":246,"column":2},"end":{"line":256,"column":16}},"130":{"start":{"line":247,"column":19},"end":{"line":247,"column":62}},"131":{"start":{"line":248,"column":4},"end":{"line":255,"column":5}},"132":{"start":{"line":249,"column":6},"end":{"line":254,"column":7}},"133":{"start":{"line":250,"column":23},"end":{"line":250,"column":53}},"134":{"start":{"line":251,"column":8},"end":{"line":251,"column":66}},"135":{"start":{"line":251,"column":35},"end":{"line":251,"column":66}},"136":{"start":{"line":258,"column":2},"end":{"line":285,"column":16}},"137":{"start":{"line":259,"column":21},"end":{"line":259,"column":54}},"138":{"start":{"line":260,"column":4},"end":{"line":284,"column":5}},"139":{"start":{"line":266,"column":27},"end":{"line":269,"column":9}},"140":{"start":{"line":266,"column":64},"end":{"line":269,"column":7}},"141":{"start":{"line":270,"column":6},"end":{"line":283,"column":8}},"142":{"start":{"line":288,"column":2},"end":{"line":314,"column":16}},"143":{"start":{"line":289,"column":21},"end":{"line":289,"column":54}},"144":{"start":{"line":290,"column":4},"end":{"line":313,"column":5}},"145":{"start":{"line":291,"column":23},"end":{"line":300,"column":7}},"146":{"start":{"line":301,"column":21},"end":{"line":301,"column":48}},"147":{"start":{"line":302,"column":6},"end":{"line":311,"column":7}},"148":{"start":{"line":307,"column":8},"end":{"line":310,"column":12}},"149":{"start":{"line":307,"column":64},"end":{"line":310,"column":9}},"150":{"start":{"line":312,"column":6},"end":{"line":312,"column":56}},"151":{"start":{"line":318,"column":2},"end":{"line":320,"column":16}},"152":{"start":{"line":319,"column":4},"end":{"line":319,"column":42}},"153":{"start":{"line":322,"column":2},"end":{"line":322,"column":21}},"154":{"start":{"line":323,"column":2},"end":{"line":323,"column":23}},"155":{"start":{"line":324,"column":2},"end":{"line":324,"column":23}},"156":{"start":{"line":325,"column":2},"end":{"line":325,"column":28}},"157":{"start":{"line":327,"column":2},"end":{"line":327,"column":17}},"158":{"start":{"line":328,"column":2},"end":{"line":328,"column":26}},"159":{"start":{"line":335,"column":16},"end":{"line":335,"column":32}},"160":{"start":{"line":336,"column":23},"end":{"line":336,"column":62}},"161":{"start":{"line":337,"column":24},"end":{"line":337,"column":72}},"162":{"start":{"line":338,"column":20},"end":{"line":340,"column":10}},"163":{"start":{"line":342,"column":2},"end":{"line":342,"column":38}},"164":{"start":{"line":342,"column":31},"end":{"line":342,"column":38}},"165":{"start":{"line":344,"column":20},"end":{"line":476,"column":3}},"166":{"start":{"line":345,"column":4},"end":{"line":345,"column":33}},"167":{"start":{"line":346,"column":4},"end":{"line":346,"column":44}},"168":{"start":{"line":348,"column":4},"end":{"line":355,"column":18}},"169":{"start":{"line":349,"column":19},"end":{"line":349,"column":56}},"170":{"start":{"line":350,"column":6},"end":{"line":352,"column":7}},"171":{"start":{"line":351,"column":8},"end":{"line":351,"column":35}},"172":{"start":{"line":353,"column":22},"end":{"line":353,"column":65}},"173":{"start":{"line":354,"column":6},"end":{"line":354,"column":65}},"174":{"start":{"line":354,"column":19},"end":{"line":354,"column":65}},"175":{"start":{"line":358,"column":4},"end":{"line":360,"column":6}},"176":{"start":{"line":359,"column":6},"end":{"line":359,"column":54}},"177":{"start":{"line":361,"column":21},"end":{"line":361,"column":54}},"178":{"start":{"line":362,"column":4},"end":{"line":475,"column":5}},"179":{"start":{"line":363,"column":6},"end":{"line":474,"column":11}},"180":{"start":{"line":364,"column":31},"end":{"line":364,"column":33}},"181":{"start":{"line":366,"column":8},"end":{"line":390,"column":22}},"182":{"start":{"line":367,"column":10},"end":{"line":367,"column":60}},"183":{"start":{"line":368,"column":31},"end":{"line":368,"column":68}},"184":{"start":{"line":369,"column":10},"end":{"line":389,"column":11}},"185":{"start":{"line":370,"column":12},"end":{"line":388,"column":26}},"186":{"start":{"line":371,"column":14},"end":{"line":387,"column":15}},"187":{"start":{"line":377,"column":16},"end":{"line":386,"column":18}},"188":{"start":{"line":392,"column":8},"end":{"line":402,"column":22}},"189":{"start":{"line":393,"column":10},"end":{"line":401,"column":11}},"190":{"start":{"line":398,"column":12},"end":{"line":400,"column":31}},"191":{"start":{"line":399,"column":26},"end":{"line":399,"column":72}},"192":{"start":{"line":405,"column":8},"end":{"line":421,"column":9}},"193":{"start":{"line":406,"column":10},"end":{"line":420,"column":11}},"194":{"start":{"line":407,"column":24},"end":{"line":409,"column":14}},"195":{"start":{"line":410,"column":12},"end":{"line":417,"column":13}},"196":{"start":{"line":411,"column":27},"end":{"line":411,"column":43}},"197":{"start":{"line":412,"column":14},"end":{"line":416,"column":15}},"198":{"start":{"line":413,"column":16},"end":{"line":415,"column":35}},"199":{"start":{"line":414,"column":30},"end":{"line":414,"column":76}},"200":{"start":{"line":424,"column":8},"end":{"line":439,"column":9}},"201":{"start":{"line":425,"column":10},"end":{"line":438,"column":11}},"202":{"start":{"line":426,"column":28},"end":{"line":426,"column":55}},"203":{"start":{"line":427,"column":30},"end":{"line":432,"column":14}},"204":{"start":{"line":428,"column":14},"end":{"line":429,"column":45}},"205":{"start":{"line":429,"column":16},"end":{"line":429,"column":45}},"206":{"start":{"line":430,"column":14},"end":{"line":430,"column":67}},"207":{"start":{"line":430,"column":50},"end":{"line":430,"column":67}},"208":{"start":{"line":431,"column":14},"end":{"line":431,"column":24}},"209":{"start":{"line":433,"column":12},"end":{"line":435,"column":29}},"210":{"start":{"line":437,"column":12},"end":{"line":437,"column":34}},"211":{"start":{"line":441,"column":29},"end":{"line":444,"column":11}},"212":{"start":{"line":441,"column":58},"end":{"line":444,"column":9}},"213":{"start":{"line":446,"column":8},"end":{"line":458,"column":22}},"214":{"start":{"line":447,"column":10},"end":{"line":452,"column":12}},"215":{"start":{"line":453,"column":10},"end":{"line":457,"column":12}},"216":{"start":{"line":459,"column":8},"end":{"line":473,"column":10}},"217":{"start":{"line":478,"column":21},"end":{"line":490,"column":3}},"218":{"start":{"line":479,"column":4},"end":{"line":479,"column":33}},"219":{"start":{"line":480,"column":4},"end":{"line":480,"column":38}},"220":{"start":{"line":481,"column":17},"end":{"line":481,"column":54}},"221":{"start":{"line":482,"column":4},"end":{"line":482,"column":27}},"222":{"start":{"line":482,"column":14},"end":{"line":482,"column":27}},"223":{"start":{"line":484,"column":4},"end":{"line":489,"column":18}},"224":{"start":{"line":485,"column":6},"end":{"line":486,"column":35}},"225":{"start":{"line":486,"column":8},"end":{"line":486,"column":35}},"226":{"start":{"line":487,"column":22},"end":{"line":487,"column":65}},"227":{"start":{"line":488,"column":6},"end":{"line":488,"column":65}},"228":{"start":{"line":488,"column":19},"end":{"line":488,"column":65}},"229":{"start":{"line":492,"column":2},"end":{"line":492,"column":52}},"230":{"start":{"line":494,"column":2},"end":{"line":496,"column":3}},"231":{"start":{"line":495,"column":4},"end":{"line":495,"column":56}},"232":{"start":{"line":498,"column":2},"end":{"line":500,"column":3}},"233":{"start":{"line":499,"column":4},"end":{"line":499,"column":52}},"234":{"start":{"line":502,"column":2},"end":{"line":508,"column":3}},"235":{"start":{"line":503,"column":4},"end":{"line":507,"column":7}},"236":{"start":{"line":504,"column":6},"end":{"line":506,"column":7}},"237":{"start":{"line":505,"column":8},"end":{"line":505,"column":21}},"238":{"start":{"line":517,"column":4},"end":{"line":517,"column":51}},"239":{"start":{"line":517,"column":44},"end":{"line":517,"column":51}},"240":{"start":{"line":518,"column":4},"end":{"line":550,"column":5}},"241":{"start":{"line":519,"column":6},"end":{"line":519,"column":69}},"242":{"start":{"line":520,"column":6},"end":{"line":526,"column":8}},"243":{"start":{"line":527,"column":6},"end":{"line":533,"column":8}},"244":{"start":{"line":534,"column":6},"end":{"line":540,"column":8}},"245":{"start":{"line":541,"column":6},"end":{"line":541,"column":58}},"246":{"start":{"line":542,"column":6},"end":{"line":542,"column":59}},"247":{"start":{"line":543,"column":6},"end":{"line":543,"column":57}},"248":{"start":{"line":544,"column":6},"end":{"line":544,"column":61}},"249":{"start":{"line":545,"column":6},"end":{"line":545,"column":66}},"250":{"start":{"line":546,"column":6},"end":{"line":546,"column":64}},"251":{"start":{"line":547,"column":6},"end":{"line":547,"column":40}},"252":{"start":{"line":554,"column":4},"end":{"line":569,"column":6}},"253":{"start":{"line":556,"column":8},"end":{"line":567,"column":9}},"254":{"start":{"line":557,"column":21},"end":{"line":557,"column":40}},"255":{"start":{"line":558,"column":10},"end":{"line":564,"column":12}},"256":{"start":{"line":566,"column":10},"end":{"line":566,"column":23}},"257":{"start":{"line":573,"column":25},"end":{"line":573,"column":43}},"258":{"start":{"line":574,"column":4},"end":{"line":574,"column":30}},"259":{"start":{"line":574,"column":23},"end":{"line":574,"column":30}},"260":{"start":{"line":576,"column":4},"end":{"line":623,"column":5}},"261":{"start":{"line":577,"column":6},"end":{"line":581,"column":32}},"262":{"start":{"line":582,"column":6},"end":{"line":610,"column":11}},"263":{"start":{"line":587,"column":10},"end":{"line":609,"column":24}},"264":{"start":{"line":588,"column":12},"end":{"line":594,"column":14}},"265":{"start":{"line":595,"column":12},"end":{"line":601,"column":14}},"266":{"start":{"line":602,"column":12},"end":{"line":608,"column":14}},"267":{"start":{"line":612,"column":6},"end":{"line":620,"column":11}},"268":{"start":{"line":615,"column":10},"end":{"line":619,"column":24}},"269":{"start":{"line":616,"column":12},"end":{"line":618,"column":51}},"270":{"start":{"line":617,"column":14},"end":{"line":617,"column":45}},"271":{"start":{"line":618,"column":17},"end":{"line":618,"column":51}},"272":{"start":{"line":628,"column":4},"end":{"line":657,"column":5}},"273":{"start":{"line":629,"column":27},"end":{"line":629,"column":45}},"274":{"start":{"line":630,"column":6},"end":{"line":633,"column":7}},"275":{"start":{"line":631,"column":8},"end":{"line":631,"column":70}},"276":{"start":{"line":632,"column":8},"end":{"line":632,"column":15}},"277":{"start":{"line":634,"column":19},"end":{"line":634,"column":68}},"278":{"start":{"line":635,"column":6},"end":{"line":640,"column":7}},"279":{"start":{"line":636,"column":8},"end":{"line":638,"column":10}},"280":{"start":{"line":639,"column":8},"end":{"line":639,"column":15}},"281":{"start":{"line":641,"column":6},"end":{"line":654,"column":9}},"282":{"start":{"line":642,"column":8},"end":{"line":653,"column":22}},"283":{"start":{"line":643,"column":10},"end":{"line":643,"column":74}},"284":{"start":{"line":644,"column":19},"end":{"line":644,"column":45}},"285":{"start":{"line":645,"column":10},"end":{"line":652,"column":13}},"286":{"start":{"line":656,"column":6},"end":{"line":656,"column":40}},"287":{"start":{"line":661,"column":2},"end":{"line":688,"column":3}},"288":{"start":{"line":662,"column":4},"end":{"line":662,"column":17}},"289":{"start":{"line":663,"column":19},"end":{"line":663,"column":20}},"290":{"start":{"line":664,"column":16},"end":{"line":668,"column":11}},"291":{"start":{"line":665,"column":6},"end":{"line":665,"column":19}},"292":{"start":{"line":666,"column":6},"end":{"line":666,"column":17}},"293":{"start":{"line":667,"column":6},"end":{"line":667,"column":44}},"294":{"start":{"line":667,"column":25},"end":{"line":667,"column":44}},"295":{"start":{"line":669,"column":15},"end":{"line":671,"column":6}},"296":{"start":{"line":670,"column":6},"end":{"line":670,"column":19}},"297":{"start":{"line":672,"column":4},"end":{"line":672,"column":66}},"298":{"start":{"line":675,"column":4},"end":{"line":685,"column":6}},"299":{"start":{"line":678,"column":8},"end":{"line":682,"column":32}},"300":{"start":{"line":682,"column":10},"end":{"line":682,"column":32}},"301":{"start":{"line":692,"column":0},"end":{"line":696,"column":3}},"302":{"start":{"line":693,"column":2},"end":{"line":695,"column":16}},"303":{"start":{"line":694,"column":4},"end":{"line":694,"column":48}},"304":{"start":{"line":699,"column":0},"end":{"line":791,"column":3}},"305":{"start":{"line":700,"column":2},"end":{"line":790,"column":3}},"306":{"start":{"line":701,"column":16},"end":{"line":701,"column":55}},"307":{"start":{"line":702,"column":18},"end":{"line":702,"column":59}},"308":{"start":{"line":703,"column":14},"end":{"line":703,"column":59}},"309":{"start":{"line":704,"column":20},"end":{"line":704,"column":63}},"310":{"start":{"line":705,"column":15},"end":{"line":705,"column":52}},"311":{"start":{"line":706,"column":14},"end":{"line":706,"column":58}},"312":{"start":{"line":707,"column":16},"end":{"line":707,"column":54}},"313":{"start":{"line":710,"column":6},"end":{"line":710,"column":34}},"314":{"start":{"line":710,"column":17},"end":{"line":710,"column":34}},"315":{"start":{"line":711,"column":6},"end":{"line":711,"column":28}},"316":{"start":{"line":711,"column":15},"end":{"line":711,"column":28}},"317":{"start":{"line":712,"column":6},"end":{"line":712,"column":55}},"318":{"start":{"line":712,"column":19},"end":{"line":712,"column":55}},"319":{"start":{"line":713,"column":6},"end":{"line":713,"column":54}},"320":{"start":{"line":713,"column":21},"end":{"line":713,"column":54}},"321":{"start":{"line":714,"column":6},"end":{"line":717,"column":7}},"322":{"start":{"line":715,"column":8},"end":{"line":715,"column":36}},"323":{"start":{"line":716,"column":8},"end":{"line":716,"column":30}},"324":{"start":{"line":718,"column":6},"end":{"line":721,"column":7}},"325":{"start":{"line":719,"column":8},"end":{"line":719,"column":35}},"326":{"start":{"line":720,"column":8},"end":{"line":720,"column":29}},"327":{"start":{"line":725,"column":6},"end":{"line":728,"column":7}},"328":{"start":{"line":726,"column":8},"end":{"line":726,"column":34}},"329":{"start":{"line":727,"column":8},"end":{"line":727,"column":36}},"330":{"start":{"line":732,"column":6},"end":{"line":732,"column":24}},"331":{"start":{"line":732,"column":17},"end":{"line":732,"column":24}},"332":{"start":{"line":733,"column":6},"end":{"line":733,"column":35}},"333":{"start":{"line":734,"column":6},"end":{"line":735,"column":64}},"334":{"start":{"line":738,"column":4},"end":{"line":738,"column":23}},"335":{"start":{"line":738,"column":16},"end":{"line":738,"column":23}},"336":{"start":{"line":740,"column":4},"end":{"line":770,"column":7}},"337":{"start":{"line":741,"column":14},"end":{"line":741,"column":43}},"338":{"start":{"line":742,"column":6},"end":{"line":745,"column":7}},"339":{"start":{"line":743,"column":8},"end":{"line":743,"column":16}},"340":{"start":{"line":744,"column":8},"end":{"line":744,"column":15}},"341":{"start":{"line":746,"column":20},"end":{"line":746,"column":52}},"342":{"start":{"line":747,"column":6},"end":{"line":751,"column":7}},"343":{"start":{"line":748,"column":8},"end":{"line":748,"column":69}},"344":{"start":{"line":749,"column":8},"end":{"line":749,"column":25}},"345":{"start":{"line":750,"column":8},"end":{"line":750,"column":15}},"346":{"start":{"line":752,"column":16},"end":{"line":752,"column":31}},"347":{"start":{"line":753,"column":6},"end":{"line":757,"column":7}},"348":{"start":{"line":754,"column":8},"end":{"line":754,"column":50}},"349":{"start":{"line":755,"column":8},"end":{"line":755,"column":25}},"350":{"start":{"line":756,"column":8},"end":{"line":756,"column":15}},"351":{"start":{"line":758,"column":19},"end":{"line":758,"column":35}},"352":{"start":{"line":759,"column":6},"end":{"line":768,"column":8}},"353":{"start":{"line":760,"column":8},"end":{"line":760,"column":44}},"354":{"start":{"line":760,"column":17},"end":{"line":760,"column":44}},"355":{"start":{"line":761,"column":8},"end":{"line":761,"column":54}},"356":{"start":{"line":761,"column":21},"end":{"line":761,"column":54}},"357":{"start":{"line":762,"column":8},"end":{"line":762,"column":63}},"358":{"start":{"line":762,"column":23},"end":{"line":762,"column":63}},"359":{"start":{"line":763,"column":8},"end":{"line":766,"column":9}},"360":{"start":{"line":764,"column":10},"end":{"line":764,"column":37}},"361":{"start":{"line":765,"column":10},"end":{"line":765,"column":31}},"362":{"start":{"line":767,"column":8},"end":{"line":767,"column":23}},"363":{"start":{"line":769,"column":6},"end":{"line":769,"column":30}},"364":{"start":{"line":772,"column":4},"end":{"line":776,"column":5}},"365":{"start":{"line":773,"column":6},"end":{"line":775,"column":9}},"366":{"start":{"line":774,"column":8},"end":{"line":774,"column":16}},"367":{"start":{"line":778,"column":4},"end":{"line":782,"column":5}},"368":{"start":{"line":779,"column":6},"end":{"line":781,"column":9}},"369":{"start":{"line":780,"column":8},"end":{"line":780,"column":67}},"370":{"start":{"line":780,"column":59},"end":{"line":780,"column":67}},"371":{"start":{"line":785,"column":4},"end":{"line":787,"column":17}},"372":{"start":{"line":786,"column":6},"end":{"line":786,"column":59}},"373":{"start":{"line":787,"column":9},"end":{"line":787,"column":17}},"374":{"start":{"line":794,"column":0},"end":{"line":989,"column":3}},"375":{"start":{"line":795,"column":2},"end":{"line":988,"column":16}},"376":{"start":{"line":798,"column":14},"end":{"line":798,"column":56}},"377":{"start":{"line":799,"column":6},"end":{"line":799,"column":24}},"378":{"start":{"line":799,"column":14},"end":{"line":799,"column":24}},"379":{"start":{"line":800,"column":6},"end":{"line":800,"column":30}},"380":{"start":{"line":800,"column":20},"end":{"line":800,"column":30}},"381":{"start":{"line":801,"column":6},"end":{"line":804,"column":20}},"382":{"start":{"line":802,"column":16},"end":{"line":802,"column":35}},"383":{"start":{"line":803,"column":8},"end":{"line":803,"column":39}},"384":{"start":{"line":803,"column":30},"end":{"line":803,"column":39}},"385":{"start":{"line":805,"column":6},"end":{"line":810,"column":25}},"386":{"start":{"line":808,"column":10},"end":{"line":808,"column":26}},"387":{"start":{"line":813,"column":14},"end":{"line":813,"column":56}},"388":{"start":{"line":814,"column":6},"end":{"line":814,"column":21}},"389":{"start":{"line":814,"column":14},"end":{"line":814,"column":21}},"390":{"start":{"line":815,"column":6},"end":{"line":815,"column":36}},"391":{"start":{"line":818,"column":16},"end":{"line":828,"column":7}},"392":{"start":{"line":829,"column":6},"end":{"line":829,"column":54}},"393":{"start":{"line":832,"column":17},"end":{"line":832,"column":60}},"394":{"start":{"line":833,"column":6},"end":{"line":833,"column":24}},"395":{"start":{"line":833,"column":17},"end":{"line":833,"column":24}},"396":{"start":{"line":834,"column":6},"end":{"line":843,"column":7}},"397":{"start":{"line":835,"column":8},"end":{"line":835,"column":53}},"398":{"start":{"line":837,"column":20},"end":{"line":841,"column":20}},"399":{"start":{"line":839,"column":12},"end":{"line":839,"column":33}},"400":{"start":{"line":842,"column":8},"end":{"line":842,"column":63}},"401":{"start":{"line":846,"column":18},"end":{"line":850,"column":24}},"402":{"start":{"line":848,"column":10},"end":{"line":848,"column":44}},"403":{"start":{"line":851,"column":6},"end":{"line":851,"column":25}},"404":{"start":{"line":852,"column":6},"end":{"line":852,"column":27}},"405":{"start":{"line":855,"column":6},"end":{"line":855,"column":22}},"406":{"start":{"line":855,"column":15},"end":{"line":855,"column":22}},"407":{"start":{"line":856,"column":16},"end":{"line":856,"column":43}},"408":{"start":{"line":857,"column":6},"end":{"line":857,"column":23}},"409":{"start":{"line":857,"column":16},"end":{"line":857,"column":23}},"410":{"start":{"line":858,"column":16},"end":{"line":858,"column":47}},"411":{"start":{"line":859,"column":6},"end":{"line":859,"column":62}},"412":{"start":{"line":860,"column":6},"end":{"line":860,"column":25}},"413":{"start":{"line":863,"column":16},"end":{"line":863,"column":65}},"414":{"start":{"line":864,"column":4},"end":{"line":879,"column":7}},"415":{"start":{"line":865,"column":6},"end":{"line":878,"column":20}},"416":{"start":{"line":866,"column":8},"end":{"line":866,"column":40}},"417":{"start":{"line":867,"column":8},"end":{"line":867,"column":41}},"418":{"start":{"line":868,"column":8},"end":{"line":868,"column":48}},"419":{"start":{"line":869,"column":8},"end":{"line":871,"column":11}},"420":{"start":{"line":870,"column":10},"end":{"line":870,"column":23}},"421":{"start":{"line":872,"column":8},"end":{"line":877,"column":11}},"422":{"start":{"line":873,"column":10},"end":{"line":876,"column":11}},"423":{"start":{"line":874,"column":12},"end":{"line":874,"column":31}},"424":{"start":{"line":875,"column":12},"end":{"line":875,"column":25}},"425":{"start":{"line":880,"column":18},"end":{"line":880,"column":30}},"426":{"start":{"line":881,"column":4},"end":{"line":889,"column":5}},"427":{"start":{"line":882,"column":6},"end":{"line":888,"column":9}},"428":{"start":{"line":883,"column":16},"end":{"line":883,"column":42}},"429":{"start":{"line":884,"column":8},"end":{"line":887,"column":9}},"430":{"start":{"line":885,"column":10},"end":{"line":885,"column":38}},"431":{"start":{"line":886,"column":10},"end":{"line":886,"column":49}},"432":{"start":{"line":890,"column":4},"end":{"line":890,"column":23}},"433":{"start":{"line":891,"column":4},"end":{"line":891,"column":36}},"434":{"start":{"line":892,"column":4},"end":{"line":898,"column":6}},"435":{"start":{"line":893,"column":6},"end":{"line":897,"column":7}},"436":{"start":{"line":894,"column":8},"end":{"line":894,"column":76}},"437":{"start":{"line":896,"column":8},"end":{"line":896,"column":18}},"438":{"start":{"line":902,"column":6},"end":{"line":927,"column":20}},"439":{"start":{"line":903,"column":25},"end":{"line":903,"column":63}},"440":{"start":{"line":904,"column":8},"end":{"line":913,"column":11}},"441":{"start":{"line":905,"column":10},"end":{"line":905,"column":62}},"442":{"start":{"line":906,"column":10},"end":{"line":906,"column":68}},"443":{"start":{"line":907,"column":10},"end":{"line":907,"column":64}},"444":{"start":{"line":908,"column":10},"end":{"line":908,"column":60}},"445":{"start":{"line":909,"column":10},"end":{"line":909,"column":68}},"446":{"start":{"line":910,"column":10},"end":{"line":910,"column":76}},"447":{"start":{"line":911,"column":10},"end":{"line":911,"column":68}},"448":{"start":{"line":912,"column":10},"end":{"line":912,"column":59}},"449":{"start":{"line":914,"column":8},"end":{"line":926,"column":11}},"450":{"start":{"line":915,"column":10},"end":{"line":915,"column":69}},"451":{"start":{"line":916,"column":10},"end":{"line":916,"column":68}},"452":{"start":{"line":917,"column":10},"end":{"line":917,"column":72}},"453":{"start":{"line":918,"column":10},"end":{"line":918,"column":60}},"454":{"start":{"line":919,"column":10},"end":{"line":919,"column":61}},"455":{"start":{"line":920,"column":10},"end":{"line":920,"column":64}},"456":{"start":{"line":921,"column":10},"end":{"line":921,"column":59}},"457":{"start":{"line":922,"column":10},"end":{"line":922,"column":58}},"458":{"start":{"line":923,"column":10},"end":{"line":923,"column":71}},"459":{"start":{"line":924,"column":10},"end":{"line":924,"column":63}},"460":{"start":{"line":925,"column":10},"end":{"line":925,"column":67}},"461":{"start":{"line":929,"column":4},"end":{"line":929,"column":22}},"462":{"start":{"line":930,"column":21},"end":{"line":930,"column":22}},"463":{"start":{"line":931,"column":15},"end":{"line":935,"column":11}},"464":{"start":{"line":932,"column":6},"end":{"line":932,"column":24}},"465":{"start":{"line":933,"column":6},"end":{"line":933,"column":19}},"466":{"start":{"line":934,"column":6},"end":{"line":934,"column":47}},"467":{"start":{"line":934,"column":27},"end":{"line":934,"column":47}},"468":{"start":{"line":936,"column":15},"end":{"line":938,"column":6}},"469":{"start":{"line":937,"column":6},"end":{"line":937,"column":24}},"470":{"start":{"line":939,"column":4},"end":{"line":939,"column":68}},"471":{"start":{"line":940,"column":4},"end":{"line":940,"column":55}},"472":{"start":{"line":943,"column":4},"end":{"line":959,"column":18}},"473":{"start":{"line":944,"column":22},"end":{"line":944,"column":68}},"474":{"start":{"line":945,"column":22},"end":{"line":945,"column":61}},"475":{"start":{"line":946,"column":6},"end":{"line":958,"column":7}},"476":{"start":{"line":947,"column":8},"end":{"line":957,"column":11}},"477":{"start":{"line":948,"column":10},"end":{"line":956,"column":24}},"478":{"start":{"line":949,"column":12},"end":{"line":955,"column":13}},"479":{"start":{"line":950,"column":14},"end":{"line":950,"column":38}},"480":{"start":{"line":951,"column":14},"end":{"line":951,"column":79}},"481":{"start":{"line":953,"column":14},"end":{"line":953,"column":42}},"482":{"start":{"line":954,"column":14},"end":{"line":954,"column":79}},"483":{"start":{"line":962,"column":4},"end":{"line":987,"column":18}},"484":{"start":{"line":963,"column":21},"end":{"line":963,"column":54}},"485":{"start":{"line":964,"column":21},"end":{"line":964,"column":63}},"486":{"start":{"line":965,"column":6},"end":{"line":986,"column":7}},"487":{"start":{"line":966,"column":8},"end":{"line":985,"column":11}},"488":{"start":{"line":967,"column":10},"end":{"line":984,"column":24}},"489":{"start":{"line":968,"column":20},"end":{"line":968,"column":47}},"490":{"start":{"line":969,"column":12},"end":{"line":972,"column":13}},"491":{"start":{"line":970,"column":14},"end":{"line":970,"column":46}},"492":{"start":{"line":971,"column":14},"end":{"line":971,"column":21}},"493":{"start":{"line":973,"column":12},"end":{"line":983,"column":13}},"494":{"start":{"line":974,"column":14},"end":{"line":974,"column":62}},"495":{"start":{"line":975,"column":14},"end":{"line":975,"column":47}},"496":{"start":{"line":976,"column":19},"end":{"line":983,"column":13}},"497":{"start":{"line":977,"column":14},"end":{"line":978,"column":62}},"498":{"start":{"line":979,"column":14},"end":{"line":979,"column":47}},"499":{"start":{"line":981,"column":14},"end":{"line":981,"column":40}},"500":{"start":{"line":982,"column":14},"end":{"line":982,"column":46}},"501":{"start":{"line":997,"column":2},"end":{"line":1003,"column":3}},"502":{"start":{"line":998,"column":17},"end":{"line":998,"column":55}},"503":{"start":{"line":999,"column":4},"end":{"line":999,"column":26}},"504":{"start":{"line":999,"column":14},"end":{"line":999,"column":26}},"505":{"start":{"line":1000,"column":4},"end":{"line":1000,"column":51}},"506":{"start":{"line":1002,"column":4},"end":{"line":1002,"column":16}},"507":{"start":{"line":1007,"column":0},"end":{"line":1066,"column":3}},"508":{"start":{"line":1008,"column":16},"end":{"line":1008,"column":56}},"509":{"start":{"line":1009,"column":19},"end":{"line":1009,"column":52}},"510":{"start":{"line":1010,"column":20},"end":{"line":1010,"column":65}},"511":{"start":{"line":1012,"column":22},"end":{"line":1012,"column":62}},"512":{"start":{"line":1013,"column":22},"end":{"line":1013,"column":62}},"513":{"start":{"line":1014,"column":28},"end":{"line":1014,"column":74}},"514":{"start":{"line":1015,"column":23},"end":{"line":1015,"column":63}},"515":{"start":{"line":1016,"column":29},"end":{"line":1016,"column":76}},"516":{"start":{"line":1017,"column":24},"end":{"line":1017,"column":66}},"517":{"start":{"line":1018,"column":28},"end":{"line":1018,"column":74}},"518":{"start":{"line":1021,"column":2},"end":{"line":1044,"column":5}},"519":{"start":{"line":1022,"column":4},"end":{"line":1043,"column":7}},"520":{"start":{"line":1023,"column":18},"end":{"line":1023,"column":38}},"521":{"start":{"line":1024,"column":21},"end":{"line":1024,"column":63}},"522":{"start":{"line":1025,"column":21},"end":{"line":1025,"column":65}},"523":{"start":{"line":1027,"column":18},"end":{"line":1027,"column":67}},"524":{"start":{"line":1028,"column":27},"end":{"line":1028,"column":66}},"525":{"start":{"line":1029,"column":21},"end":{"line":1031,"column":12}},"526":{"start":{"line":1032,"column":28},"end":{"line":1032,"column":67}},"527":{"start":{"line":1034,"column":6},"end":{"line":1034,"column":33}},"528":{"start":{"line":1035,"column":6},"end":{"line":1035,"column":33}},"529":{"start":{"line":1036,"column":6},"end":{"line":1036,"column":45}},"530":{"start":{"line":1037,"column":6},"end":{"line":1037,"column":34}},"531":{"start":{"line":1038,"column":6},"end":{"line":1038,"column":47}},"532":{"start":{"line":1039,"column":6},"end":{"line":1039,"column":68}},"533":{"start":{"line":1040,"column":6},"end":{"line":1040,"column":72}},"534":{"start":{"line":1042,"column":6},"end":{"line":1042,"column":35}},"535":{"start":{"line":1047,"column":2},"end":{"line":1047,"column":75}},"536":{"start":{"line":1047,"column":44},"end":{"line":1047,"column":72}},"537":{"start":{"line":1050,"column":2},"end":{"line":1052,"column":3}},"538":{"start":{"line":1051,"column":4},"end":{"line":1051,"column":78}},"539":{"start":{"line":1051,"column":47},"end":{"line":1051,"column":75}},"540":{"start":{"line":1055,"column":2},"end":{"line":1057,"column":5}},"541":{"start":{"line":1056,"column":4},"end":{"line":1056,"column":57}},"542":{"start":{"line":1056,"column":28},"end":{"line":1056,"column":57}},"543":{"start":{"line":1060,"column":2},"end":{"line":1065,"column":7}},"544":{"start":{"line":1063,"column":6},"end":{"line":1063,"column":25}},"545":{"start":{"line":1064,"column":6},"end":{"line":1064,"column":35}},"546":{"start":{"line":1072,"column":0},"end":{"line":1128,"column":3}},"547":{"start":{"line":1074,"column":25},"end":{"line":1074,"column":73}},"548":{"start":{"line":1075,"column":28},"end":{"line":1077,"column":10}},"549":{"start":{"line":1078,"column":31},"end":{"line":1080,"column":10}},"550":{"start":{"line":1081,"column":32},"end":{"line":1083,"column":10}},"551":{"start":{"line":1084,"column":26},"end":{"line":1086,"column":3}},"552":{"start":{"line":1087,"column":24},"end":{"line":1087,"column":28}},"553":{"start":{"line":1089,"column":2},"end":{"line":1096,"column":5}},"554":{"start":{"line":1090,"column":4},"end":{"line":1095,"column":7}},"555":{"start":{"line":1091,"column":6},"end":{"line":1091,"column":45}},"556":{"start":{"line":1092,"column":21},"end":{"line":1092,"column":75}},"557":{"start":{"line":1093,"column":6},"end":{"line":1093,"column":43}},"558":{"start":{"line":1094,"column":6},"end":{"line":1094,"column":44}},"559":{"start":{"line":1098,"column":2},"end":{"line":1103,"column":3}},"560":{"start":{"line":1099,"column":4},"end":{"line":1102,"column":6}},"561":{"start":{"line":1101,"column":13},"end":{"line":1101,"column":50}},"562":{"start":{"line":1104,"column":2},"end":{"line":1109,"column":3}},"563":{"start":{"line":1105,"column":4},"end":{"line":1108,"column":6}},"564":{"start":{"line":1107,"column":13},"end":{"line":1107,"column":50}},"565":{"start":{"line":1110,"column":2},"end":{"line":1114,"column":3}},"566":{"start":{"line":1111,"column":4},"end":{"line":1113,"column":7}},"567":{"start":{"line":1112,"column":6},"end":{"line":1112,"column":77}},"568":{"start":{"line":1112,"column":39},"end":{"line":1112,"column":77}},"569":{"start":{"line":1115,"column":2},"end":{"line":1127,"column":3}},"570":{"start":{"line":1116,"column":4},"end":{"line":1126,"column":7}},"571":{"start":{"line":1117,"column":6},"end":{"line":1124,"column":7}},"572":{"start":{"line":1119,"column":27},"end":{"line":1119,"column":67}},"573":{"start":{"line":1120,"column":8},"end":{"line":1123,"column":9}},"574":{"start":{"line":1121,"column":10},"end":{"line":1121,"column":51}},"575":{"start":{"line":1122,"column":10},"end":{"line":1122,"column":46}},"576":{"start":{"line":1125,"column":6},"end":{"line":1125,"column":44}},"577":{"start":{"line":1134,"column":20},"end":{"line":1134,"column":63}},"578":{"start":{"line":1135,"column":2},"end":{"line":1135,"column":25}},"579":{"start":{"line":1135,"column":18},"end":{"line":1135,"column":25}},"580":{"start":{"line":1139,"column":4},"end":{"line":1140,"column":43}},"581":{"start":{"line":1142,"column":4},"end":{"line":1143,"column":43}},"582":{"start":{"line":1145,"column":4},"end":{"line":1146,"column":43}},"583":{"start":{"line":1148,"column":19},"end":{"line":1148,"column":68}},"584":{"start":{"line":1150,"column":23},"end":{"line":1164,"column":3}},"585":{"start":{"line":1151,"column":19},"end":{"line":1151,"column":57}},"586":{"start":{"line":1152,"column":21},"end":{"line":1152,"column":63}},"587":{"start":{"line":1154,"column":6},"end":{"line":1154,"column":76}},"588":{"start":{"line":1156,"column":4},"end":{"line":1160,"column":6}},"589":{"start":{"line":1162,"column":4},"end":{"line":1162,"column":33}},"590":{"start":{"line":1163,"column":4},"end":{"line":1163,"column":19}},"591":{"start":{"line":1166,"column":2},"end":{"line":1171,"column":3}},"592":{"start":{"line":1167,"column":4},"end":{"line":1170,"column":7}},"593":{"start":{"line":1168,"column":6},"end":{"line":1168,"column":25}},"594":{"start":{"line":1169,"column":6},"end":{"line":1169,"column":21}},"595":{"start":{"line":1174,"column":2},"end":{"line":1181,"column":5}},"596":{"start":{"line":1175,"column":4},"end":{"line":1175,"column":21}},"597":{"start":{"line":1175,"column":14},"end":{"line":1175,"column":21}},"598":{"start":{"line":1176,"column":4},"end":{"line":1180,"column":7}},"599":{"start":{"line":1178,"column":6},"end":{"line":1178,"column":59}},"600":{"start":{"line":1178,"column":28},"end":{"line":1178,"column":59}},"601":{"start":{"line":1179,"column":6},"end":{"line":1179,"column":63}},"602":{"start":{"line":1179,"column":42},"end":{"line":1179,"column":56}},"603":{"start":{"line":1184,"column":17},"end":{"line":1184,"column":68}},"604":{"start":{"line":1185,"column":2},"end":{"line":1192,"column":3}},"605":{"start":{"line":1186,"column":4},"end":{"line":1186,"column":48}},"606":{"start":{"line":1187,"column":4},"end":{"line":1187,"column":29}},"607":{"start":{"line":1188,"column":4},"end":{"line":1188,"column":63}},"608":{"start":{"line":1189,"column":4},"end":{"line":1189,"column":45}},"609":{"start":{"line":1190,"column":4},"end":{"line":1191,"column":71}},"610":{"start":{"line":1191,"column":6},"end":{"line":1191,"column":71}},"611":{"start":{"line":1193,"column":2},"end":{"line":1200,"column":5}},"612":{"start":{"line":1194,"column":4},"end":{"line":1194,"column":46}},"613":{"start":{"line":1194,"column":22},"end":{"line":1194,"column":46}},"614":{"start":{"line":1195,"column":4},"end":{"line":1195,"column":50}},"615":{"start":{"line":1195,"column":24},"end":{"line":1195,"column":50}},"616":{"start":{"line":1196,"column":4},"end":{"line":1196,"column":46}},"617":{"start":{"line":1196,"column":22},"end":{"line":1196,"column":46}},"618":{"start":{"line":1197,"column":4},"end":{"line":1197,"column":30}},"619":{"start":{"line":1198,"column":4},"end":{"line":1198,"column":33}},"620":{"start":{"line":1199,"column":4},"end":{"line":1199,"column":19}},"621":{"start":{"line":1207,"column":22},"end":{"line":1207,"column":63}},"622":{"start":{"line":1208,"column":2},"end":{"line":1213,"column":5}},"623":{"start":{"line":1209,"column":4},"end":{"line":1212,"column":7}},"624":{"start":{"line":1210,"column":23},"end":{"line":1210,"column":51}},"625":{"start":{"line":1211,"column":6},"end":{"line":1211,"column":52}},"626":{"start":{"line":1215,"column":24},"end":{"line":1215,"column":67}},"627":{"start":{"line":1216,"column":2},"end":{"line":1225,"column":5}},"628":{"start":{"line":1217,"column":4},"end":{"line":1224,"column":7}},"629":{"start":{"line":1218,"column":23},"end":{"line":1218,"column":51}},"630":{"start":{"line":1219,"column":25},"end":{"line":1219,"column":55}},"631":{"start":{"line":1220,"column":20},"end":{"line":1220,"column":59}},"632":{"start":{"line":1221,"column":22},"end":{"line":1221,"column":69}},"633":{"start":{"line":1222,"column":6},"end":{"line":1222,"column":65}},"634":{"start":{"line":1222,"column":58},"end":{"line":1222,"column":65}},"635":{"start":{"line":1223,"column":6},"end":{"line":1223,"column":54}},"636":{"start":{"line":1227,"column":22},"end":{"line":1227,"column":63}},"637":{"start":{"line":1228,"column":2},"end":{"line":1233,"column":5}},"638":{"start":{"line":1229,"column":4},"end":{"line":1232,"column":7}},"639":{"start":{"line":1230,"column":23},"end":{"line":1230,"column":51}},"640":{"start":{"line":1231,"column":6},"end":{"line":1231,"column":60}},"641":{"start":{"line":1240,"column":24},"end":{"line":1240,"column":67}},"642":{"start":{"line":1242,"column":2},"end":{"line":1264,"column":5}},"643":{"start":{"line":1243,"column":4},"end":{"line":1263,"column":7}},"644":{"start":{"line":1244,"column":23},"end":{"line":1244,"column":51}},"645":{"start":{"line":1245,"column":25},"end":{"line":1245,"column":55}},"646":{"start":{"line":1247,"column":6},"end":{"line":1247,"column":64}},"647":{"start":{"line":1248,"column":6},"end":{"line":1248,"column":27}},"648":{"start":{"line":1250,"column":6},"end":{"line":1262,"column":15}},"649":{"start":{"line":1251,"column":8},"end":{"line":1251,"column":74}},"650":{"start":{"line":1252,"column":8},"end":{"line":1252,"column":45}},"651":{"start":{"line":1253,"column":8},"end":{"line":1253,"column":42}},"652":{"start":{"line":1255,"column":27},"end":{"line":1255,"column":70}},"653":{"start":{"line":1256,"column":8},"end":{"line":1259,"column":9}},"654":{"start":{"line":1257,"column":10},"end":{"line":1258,"column":62}},"655":{"start":{"line":1261,"column":8},"end":{"line":1261,"column":57}},"656":{"start":{"line":1271,"column":16},"end":{"line":1271,"column":32}},"657":{"start":{"line":1272,"column":2},"end":{"line":1275,"column":3}},"658":{"start":{"line":1273,"column":4},"end":{"line":1273,"column":33}},"659":{"start":{"line":1274,"column":4},"end":{"line":1274,"column":44}},"660":{"start":{"line":1282,"column":2},"end":{"line":1472,"column":3}},"661":{"start":{"line":1285,"column":27},"end":{"line":1285,"column":72}},"662":{"start":{"line":1287,"column":21},"end":{"line":1287,"column":67}},"663":{"start"
[...]
,"407":0,"408":0,"409":0,"410":0,"411":0,"412":0,"413":1,"414":1,"415":0,"416":0,"417":0,"418":0,"419":0,"420":0,"421":0,"422":0,"423":0,"424":0,"425":1,"426":1,"427":0,"428":0,"429":0,"430":0,"431":0,"432":1,"433":1,"434":1,"435":0,"436":0,"437":0,"438":1,"439":1,"440":1,"441":0,"442":0,"443":0,"444":0,"445":0,"446":0,"447":0,"448":0,"449":1,"450":0,"451":0,"452":0,"453":0,"454":0,"455":0,"456":0,"457":0,"458":0,"459":0,"460":0,"461":1,"462":1,"463":1,"464":0,"465":0,"466":0,"467":0,"468":1,"469":0,"470":1,"471":1,"472":1,"473":1,"474":1,"475":1,"476":0,"477":0,"478":0,"479":0,"480":0,"481":0,"482":0,"483":1,"484":1,"485":1,"486":1,"487":0,"488":0,"489":0,"490":0,"491":0,"492":0,"493":0,"494":0,"495":0,"496":0,"497":0,"498":0,"499":0,"500":0,"501":1,"502":1,"503":1,"504":0,"505":1,"506":0,"507":1,"508":1,"509":1,"510":0,"511":0,"512":0,"513":0,"514":0,"515":0,"516":0,"517":0,"518":0,"519":0,"520":0,"521":0,"522":0,"523":0,"524":0,"525":0,"526":0,"527":0,"528":0,"529":0,"530":0,"531":0,"532":0,"533":0,"534":0,"535":0,"536":0,"537":0,"538":0,"539":0,"540":0,"541":0,"542":0,"543":0,"544":0,"545":0,"546":1,"547":1,"548":1,"549":1,"550":1,"551":1,"552":1,"553":1,"554":0,"555":0,"556":0,"557":0,"558":0,"559":1,"560":0,"561":0,"562":1,"563":0,"564":0,"565":1,"566":0,"567":0,"568":0,"569":1,"570":0,"571":0,"572":0,"573":0,"574":0,"575":0,"576":0,"577":1,"578":1,"579":1,"580":0,"581":0,"582":0,"583":0,"584":0,"585":0,"586":0,"587":0,"588":0,"589":0,"590":0,"591":0,"592":0,"593":0,"594":0,"595":0,"596":0,"597":0,"598":0,"599":0,"600":0,"601":0,"602":0,"603":0,"604":0,"605":0,"606":0,"607":0,"608":0,"609":0,"610":0,"611":0,"612":0,"613":0,"614":0,"615":0,"616":0,"617":0,"618":0,"619":0,"620":0,"621":1,"622":1,"623":0,"624":0,"625":0,"626":1,"627":1,"628":0,"629":0,"630":0,"631":0,"632":0,"633":0,"634":0,"635":0,"636":1,"637":1,"638":0,"639":0,"640":0,"641":1,"642":1,"643":0,"644":0,"645":0,"646":0,"647":0,"648":0,"649":0,"650":0,"651":0,"652":0,"653":0,"654":0,"655":0,"656":0,"657":0,"658":0,"659":0,"660":0,"661":0,"662":0,"663":0,"664":0,"665":0,"666":0,"667":0,"668":0,"669":0,"670":0,"671":0,"672":0,"673":0,"674":0,"675":0,"676":0,"677":0,"678":0,"679":0,"680":0,"681":0,"682":0,"683":0,"684":0,"685":0,"686":0,"687":0,"688":0,"689":0,"690":0,"691":0,"692":0,"693":0,"694":0,"695":0,"696":0,"697":0,"698":0,"699":0,"700":0,"701":0,"702":0,"703":0,"704":0,"705":0,"706":0,"707":0,"708":0,"709":0,"710":0,"711":0,"712":0,"713":0,"714":0,"715":0,"716":0,"717":0,"718":0,"719":0,"720":0,"721":0,"722":0,"723":0,"724":0,"725":0,"726":0,"727":0,"728":0,"729":0,"730":0,"731":0,"732":0,"733":0,"734":0,"735":0,"736":0,"737":0,"738":0,"739":0,"740":0,"741":0,"742":0,"743":0,"744":0,"745":0,"746":0,"747":0,"748":0,"749":0,"750":0,"751":0,"752":0,"753":0,"754":0,"755":0,"756":0,"757":0,"758":0,"759":0,"760":0,"761":0,"762":0,"763":0,"764":0,"765":0,"766":0,"767":0,"768":0,"769":0,"770":0,"771":0,"772":0,"773":0,"774":0,"775":0,"776":0,"777":0,"778":0,"779":0,"780":0,"781":0,"782":0,"783":0,"784":0,"785":0,"786":0,"787":0,"788":0,"789":0,"790":0,"791":0,"792":0,"793":0,"794":0,"795":0,"796":0,"797":0,"798":0,"799":0,"800":0,"801":0,"802":0,"803":0,"804":0,"805":0,"806":0,"807":0,"808":0,"809":0,"810":0,"811":0,"812":0,"813":0,"814":0,"815":0,"816":0,"817":0,"818":0,"819":0,"820":0,"821":0,"822":0,"823":0,"824":0,"825":0,"826":0,"827":0,"828":0,"829":0,"830":0,"831":0,"832":0,"833":0,"834":0,"835":0,"836":0,"837":0,"838":0,"839":0,"840":0,"841":0,"842":0,"843":0,"844":0,"845":0,"846":0,"847":0,"848":0,"849":0,"850":0,"851":0,"852":0,"853":0,"854":0,"855":0,"856":0,"857":0,"858":0,"859":0,"860":0,"861":0,"862":0,"863":0,"864":0,"865":0,"866":0,"867":0,"868":0,"869":0,"870":0,"871":0,"872":0,"873":0,"874":0,"875":0,"876":0,"877":0,"878":0,"879":0,"880":0,"881":0,"882":0,"883":0,"884":0,"885":0,"886":0,"887":0,"888":0,"889":0,"890":0,"891":0,"892":0,"893":1,"894":1,"895":1,"896":1,"897":1,"898":1,"899":0,"900":1,"901":0,"902":0,"903":0,"904":1,"905":1,"906":1,"907":1,"908":1,"909":1,"910":1,"911":1,"912":1,"913":1,"914":1,"915":0,"916":1,"917":0,"918":1,"919":0,"920":1,"921":1,"922":1,"923":0,"924":0,"925":0,"926":0,"927":0,"928":0,"929":0,"930":0,"931":0,"932":1,"933":1,"934":1,"935":1,"936":1,"937":1,"938":1,"939":1,"940":1,"941":1,"942":1,"943":1,"944":1,"945":1,"946":0,"947":0,"948":0,"949":0,"950":0,"951":0,"952":0,"953":0,"954":0,"955":0,"956":0,"957":0,"958":0,"959":0,"960":0,"961":0,"962":0,"963":0,"964":0,"965":0,"966":0,"967":0,"968":0,"969":0,"970":0,"971":0,"972":0,"973":0,"974":0,"975":0,"976":0,"977":0,"978":0,"979":0,"980":0,"981":0,"982":0,"983":0,"984":0,"985":0,"986":0,"987":0,"988":0,"989":0,"990":0,"991":0,"992":0,"993":0,"994":0,"995":0,"996":0,"997":0,"998":0,"999":0,"1000":0,"1001":1,"1002":1,"1003":1,"1004":0,"1005":0,"1006":0,"1007":0,"1008":0,"1009":0,"1010":0,"1011":0,"1012":0,"1013":0,"1014":0,"1015":0,"1016":0,"1017":0,"1018":0,"1019":0,"1020":0,"1021":0,"1022":0,"1023":0,"1024":0,"1025":0,"1026":0,"1027":0,"1028":0,"1029":0,"1030":0,"1031":0,"1032":0,"1033":0,"1034":0,"1035":0,"1036":0,"1037":0,"1038":0,"1039":0,"1040":0,"1041":0,"1042":0,"1043":0,"1044":0,"1045":0,"1046":0,"1047":0,"1048":0,"1049":0,"1050":0,"1051":0,"1052":0,"1053":0,"1054":0,"1055":0,"1056":0,"1057":0,"1058":0,"1059":0,"1060":0,"1061":1,"1062":1,"1063":1,"1064":0,"1065":0,"1066":0,"1067":0,"1068":0,"1069":0,"1070":0,"1071":0,"1072":0,"1073":0,"1074":0,"1075":0,"1076":0,"1077":0,"1078":0,"1079":0,"1080":0,"1081":0,"1082":0,"1083":0,"1084":0,"1085":0,"1086":0,"1087":0,"1088":0,"1089":0,"1090":0,"1091":0,"1092":0,"1093":0,"1094":0,"1095":0,"1096":0,"1097":0,"1098":0,"1099":0,"1100":0,"1101":0,"1102":0,"1103":0,"1104":0,"1105":0,"1106":0,"1107":0,"1108":0,"1109":0,"1110":0,"1111":0,"1112":0,"1113":0,"1114":0,"1115":0,"1116":0,"1117":0,"1118":0,"1119":0,"1120":0,"1121":0,"1122":0,"1123":0,"1124":0,"1125":0,"1126":0,"1127":0,"1128":0,"1129":0,"1130":0,"1131":0,"1132":0,"1133":0,"1134":0,"1135":0,"1136":0,"1137":0,"1138":0,"1139":0,"1140":0,"1141":0,"1142":0,"1143":0,"1144":0,"1145":0,"1146":0,"1147":0,"1148":0,"1149":0,"1150":0,"1151":0,"1152":0,"1153":0,"1154":0,"1155":0,"1156":0,"1157":0,"1158":0,"1159":0,"1160":0,"1161":0,"1162":0,"1163":0,"1164":0,"1165":0,"1166":0,"1167":0,"1168":0,"1169":0,"1170":0,"1171":0,"1172":0,"1173":0,"1174":0,"1175":0,"1176":0,"1177":0,"1178":0,"1179":0,"1180":0,"1181":0,"1182":0,"1183":0,"1184":0,"1185":0,"1186":0,"1187":0,"1188":0,"1189":0,"1190":0,"1191":0,"1192":0,"1193":0,"1194":0,"1195":0,"1196":0,"1197":0,"1198":0,"1199":0,"1200":0,"1201":0,"1202":0,"1203":0,"1204":0,"1205":0,"1206":0,"1207":0,"1208":0,"1209":0,"1210":0,"1211":0,"1212":0,"1213":0,"1214":0,"1215":0,"1216":0,"1217":0,"1218":0,"1219":0,"1220":0,"1221":0,"1222":0,"1223":0,"1224":0,"1225":0,"1226":0,"1227":0,"1228":0,"1229":0,"1230":0,"1231":0,"1232":0,"1233":0,"1234":0,"1235":0,"1236":0,"1237":0,"1238":0,"1239":0,"1240":0,"1241":0,"1242":0,"1243":0,"1244":0,"1245":0,"1246":0,"1247":0,"1248":0,"1249":0,"1250":0,"1251":0,"1252":0,"1253":0,"1254":0,"1255":0,"1256":0,"1257":0,"1258":0,"1259":0,"1260":0,"1261":0,"1262":0,"1263":0,"1264":0,"1265":0,"1266":0,"1267":0,"1268":0,"1269":0,"1270":0,"1271":0,"1272":0,"1273":0,"1274":0,"1275":0,"1276":0,"1277":0,"1278":0,"1279":0,"1280":0,"1281":0,"1282":0,"1283":0,"1284":0,"1285":0,"1286":0,"1287":0,"1288":0,"1289":0,"1290":0,"1291":0,"1292":0,"1293":0,"1294":0,"1295":0,"1296":0,"1297":0,"1298":0,"1299":0,"1300":0,"1301":0,"1302":0,"1303":0,"1304":0,"1305":0,"1306":0,"1307":0,"1308":0,"1309":0,"1310":0,"1311":0,"1312":0,"1313":0,"1314":0,"1315":0,"1316":0,"1317":0,"1318":0,"1319":0,"1320":0,"1321":0,"1322":0,"1323":0,"1324":0,"1325":0,"1326":0,"1327":0,"1328":0,"1329":0,"1330":0,"1331":0,"1332":0,"1333":0,"1334":0,"1335":0,"1336":0,"1337":0,"1338":0,"1339":0,"1340":0,"1341":0,"1342":0,"1343":0,"1344":0,"1345":0,"1346":0,"1347":0,"1348":0,"1349":0,"1350":0,"1351":0,"1352":0,"1353":0,"1354":0,"1355":0,"1356":0,"1357":0,"1358":0,"1359":0,"1360":0,"1361":0,"1362":0,"1363":0,"1364":0,"1365":0,"1366":0,"1367":0,"1368":0,"1369":0,"1370":0,"1371":0,"1372":0,"1373":0,"1374":0,"1375":0,"1376":0,"1377":0,"1378":0,"1379":0,"1380":0,"1381":0,"1382":0,"1383":0,"1384":0,"1385":0,"1386":0,"1387":0,"1388":0,"1389":0,"1390":0,"1391":0,"1392":0,"1393":0,"1394":0,"1395":0,"1396":0,"1397":0,"1398":0,"1399":0,"1400":0,"1401":0,"1402":0,"1403":0,"1404":0,"1405":0,"1406":0,"1407":0,"1408":0,"1409":0,"1410":0,"1411":0,"1412":0,"1413":0,"1414":0,"1415":0,"1416":0,"1417":0,"1418":0,"1419":0,"1420":0,"1421":0,"1422":0,"1423":0,"1424":0,"1425":0,"1426":0,"1427":0,"1428":0,"1429":0,"1430":0,"1431":0,"1432":0,"1433":0,"1434":0,"1435":0,"1436":0,"1437":0,"1438":0,"1439":0,"1440":0,"1441":0,"1442":0,"1443":0,"1444":0,"1445":0,"1446":0,"1447":0,"1448":0,"1449":0,"1450":0,"1451":0,"1452":0,"1453":0,"1454":0,"1455":0,"1456":0,"1457":0,"1458":0,"1459":0,"1460":0,"1461":0,"1462":3,"1463":0,"1464":3,"1465":3,"1466":3,"1467":3,"1468":3,"1469":3,"1470":0,"1471":1,"1472":1,"1473":1,"1474":1,"1475":1,"1476":0,"1477":0,"1478":0,"1479":0,"1480":0,"1481":0,"1482":0,"1483":0,"1484":0,"1485":1,"1486":1,"1487":2,"1488":0,"1489":0,"1490":2,"1491":2,"1492":2,"1493":0,"1494":0,"1495":2,"1496":2,"1497":2,"1498":2,"1499":0,"1500":0,"1501":2,"1502":2,"1503":0,"1504":2,"1505":2,"1506":0,"1507":0,"1508":0,"1509":0,"1510":2,"1511":2,"1512":2,"1513":0,"1514":0,"1515":0,"1516":0,"1517":0,"1518":0,"1519":0,"1520":0,"1521":0,"1522":2,"1523":4,"1524":4,"1525":0,"1526":0,"1527":0,"1528":0,"1529":0,"1530":0,"1531":0,"1532":0,"1533":0,"1534":0,"1535":0,"1536":0,"1537":0,"1538":0,"1539":0,"1540":0,"1541":0,"1542":0,"1543":0,"1544":0,"1545":0,"1546":4,"1547":4,"1548":0,"1549":4,"1550":4,"1551":0,"1552":4,"1553":4,"1554":4,"1555":4,"1556":4,"1557":3,"1558":3,"1559":3,"1560":4,"1561":4,"1562":0,"1563":0,"1564":2,"1565":2,"1566":2,"1567":2,"1568":0,"1569":0,"1570":0,"1571":0,"1572":0,"1573":0,"1574":0,"1575":0,"1576":0,"1577":0,"1578":0,"1579":0,"1580":0,"1581":0,"1582":0,"1583":0,"1584":0,"1585":0,"1586":0,"1587":0,"1588":0,"1589":0,"1590":0,"1591":0,"1592":0,"1593":0,"1594":0,"1595":0,"1596":0,"1597":1,"1598":1,"1599":1,"1600":1,"1601":0,"1602":0,"1603":0,"1604":0,"1605":0,"1606":0,"1607":0,"1608":0,"1609":0,"1610":0,"1611":0,"1612":0,"1613":0,"1614":0,"1615":0,"1616":0,"1617":0,"1618":0,"1619":0,"1620":0,"1621":0,"1622":0,"1623":0},"f":{"0":3,"1":1,"2":0,"3":0,"4":0,"5":0,"6":0,"7":0,"8":0,"9":0,"10":0,"11":0,"12":9,"13":2,"14":1,"15":0,"16":0,"17":0,"18":3,"19":3,"20":0,"21":1,"22":0,"23":0,"24":0,"25":1,"26":0,"27":0,"28":0,"29":0,"30":0,"31":0,"32":0,"33":0,"34":0,"35":0,"36":1,"37":0,"38":1,"39":0,"40":1,"41":0,"42":0,"43":0,"44":0,"45":0,"46":0,"47":0,"48":1,"49":1,"50":0,"51":0,"52":0,"53":0,"54":0,"55":0,"56":0,"57":1,"58":1,"59":0,"60":1,"61":0,"62":1,"63":0,"64":1,"65":0,"66":0,"67":0,"68":0,"69":0,"70":0,"71":0,"72":1,"73":0,"74":0,"75":0,"76":0,"77":0,"78":0,"79":1,"80":1,"81":0,"82":0,"83":0,"84":0,"85":0,"86":0,"87":1,"88":0,"89":0,"90":0,"91":0,"92":0,"93":0,"94":1,"95":0,"96":0,"97":0,"98":0,"99":0,"100":0,"101":1,"102":0,"103":0,"104":0,"105":0,"106":0,"107":0,"108":1,"109":0,"110":0,"111":0,"112":0,"113":0,"114":0,"115":0,"116":0,"117":0,"118":0,"119":0,"120":0,"121":0,"122":0,"123":0,"124":0,"125":0,"126":0,"127":1,"128":0,"129":0,"130":0,"131":0,"132":0,"133":1,"134":0,"135":0,"136":0,"137":0,"138":0,"139":0,"140":1,"141":0,"142":0,"143":0,"144":0,"145":0,"146":0,"147":0,"148":0,"149":0,"150":0,"151":0,"152":0,"153":0,"154":0,"155":0,"156":0,"157":0,"158":0,"159":0,"160":0,"161":0,"162":0,"163":0,"164":0,"165":0,"166":0,"167":0,"168":3,"169":1,"170":0,"171":2,"172":2,"173":0,"174":0,"175":4,"176":0,"177":0,"178":0,"179":0,"180":0,"181":4,"182":4,"183":0,"184":0,"185":0,"186":0,"187":0,"188":1,"189":0,"190":0},"b":{"0":[2,1],"1":[1,0],"2":[0,0],"3":[0,0,0],"4":[0,0],"5":[0,0],"6":[1,1,1],"7":[9,0],"8":[0,2],"9":[2,2],"10":[0,0],"11":[0,0],"12":[0,0],"13":[0,0],"14":[0,0],"15":[0,0],"16":[0,0],"17":[0,0],"18":[0,0],"19":[0,0],"20":[0,0],"21":[0,0],"22":[0,0],"23":[0,0],"24":[0,0],"25":[0,0],"26":[0,0],"27":[0,0],"28":[0,0,0],"29":[0,0],"30":[0,0],"31":[0,0],"32":[0,0],"33":[1,0],"34":[1,1],"35":[1,0],"36":[0],"37":[2,1],"38":[1,1],"39":[0,3],"40":[2,1],"41":[0,3],"42":[3,0],"43":[3,0],"44":[2,1],"45":[3,0],"46":[3,0],"47":[1,0],"48":[1,1],"49":[1,0],"50":[1,0],"51":[1,1],"52":[1,0],"53":[0,1],"54":[1,1,1,1],"55":[0,0,0,0],"56":[0,0,0,0],"57":[1,0],"58":[0,1],"59":[1,1,1],"60":[0,0,0,0],"61":[0,0,0,0],"62":[0,1],"63":[0,1],"64":[1,0],"65":[1,0],"66":[0,0],"67":[0,0],"68":[0,0],"69":[0,0],"70":[0,0],"71":[0,0],"72":[0,0],"73":[0,0],"74":[0,0,0],"75":[0,0,0,0],"76":[0,0],"77":[0,0],"78":[0,0],"79":[0,0],"80":[0,0],"81":[0,0],"82":[0,0,0,0],"83":[0,0],"84":[0,0],"85":[0,0],"86":[0,0],"87":[0,0,0],"88":[0,0],"89":[0,0],"90":[0,0],"91":[0,0],"92":[0,0],"93":[0,0,0],"94":[0,0],"95":[0,0],"96":[0,0],"97":[0,0],"98":[0,0],"99":[0,0],"100":[0,0],"101":[0,0],"102":[0,0],"103":[0,0],"104":[0,0,0,0,0],"105":[1,0],"106":[0,0],"107":[0,0],"108":[0,0],"109":[0,0],"110":[0,0],"111":[0,0],"112":[0,0],"113":[0,0],"114":[0,0],"115":[0,0],"116":[0,0],"117":[0,1],"118":[0,0],"119":[0,0],"120":[0,0],"121":[0,0],"122":[0,0],"123":[0,0],"124":[0,0],"125":[0,0],"126":[1,0],"127":[0,0],"128":[0,0],"129":[0,0],"130":[0,0],"131":[0,0],"132":[0,0],"133":[0,0],"134":[0,0],"135":[0,0],"136":[0,0],"137":[0,0],"138":[0,0],"139":[0,0],"140":[1,0],"141":[0,0],"142":[0,0],"143":[1,0],"144":[0,0,0,0],"145":[1,0],"146":[0,0],"147":[0,0],"148":[0,0],"149":[0,0],"150":[0,0],"151":[0,0],"152":[0,0],"153":[0,1],"154":[1,1],"155":[0,0],"156":[1,1],"157":[0,0],"158":[0,1],"159":[1,0],"160":[0,0],"161":[0,1],"162":[1,0],"163":[0,0],"164":[0,0],"165":[0,0],"166":[0,0],"167":[0,1],"168":[0,0],"169":[0,0],"170":[0,0],"171":[0,0],"172":[0,0],"173":[0,0],"174":[0,0],"175":[0,0],"176":[0,1],"177":[0,1],"178":[0,1],"179":[0,1],"180":[0,1],"181":[0,1],"182":[0,0],"183":[0,1],"184":[0,0],"185":[0,0],"186":[1,0],"187":[0,0],"188":[0,0],"189":[0,0],"190":[0,0],"191":[0,0],"192":[0,0],"193":[0,0],"194":[0,0],"195":[0,0],"196":[0,0],"197":[0,0],"198":[0,0],"199":[0,0],"200":[0,0],"201":[0,0],"202":[0,0],"203":[0,0],"204":[0,0],"205":[0,0],"206":[0,0],"207":[0,0],"208":[0,0],"209":[0,0],"210":[0,0,0],"211":[0,0],"212":[0,0],"213":[0,0],"214":[0,0],"215":[0,0],"216":[0,0],"217":[0,0],"218":[0,0],"219":[0,0],"220":[0,0],"221":[0,0],"222":[0,0],"223":[0,0],"224":[0,0],"225":[0,0],"226":[0,0],"227":[0,0],"228":[0,0],"229":[0,0],"230":[0,0],"231":[0,0],"232":[0,0],"233":[0,0],"234":[0,0],"235":[0,0],"236":[0,0],"237":[0,0],"238":[0,0],"239":[0,0],"240":[0,0],"241":[0,0],"242":[0,0],"243":[0,0],"244":[0,0],"245":[0,0],"246":[0,0],"247":[0,0],"248":[0,0],"249":[0,0],"250":[0,0],"251":[0,0],"252":[0,0],"253":[0,0,0],"254":[0,0],"255":[0,0,0,0,0,0],"256":[0,0,0,0],"257":[0,0],"258":[0,0],"259":[0,0],"260":[0,0],"261":[0,0],"262":[0,0],"263":[0,0],"264":[0,0],"265":[0,0,0,0],"266":[0,0],"267":[0,0,0,0,0,0],"268":[0,0],"269":[0,0,0,0,0],"270":[0,0],"271":[0,0],"272":[0,0],"273":[0,0],"274":[0,0],"275":[0,0],"276":[0,0],"277":[0,0],"278":[0,0],"279":[0,0],"280":[0,0],"281":[0,0],"282":[0,0,0,0,0],"283":[0,0],"284":[0,0],"285":[0,0],"286":[0,0,0,0,0,0,0],"287":[0,0],"288":[0,0,0,0,0],"289":[0,0],"290":[0,0],"291":[0,0,0,0,0],"292":[0,0],"293":[0,0,0,0,0],"294":[0,0],"295":[0,0],"296":[0,0],"297":[0,0],"298":[0,0],"299":[0,0],"300":[0,0],"301":[0,0],"302":[0,0],"303":[0,0],"304":[0,0],"305":[0,0],"306":[0,0],"307":[1,0],"308":[1,0],"309":[0,1],"310":[0,1],"311":[1,1],"312":[0,0],"313":[1,0],"314":[1,0],"315":[1,0],"316":[1,0],"317":[1,1],"318":[0,1],"319":[0,1],"320":[0,1],"321":[1,0],"322":[0,1],"323":[0,0],"324":[0,0],"325":[0,0],"326":[1,0],"327":[0,0],"328":[0,1],"329":[1,0],"330":[1,0],"331":[1,0],"332":[0,0],"333":[0,0],"334":[0],"335":[0],"336":[0],"337":[0],"338":[0],"339":[0],"340":[0,0],"341":[0,0],"342":[0,0],"343":[0,0],"344":[0,0],"345":[0,0],"346":[0,0],"347":[0,0],"348":[0,0],"349":[0,0],"350":[1,0],"351":[0,0],"352":[0,0],"353":[0,0],"354":[0,0],"355":[0,0],"356":[0,0],"357":[0,0],"358":[0,0],"359":[0,0],"360":[0,0],"361":[0,0],"362":[0,0],"363":[0,0,0],"364":[0,0],"365":[0,0,0,0],"366":[0,0],"367":[0,0],"368":[0,0,0],"369":[0,0],"370":[0,0],"371":[0,0,0],"372":[0,0],"373":[0,0],"374":[0,0],"375":[0,0],"376":[0,0,0],"377":[0,0],"378":[0,0],"379":[0,0],"380":[0,0],"381":[0,0],"382":[0,0],"383":[0,0],"384":[0,0],"385":[0,0],"386":[0,0],"387":[0,0],"388":[0,0],"389":[0,0],"390":[0,0],"391":[0,0],"392":[0,0],"393":[0,0],"394":[0,0],"395":[1,0],"396":[0,0],"397":[0,0],"398":[0,0,0],"399":[0,0],"400":[0,0],"401":[0,0],"402":[0,0],"403":[0,0],"404":[0,0],"405":[0,0],"406":[0,0],"407":[0,0],"408":[0,0,0],"409":[0,0],"410":[0,0,0,0,0,0],"411":[0,0,0,0],"412":[0,0],"413":[0,0],"414":[0,0],"415":[0,0],"416":[0,0],"417":[0,0],"418":[0,0],"419":[0,0],"420":[0,0,0,0],"421":[0,0],"422":[0,0,0,0,0,0],"423":[0,0],"424":[0,0,0,0,0],"425":[0,0],"426":[0,0],"427":[0,0],"428":[0,0],"429":[0,0],"430":[0,0],"431":[0,0],"432":[0,0],"433":[0,0],"434":[0,0],"435":[0,0],"436":[0,0],"437":[0,0,0,0,0],"438":[0,0],"439":[0,0],"440":[0,0],"441":[0,0,0,0,0,0,0],"442":[0,0],"443":[0,0,0,0,0],"444":[0,0],"445":[0,0],"446":[0,0,0,0,0],"447":[0,0],"448":[0,0,0,0,0],"449":[0,0],"450":[0,0],"451":[0,0],"452":[0,0],"453":[0,0],"454":[0,0],"455":[0,0],"456":[0,0],"457":[0,0],"458":[0,0],"459":[0,0],"460":[0,0],"461":[0,0],"462":[0,0,0],"463":[0,0],"464":[0,0,0,0,0],"465":[0,0,0,0,0,0],"466":[0,0],"467":[0,0],"468":[0,0],"469":[0,0],"470":[0,0],"471":[0,0],"472":[0,0],"473":[0,0],"474":[0,0],"475":[0,0],"476":[0,0],"477":[0,0],"478":[0,0],"479":[0,0,0,0],"480":[0,0],"481":[0,0,0],"482":[0,0],"483":[0,0],"484":[0,0],"485":[0,0],"486":[0,0,0],"487":[0,0],"488":[0,0],"489":[0,0],"490":[0,0],"491":[0,0],"492":[0,0],"493":[0,0],"494":[0,0],"495":[0,0],"496":[0,0],"497":[0,0],"498":[0,0],"499":[0,0],"500":[0,0],"501":[0,0],"502":[0,0],"503":[0,0],"504":[0,0],"505":[0,0,0,0,0],"506":[0,0],"507":[0,0],"508":[0,0],"509":[0,0,0,0,0,0,0],"510":[0,0],"511":[0,0],"512":[0,0],"513":[0,0,0,0,0],"514":[0,0],"515":[0,0,0,0,0],"516":[0,0],"517":[0,0],"518":[0,0],"519":[0,0],"520":[0,0,0],"521":[0,0],"522":[0,0],"523":[0,0],"524":[0,0,0],"525":[0,0],"526":[0,0],"527":[0,0],"528":[0,0],"529":[0,0],"530":[0,0],"531":[0,0],"532":[0,0],"533":[0,0],"534":[0,0],"535":[0,0,0,0,0],"536":[0,0],"537":[0,0],"538":[0,0],"539":[0,0,0],"540":[0,0],"541":[0,0],"542":[0,0],"543":[0,0],"544":[0,0],"545":[0,0],"546":[0,0],"547":[0,0],"548":[0,0],"549":[0,0],"550":[0,0],"551":[0,0],"552":[0,0],"553":[0,0],"554":[0,0],"555":[0,0],"556":[0,0],"557":[0,0],"558":[0,0],"559":[0,0],"560":[0,0],"561":[0,0],"562":[0,0],"563":[0,0],"564":[0,0],"565":[0,0],"566":[0,0],"567":[0,0],"568":[0,0],"569":[0,0],"570":[0,0],"571":[0,0],"572":[0,0],"573":[0,0],"574":[0,0,0,0,0,0],"575":[0,0],"576":[0,0],"577":[0,0],"578":[0,0],"579":[0,0],"580":[0,0],"581":[0,0],"582":[0,0],"583":[0,0,0],"584":[0,0],"585":[0,0],"586":[0,0,0],"587":[0,0],"588":[0,0],"589":[0,0],"590":[0,0],"591":[0,0,0],"592":[0,0],"593":[0,0,0],"594":[0,0],"595":[0,0],"596":[0,0],"597":[0,0],"598":[0,0],"599":[0,0],"600":[0,0],"601":[0,0],"602":[0,0],"603":[0,0],"604":[0,0],"605":[0,0],"606":[0,0],"607":[0,0],"608":[0,0,0],"609":[0,0],"610":[0,0],"611":[0,0],"612":[0,3],"613":[3,0],"614":[3,3],"615":[1,0],"616":[0,0],"617":[0,0],"618":[1,0],"619":[1,1],"620":[0,2],"621":[2,0],"622":[0,2],"623":[2,0],"624":[0,2],"625":[0,0,0],"626":[0,0,0,0],"627":[0,2],"628":[0,0],"629":[0,0,0],"630":[0,0,0],"631":[4,0],"632":[0,0],"633":[0,0],"634":[0,0],"635":[0,0],"636":[0],"637":[2,2],"638":[2,2],"639":[0,4],"640":[2,2],"641":[0,4],"642":[4,2],"643":[4,0],"644":[3,1],"645":[4,0],"646":[4,0],"647":[2,0],"648":[0,0],"649":[0,0],"650":[0],"651":[0],"652":[0,0],"653":[0,0],"654":[0,0],"655":[1,0],"656":[0,0],"657":[0,0],"658":[0,0],"659":[0,0],"660":[0,0]},"_coverageSchema":"1a1c01bbd47fc00a2c39e90264f33305004495a9","hash":"e6bff3a1f908e63b40bce766f0922e786b1ed774"}
}
