TN:
SF:frontend/assets/js/admin-common.js
FN:2,(anonymous_0)
FN:3,injectCsrf
FN:6,(anonymous_2)
FN:9,(anonymous_3)
FNF:4
FNH:4
FNDA:2,(anonymous_0)
FNDA:2,injectCsrf
FNDA:1,(anonymous_2)
FNDA:1,(anonymous_3)
DA:2,2
DA:4,2
DA:5,1
DA:6,1
DA:7,1
DA:8,1
DA:9,1
DA:10,1
DA:11,1
DA:12,1
DA:13,1
DA:14,1
DA:15,1
DA:25,2
LF:14
LH:14
BRDA:4,0,0,1
BRDA:4,0,1,1
BRDA:10,1,0,1
BRDA:10,1,1,0
BRF:4
BRH:3
end_of_record
TN:
SF:frontend/assets/js/expertos.js
FN:5,(anonymous_0)
FN:9,(anonymous_1)
FN:32,(anonymous_2)
FN:39,buildUrl
FN:47,(anonymous_4)
FN:82,initSseReload
FN:87,(anonymous_6)
FNF:7
FNH:1
FNDA:0,(anonymous_0)
FNDA:0,(anonymous_1)
FNDA:0,(anonymous_2)
FNDA:0,buildUrl
FNDA:0,(anonymous_4)
FNDA:3,initSseReload
FNDA:0,(anonymous_6)
DA:5,2
DA:6,0
DA:8,0
DA:9,0
DA:11,0
DA:14,0
DA:15,0
DA:18,0
DA:20,0
DA:21,0
DA:26,0
DA:32,2
DA:33,0
DA:34,0
DA:37,0
DA:40,0
DA:41,0
DA:42,0
DA:44,0
DA:47,0
DA:48,0
DA:49,0
DA:50,0
DA:53,0
DA:55,0
DA:56,0
DA:57,0
DA:58,0
DA:59,0
DA:61,0
DA:62,0
DA:63,0
DA:64,0
DA:65,0
DA:66,0
DA:68,0
DA:69,0
DA:73,0
DA:74,0
DA:76,0
DA:83,3
DA:84,3
DA:85,2
DA:86,2
DA:87,0
DA:88,0
DA:89,0
DA:90,0
DA:98,2
DA:101,2
DA:102,2
DA:103,2
DA:104,2
LF:53
LH:11
BRDA:8,0,0,0
BRDA:8,0,1,0
BRDA:20,1,0,0
BRDA:20,1,1,0
BRDA:34,2,0,0
BRDA:34,2,1,0
BRDA:49,3,0,0
BRDA:49,3,1,0
BRDA:50,4,0,0
BRDA:50,4,1,0
BRDA:53,5,0,0
BRDA:53,5,1,0
BRDA:56,6,0,0
BRDA:56,6,1,0
BRDA:61,7,0,0
BRDA:61,7,1,0
BRDA:63,8,0,0
BRDA:63,8,1,0
BRDA:68,9,0,0
BRDA:68,9,1,0
BRDA:73,10,0,0
BRDA:73,10,1,0
BRDA:84,11,0,1
BRDA:84,11,1,2
BRDA:102,12,0,2
BRDA:102,12,1,0
BRDA:102,13,0,2
BRDA:102,13,1,2
BRDA:103,14,0,2
BRDA:103,14,1,0
BRF:30
BRH:6
end_of_record
TN:
SF:frontend/assets/js/misAsesorias.js
FN:5,ensureAuthenticatedOrRedirect
FN:25,readInitialData
FN:50,getAvatarUrl
FN:61,getEspecialidad
FN:66,renderAsesoriaCard
FN:125,cargarAsesorias
FN:159,(anonymous_6)
FN:165,(anonymous_7)
FN:191,(anonymous_8)
FN:200,cerrarMensajes
FN:206,(anonymous_10)
FN:223,cerrarDetalles
FN:230,(anonymous_12)
FN:233,(anonymous_13)
FN:234,(anonymous_14)
FN:235,(anonymous_15)
FN:244,(anonymous_16)
FN:245,(anonymous_17)
FN:248,(anonymous_18)
FN:255,(anonymous_19)
FN:256,(anonymous_20)
FN:261,(anonymous_21)
FN:264,(anonymous_22)
FN:277,(anonymous_23)
FN:280,(anonymous_24)
FN:283,(anonymous_25)
FNF:26
FNH:1
FNDA:0,ensureAuthenticatedOrRedirect
FNDA:2,readInitialData
FNDA:0,getAvatarUrl
FNDA:0,getEspecialidad
FNDA:0,renderAsesoriaCard
FNDA:0,cargarAsesorias
FNDA:0,(anonymous_6)
FNDA:0,(anonymous_7)
FNDA:0,(anonymous_8)
FNDA:0,cerrarMensajes
FNDA:0,(anonymous_10)
FNDA:0,cerrarDetalles
FNDA:0,(anonymous_12)
FNDA:0,(anonymous_13)
FNDA:0,(anonymous_14)
FNDA:0,(anonymous_15)
FNDA:0,(anonymous_16)
FNDA:0,(anonymous_17)
FNDA:0,(anonymous_18)
FNDA:0,(anonymous_19)
FNDA:0,(anonymous_20)
FNDA:0,(anonymous_21)
FNDA:0,(anonymous_22)
FNDA:0,(anonymous_23)
FNDA:0,(anonymous_24)
FNDA:0,(anonymous_25)
DA:6,0
DA:7,0
DA:8,0
DA:9,0
DA:10,0
DA:11,0
DA:14,0
DA:15,0
DA:23,2
DA:24,2
DA:26,2
DA:27,2
DA:28,2
DA:29,2
DA:30,1
DA:31,1
DA:38,2
DA:39,2
DA:40,2
DA:41,2
DA:42,2
DA:45,2
DA:51,0
DA:62,0
DA:67,0
DA:68,0
DA:69,0
DA:70,0
DA:75,0
DA:80,0
DA:82,0
DA:86,0
DA:88,0
DA:126,0
DA:127,0
DA:129,0
DA:131,0
DA:132,0
DA:133,0
DA:134,0
DA:137,0
DA:138,0
DA:140,0
DA:142,0
DA:143,0
DA:145,0
DA:149,0
DA:151,0
DA:159,2
DA:160,0
DA:161,0
DA:165,2
DA:166,0
DA:184,0
DA:185,0
DA:191,2
DA:192,0
DA:193,0
DA:194,0
DA:201,0
DA:204,2
DA:207,0
DA:208,0
DA:209,0
DA:210,0
DA:211,0
DA:212,0
DA:213,0
DA:217,0
DA:218,0
DA:219,0
DA:224,0
DA:230,2
DA:232,0
DA:233,0
DA:234,0
DA:235,0
DA:236,0
DA:237,0
DA:238,0
DA:243,0
DA:244,0
DA:245,0
DA:246,0
DA:248,0
DA:249,0
DA:254,0
DA:255,0
DA:256,0
DA:257,0
DA:258,0
DA:259,0
DA:261,0
DA:262,0
DA:264,0
DA:265,0
DA:266,0
DA:267,0
DA:273,0
DA:274,0
DA:275,0
DA:276,0
DA:277,0
DA:278,0
DA:280,0
DA:281,0
DA:283,0
DA:284,0
DA:285,0
LF:109
LH:19
BRDA:9,0,0,0
BRDA:9,0,1,0
BRDA:9,1,0,0
BRDA:9,1,1,0
BRDA:28,2,0,0
BRDA:28,2,1,2
BRDA:30,3,0,1
BRDA:30,3,1,0
BRDA:31,4,0,1
BRDA:31,4,1,0
BRDA:39,5,0,2
BRDA:39,5,1,0
BRDA:39,6,0,2
BRDA:39,6,1,2
BRDA:40,7,0,2
BRDA:40,7,1,0
BRDA:53,8,0,0
BRDA:53,8,1,0
BRDA:55,9,0,0
BRDA:55,9,1,0
BRDA:62,10,0,0
BRDA:62,10,1,0
BRDA:62,10,2,0
BRDA:67,11,0,0
BRDA:67,11,1,0
BRDA:75,12,0,0
BRDA:75,12,1,0
BRDA:80,13,0,0
BRDA:80,13,1,0
BRDA:82,14,0,0
BRDA:82,14,1,0
BRDA:82,15,0,0
BRDA:82,15,1,0
BRDA:86,16,0,0
BRDA:86,16,1,0
BRDA:93,17,0,0
BRDA:93,17,1,0
BRDA:110,18,0,0
BRDA:110,18,1,0
BRDA:126,19,0,0
BRDA:126,19,1,0
BRDA:137,20,0,0
BRDA:137,20,1,0
BRDA:137,21,0,0
BRDA:137,21,1,0
BRDA:142,22,0,0
BRDA:142,22,1,0
BRDA:209,23,0,0
BRDA:209,23,1,0
BRDA:265,24,0,0
BRDA:265,24,1,0
BRDA:276,25,0,0
BRDA:276,25,1,0
BRDA:276,26,0,0
BRDA:276,26,1,0
BRDA:276,26,2,0
BRDA:284,27,0,0
BRDA:284,27,1,0
BRF:58
BRH:7
end_of_record
TN:
SF:frontend/assets/js/admin/admin-expertos.js
FN:17,ensureChoicesLoaded
FN:19,(anonymous_1)
FN:29,injectCss
FN:36,tryLoadScript
FN:37,(anonymous_4)
FN:40,(anonymous_5)
FN:40,(anonymous_6)
FN:41,(anonymous_7)
FN:49,(anonymous_8)
FN:66,(anonymous_9)
FN:67,(anonymous_10)
FN:68,(anonymous_11)
FN:85,onDomReady
FN:94,debugLog
FN:104,(anonymous_14)
FN:106,(anonymous_15)
FN:153,(anonymous_16)
FN:155,(anonymous_17)
FN:196,initializeChoicesOn
FN:209,(anonymous_19)
FN:229,(anonymous_20)
FN:232,(anonymous_21)
FN:266,(anonymous_22)
FN:307,(anonymous_23)
FN:319,(anonymous_24)
FN:334,setupExpertModal
FN:344,(anonymous_26)
FN:358,(anonymous_27)
FN:363,(anonymous_28)
FN:367,(anonymous_29)
FN:399,(anonymous_30)
FN:414,(anonymous_31)
FN:427,(anonymous_32)
FN:441,(anonymous_33)
FN:478,(anonymous_34)
FN:503,(anonymous_35)
FN:515,applyChoicesVisualFixesWithinVisibleModal
FN:516,applyInputFix
FN:553,findVisibleModal
FN:555,(anonymous_39)
FN:572,processAll
FN:586,(anonymous_41)
FN:614,(anonymous_42)
FN:627,diag
FN:641,(anonymous_44)
FN:664,(anonymous_45)
FN:669,(anonymous_46)
FN:677,(anonymous_47)
FN:692,(anonymous_48)
FN:699,profileImagePreview
FN:709,reset
FN:724,showError
FN:731,setFileInfo
FN:740,(anonymous_53)
FN:759,(anonymous_54)
FN:773,(anonymous_55)
FN:779,(anonymous_56)
FN:794,uiHelpers
FN:797,readHidden
FN:807,(anonymous_59)
FN:812,writeHidden
FN:817,shortLabel
FN:831,updateDisplay
FN:838,(anonymous_63)
FN:845,syncHiddenFromUI
FN:847,(anonymous_65)
FN:854,toggleDay
FN:864,(anonymous_67)
FN:869,(anonymous_68)
FN:872,(anonymous_69)
FN:882,(anonymous_70)
FN:892,(anonymous_71)
FN:901,applyDaysInline
FN:904,(anonymous_73)
FN:914,(anonymous_74)
FN:931,(anonymous_75)
FN:936,(anonymous_76)
FN:947,(anonymous_77)
FN:966,(anonymous_78)
FN:996,getExpertModal
FN:1007,(anonymous_80)
FN:1021,(anonymous_81)
FN:1022,(anonymous_82)
FN:1047,(anonymous_83)
FN:1051,(anonymous_84)
FN:1055,(anonymous_85)
FN:1062,(anonymous_86)
FN:1072,(anonymous_87)
FN:1089,(anonymous_88)
FN:1090,(anonymous_89)
FN:1101,(anonymous_90)
FN:1107,(anonymous_91)
FN:1111,(anonymous_92)
FN:1116,(anonymous_93)
FN:1133,setupExpertFilters
FN:1150,(anonymous_95)
FN:1167,(anonymous_96)
FN:1174,(anonymous_97)
FN:1176,(anonymous_98)
FN:1179,(anonymous_99)
FN:1193,(anonymous_100)
FN:1206,setupExpertActions
FN:1208,(anonymous_102)
FN:1209,(anonymous_103)
FN:1216,(anonymous_104)
FN:1217,(anonymous_105)
FN:1228,(anonymous_106)
FN:1229,(anonymous_107)
FN:1239,setupExpertVerification
FN:1242,(anonymous_109)
FN:1243,(anonymous_110)
FN:1250,(anonymous_111)
FN:1270,abrirModalAgregarExperto
FN:1281,agregarExperto
FN:1386,(anonymous_114)
FN:1478,abrirModalEditarExperto
FN:1491,openExpertEditModal
FN:1494,(anonymous_117)
FN:1500,(anonymous_118)
FN:1535,(anonymous_119)
FN:1587,(anonymous_120)
FN:1610,(anonymous_121)
FN:1618,(anonymous_122)
FN:1644,(anonymous_123)
FN:1691,cambiarVerificacionExperto
FN:1716,eliminarExperto
FN:1742,(anonymous_126)
FN:1761,loadExpertos
FN:1868,renderPagination
FN:1896,(anonymous_129)
FN:1917,(anonymous_130)
FN:1933,(anonymous_131)
FN:1946,(anonymous_132)
FN:1958,renderExpertos
FN:1972,(anonymous_134)
FN:1986,(anonymous_135)
FN:1990,(anonymous_136)
FN:2007,(anonymous_137)
FN:2020,(anonymous_138)
FN:2025,(anonymous_139)
FN:2113,setupDelegatedActions
FN:2120,(anonymous_141)
FN:2130,(anonymous_142)
FN:2138,(anonymous_143)
FN:2175,(anonymous_144)
FN:2235,(anonymous_145)
FN:2259,(anonymous_146)
FN:2267,(anonymous_147)
FN:2294,(anonymous_148)
FN:2344,(anonymous_149)
FN:2352,(anonymous_150)
FN:2411,(anonymous_151)
FN:2465,(anonymous_152)
FN:2500,(anonymous_153)
FN:2508,(anonymous_154)
FN:2540,(anonymous_155)
FN:2578,(anonymous_156)
FN:2585,(anonymous_157)
FN:2626,(anonymous_158)
FN:2640,(anonymous_159)
FN:2684,(anonymous_160)
FN:2705,(anonymous_161)
FN:2737,(anonymous_162)
FN:2756,(anonymous_163)
FN:2813,(anonymous_164)
FN:2824,(anonymous_165)
FN:2844,(anonymous_166)
FN:2903,(anonymous_167)
FN:2953,getHeaders
FN:2980,(anonymous_169)
FN:2984,(anonymous_170)
FN:3015,loadAdminCategorias
FN:3040,renderCategoriasSelect
FN:3046,(anonymous_173)
FN:3062,(anonymous_174)
FN:3091,ensureChoicesLoaded
FN:3093,(anonymous_176)
FN:3100,(anonymous_177)
FN:3113,(anonymous_178)
FN:3115,(anonymous_179)
FN:3117,(anonymous_180)
FN:3128,initializeChoicesOn
FN:3141,(anonymous_182)
FN:3161,(anonymous_183)
FN:3186,escapeHtml
FN:3196,showMessage
FN:3218,(anonymous_186)
FN:3220,(anonymous_187)
FN:3225,(anonymous_188)
FN:3228,(anonymous_189)
FN:3251,(anonymous_190)
FNF:191
FNH:37
FNDA:3,ensureChoicesLoaded
FNDA:1,(anonymous_1)
FNDA:0,injectCss
FNDA:0,tryLoadScript
FNDA:0,(anonymous_4)
FNDA:0,(anonymous_5)
FNDA:0,(anonymous_6)
FNDA:0,(anonymous_7)
FNDA:0,(anonymous_8)
FNDA:0,(anonymous_9)
FNDA:0,(anonymous_10)
FNDA:0,(anonymous_11)
FNDA:9,onDomReady
FNDA:2,debugLog
FNDA:1,(anonymous_14)
FNDA:0,(anonymous_15)
FNDA:0,(anonymous_16)
FNDA:0,(anonymous_17)
FNDA:3,initializeChoicesOn
FNDA:3,(anonymous_19)
FNDA:0,(anonymous_20)
FNDA:1,(anonymous_21)
FNDA:0,(anonymous_22)
FNDA:0,(anonymous_23)
FNDA:0,(anonymous_24)
FNDA:1,setupExpertModal
FNDA:0,(anonymous_26)
FNDA:0,(anonymous_27)
FNDA:0,(anonymous_28)
FNDA:0,(anonymous_29)
FNDA:0,(anonymous_30)
FNDA:0,(anonymous_31)
FNDA:0,(anonymous_32)
FNDA:0,(anonymous_33)
FNDA:0,(anonymous_34)
FNDA:0,(anonymous_35)
FNDA:1,applyChoicesVisualFixesWithinVisibleModal
FNDA:0,applyInputFix
FNDA:1,findVisibleModal
FNDA:0,(anonymous_39)
FNDA:1,processAll
FNDA:0,(anonymous_41)
FNDA:0,(anonymous_42)
FNDA:0,diag
FNDA:0,(anonymous_44)
FNDA:0,(anonymous_45)
FNDA:0,(anonymous_46)
FNDA:0,(anonymous_47)
FNDA:1,(anonymous_48)
FNDA:1,profileImagePreview
FNDA:0,reset
FNDA:0,showError
FNDA:0,setFileInfo
FNDA:0,(anonymous_53)
FNDA:0,(anonymous_54)
FNDA:0,(anonymous_55)
FNDA:0,(anonymous_56)
FNDA:1,uiHelpers
FNDA:1,readHidden
FNDA:0,(anonymous_59)
FNDA:1,writeHidden
FNDA:0,shortLabel
FNDA:1,updateDisplay
FNDA:0,(anonymous_63)
FNDA:1,syncHiddenFromUI
FNDA:0,(anonymous_65)
FNDA:0,toggleDay
FNDA:0,(anonymous_67)
FNDA:0,(anonymous_68)
FNDA:0,(anonymous_69)
FNDA:0,(anonymous_70)
FNDA:0,(anonymous_71)
FNDA:1,applyDaysInline
FNDA:0,(anonymous_73)
FNDA:0,(anonymous_74)
FNDA:0,(anonymous_75)
FNDA:0,(anonymous_76)
FNDA:0,(anonymous_77)
FNDA:0,(anonymous_78)
FNDA:1,getExpertModal
FNDA:1,(anonymous_80)
FNDA:0,(anonymous_81)
FNDA:0,(anonymous_82)
FNDA:0,(anonymous_83)
FNDA:0,(anonymous_84)
FNDA:0,(anonymous_85)
FNDA:0,(anonymous_86)
FNDA:1,(anonymous_87)
FNDA:0,(anonymous_88)
FNDA:0,(anonymous_89)
FNDA:0,(anonymous_90)
FNDA:0,(anonymous_91)
FNDA:0,(anonymous_92)
FNDA:0,(anonymous_93)
FNDA:1,setupExpertFilters
FNDA:0,(anonymous_95)
FNDA:0,(anonymous_96)
FNDA:0,(anonymous_97)
FNDA:0,(anonymous_98)
FNDA:0,(anonymous_99)
FNDA:0,(anonymous_100)
FNDA:1,setupExpertActions
FNDA:0,(anonymous_102)
FNDA:0,(anonymous_103)
FNDA:0,(anonymous_104)
FNDA:0,(anonymous_105)
FNDA:0,(anonymous_106)
FNDA:0,(anonymous_107)
FNDA:1,setupExpertVerification
FNDA:0,(anonymous_109)
FNDA:0,(anonymous_110)
FNDA:0,(anonymous_111)
FNDA:0,abrirModalAgregarExperto
FNDA:0,agregarExperto
FNDA:0,(anonymous_114)
FNDA:0,abrirModalEditarExperto
FNDA:0,openExpertEditModal
FNDA:0,(anonymous_117)
FNDA:0,(anonymous_118)
FNDA:0,(anonymous_119)
FNDA:0,(anonymous_120)
FNDA:0,(anonymous_121)
FNDA:0,(anonymous_122)
FNDA:0,(anonymous_123)
FNDA:0,cambiarVerificacionExperto
FNDA:0,eliminarExperto
FNDA:0,(anonymous_126)
FNDA:1,loadExpertos
FNDA:0,renderPagination
FNDA:0,(anonymous_129)
FNDA:0,(anonymous_130)
FNDA:0,(anonymous_131)
FNDA:0,(anonymous_132)
FNDA:1,renderExpertos
FNDA:0,(anonymous_134)
FNDA:0,(anonymous_135)
FNDA:0,(anonymous_136)
FNDA:0,(anonymous_137)
FNDA:0,(anonymous_138)
FNDA:0,(anonymous_139)
FNDA:1,setupDelegatedActions
FNDA:0,(anonymous_141)
FNDA:0,(anonymous_142)
FNDA:0,(anonymous_143)
FNDA:0,(anonymous_144)
FNDA:0,(anonymous_145)
FNDA:0,(anonymous_146)
FNDA:0,(anonymous_147)
FNDA:0,(anonymous_148)
FNDA:0,(anonymous_149)
FNDA:0,(anonymous_150)
FNDA:0,(anonymous_151)
FNDA:0,(anonymous_152)
FNDA:0,(anonymous_153)
FNDA:0,(anonymous_154)
FNDA:0,(anonymous_155)
FNDA:0,(anonymous_156)
FNDA:0,(anonymous_157)
FNDA:0,(anonymous_158)
FNDA:0,(anonymous_159)
FNDA:0,(anonymous_160)
FNDA:0,(anonymous_161)
FNDA:0,(anonymous_162)
FNDA:0,(anonymous_163)
FNDA:0,(anonymous_164)
FNDA:0,(anonymous_165)
FNDA:0,(anonymous_166)
FNDA:0,(anonymous_167)
FNDA:3,getHeaders
FNDA:1,(anonymous_169)
FNDA:0,(anonymous_170)
FNDA:2,loadAdminCategorias
FNDA:2,renderCategoriasSelect
FNDA:0,(anonymous_173)
FNDA:0,(anonymous_174)
FNDA:4,ensureChoicesLoaded
FNDA:0,(anonymous_176)
FNDA:0,(anonymous_177)
FNDA:0,(anonymous_178)
FNDA:0,(anonymous_179)
FNDA:0,(anonymous_180)
FNDA:4,initializeChoicesOn
FNDA:4,(anonymous_182)
FNDA:0,(anonymous_183)
FNDA:0,escapeHtml
FNDA:0,showMessage
FNDA:0,(anonymous_186)
FNDA:0,(anonymous_187)
FNDA:1,(anonymous_188)
FNDA:0,(anonymous_189)
FNDA:0,(anonymous_190)
DA:18,3
DA:19,1
DA:20,1
DA:22,0
DA:23,0
DA:25,0
DA:27,0
DA:30,0
DA:31,0
DA:32,0
DA:33,0
DA:37,0
DA:38,0
DA:39,0
DA:40,0
DA:41,0
DA:42,0
DA:47,0
DA:48,0
DA:50,0
DA:54,0
DA:56,0
DA:57,0
DA:59,0
DA:65,0
DA:66,0
DA:67,0
DA:68,0
DA:70,1
DA:76,1
DA:77,1
DA:78,1
DA:84,1
DA:86,9
DA:87,9
DA:88,9
DA:90,0
DA:95,2
DA:96,2
DA:97,0
DA:98,0
DA:104,1
DA:106,1
DA:108,0
DA:110,0
DA:111,0
DA:112,0
DA:113,0
DA:114,0
DA:115,0
DA:117,0
DA:118,0
DA:119,0
DA:120,0
DA:121,0
DA:122,0
DA:124,0
DA:125,0
DA:129,0
DA:133,0
DA:134,0
DA:135,0
DA:136,0
DA:137,0
DA:138,0
DA:139,0
DA:140,0
DA:141,0
DA:142,0
DA:144,0
DA:145,0
DA:148,0
DA:153,1
DA:154,0
DA:155,0
DA:156,0
DA:157,0
DA:161,0
DA:162,0
DA:163,0
DA:164,0
DA:165,0
DA:166,0
DA:167,0
DA:168,0
DA:170,0
DA:171,0
DA:181,1
DA:182,1
DA:183,1
DA:184,1
DA:185,1
DA:186,1
DA:187,1
DA:198,3
DA:201,3
DA:203,3
DA:206,3
DA:207,3
DA:208,3
DA:210,3
DA:211,3
DA:212,3
DA:213,2
DA:214,2
DA:216,2
DA:219,3
DA:220,3
DA:226,0
DA:229,0
DA:232,1
DA:234,1
DA:235,1
DA:236,1
DA:237,1
DA:238,1
DA:239,1
DA:246,1
DA:247,1
DA:248,1
DA:249,1
DA:250,1
DA:251,1
DA:258,1
DA:259,1
DA:260,1
DA:266,0
DA:270,0
DA:288,1
DA:289,1
DA:290,1
DA:291,1
DA:301,1
DA:302,1
DA:307,0
DA:312,1
DA:318,1
DA:319,1
DA:322,1
DA:323,1
DA:324,1
DA:325,1
DA:327,1
DA:328,1
DA:335,1
DA:336,1
DA:337,1
DA:338,1
DA:342,1
DA:344,0
DA:345,0
DA:346,0
DA:348,0
DA:349,0
DA:350,0
DA:351,0
DA:353,0
DA:354,0
DA:358,0
DA:359,0
DA:361,0
DA:362,0
DA:363,0
DA:364,0
DA:366,0
DA:367,0
DA:368,0
DA:369,0
DA:370,0
DA:371,0
DA:377,0
DA:392,0
DA:393,0
DA:398,0
DA:399,0
DA:405,0
DA:406,0
DA:407,0
DA:410,0
DA:411,0
DA:412,0
DA:413,0
DA:414,0
DA:424,0
DA:425,0
DA:426,0
DA:427,0
DA:428,0
DA:429,0
DA:430,0
DA:431,0
DA:433,0
DA:437,0
DA:441,0
DA:446,0
DA:447,0
DA:453,0
DA:459,0
DA:478,0
DA:479,0
DA:480,0
DA:481,0
DA:482,0
DA:484,0
DA:485,0
DA:486,0
DA:487,0
DA:488,0
DA:492,0
DA:494,0
DA:495,0
DA:498,0
DA:499,0
DA:502,0
DA:503,0
DA:504,0
DA:505,0
DA:517,0
DA:518,0
DA:519,0
DA:520,0
DA:527,0
DA:534,0
DA:541,0
DA:542,0
DA:543,0
DA:544,0
DA:545,0
DA:546,0
DA:547,0
DA:554,1
DA:556,0
DA:557,0
DA:558,0
DA:566,0
DA:573,1
DA:574,1
DA:576,0
DA:577,0
DA:582,0
DA:587,0
DA:588,0
DA:595,0
DA:602,0
DA:612,0
DA:615,0
DA:616,0
DA:617,0
DA:618,0
DA:628,0
DA:629,0
DA:630,0
DA:631,0
DA:632,0
DA:634,0
DA:635,0
DA:636,0
DA:639,0
DA:641,0
DA:642,0
DA:643,0
DA:644,0
DA:645,0
DA:656,0
DA:661,1
DA:662,1
DA:663,1
DA:664,1
DA:665,0
DA:666,0
DA:667,0
DA:669,1
DA:670,0
DA:672,1
DA:675,1
DA:678,0
DA:682,0
DA:692,1
DA:693,1
DA:694,1
DA:699,1
DA:700,1
DA:701,1
DA:702,1
DA:703,1
DA:704,1
DA:705,1
DA:706,1
DA:707,1
DA:710,0
DA:711,0
DA:712,0
DA:713,0
DA:714,0
DA:715,0
DA:716,0
DA:718,0
DA:719,0
DA:720,0
DA:725,0
DA:726,0
DA:727,0
DA:732,0
DA:733,0
DA:734,0
DA:738,1
DA:740,0
DA:741,0
DA:742,0
DA:743,0
DA:744,0
DA:746,0
DA:747,0
DA:748,0
DA:749,0
DA:750,0
DA:752,0
DA:753,0
DA:754,0
DA:755,0
DA:756,0
DA:758,0
DA:759,0
DA:760,0
DA:761,0
DA:762,0
DA:763,0
DA:764,0
DA:765,0
DA:767,0
DA:769,0
DA:772,0
DA:773,0
DA:774,0
DA:778,0
DA:779,0
DA:780,0
DA:785,0
DA:786,0
DA:787,0
DA:794,1
DA:795,1
DA:798,1
DA:799,1
DA:800,0
DA:801,0
DA:802,0
DA:803,0
DA:805,0
DA:808,0
DA:813,1
DA:814,1
DA:815,0
DA:818,0
DA:829,0
DA:832,1
DA:833,1
DA:834,0
DA:835,0
DA:837,0
DA:839,0
DA:842,0
DA:846,1
DA:848,0
DA:851,1
DA:852,1
DA:855,0
DA:856,0
DA:857,0
DA:858,0
DA:859,0
DA:860,0
DA:863,1
DA:864,1
DA:865,0
DA:866,0
DA:867,0
DA:868,0
DA:869,0
DA:870,0
DA:872,0
DA:873,0
DA:874,0
DA:875,0
DA:880,1
DA:881,1
DA:882,0
DA:883,0
DA:884,0
DA:885,0
DA:886,0
DA:890,1
DA:891,1
DA:892,1
DA:893,0
DA:894,0
DA:896,0
DA:902,1
DA:903,1
DA:904,1
DA:905,0
DA:906,0
DA:907,0
DA:908,0
DA:909,0
DA:910,0
DA:911,0
DA:912,0
DA:914,1
DA:915,0
DA:916,0
DA:917,0
DA:918,0
DA:919,0
DA:920,0
DA:921,0
DA:922,0
DA:923,0
DA:924,0
DA:925,0
DA:929,1
DA:930,1
DA:931,1
DA:932,0
DA:933,0
DA:934,0
DA:936,1
DA:937,0
DA:939,1
DA:940,1
DA:943,1
DA:944,1
DA:945,1
DA:946,1
DA:947,0
DA:948,0
DA:949,0
DA:950,0
DA:951,0
DA:953,0
DA:954,0
DA:962,1
DA:963,1
DA:964,1
DA:965,1
DA:966,0
DA:967,0
DA:968,0
DA:969,0
DA:970,0
DA:971,0
DA:973,0
DA:974,0
DA:975,0
DA:976,0
DA:977,0
DA:979,0
DA:981,0
DA:982,0
DA:997,1
DA:998,1
DA:999,1
DA:1000,1
DA:1002,0
DA:1007,1
DA:1008,1
DA:1009,1
DA:1010,0
DA:1012,0
DA:1013,0
DA:1014,0
DA:1015,0
DA:1016,0
DA:1017,0
DA:1018,0
DA:1021,0
DA:1022,0
DA:1023,0
DA:1024,0
DA:1025,0
DA:1027,0
DA:1028,0
DA:1029,0
DA:1032,0
DA:1034,0
DA:1035,0
DA:1036,0
DA:1037,0
DA:1038,0
DA:1039,0
DA:1040,0
DA:1042,0
DA:1047,0
DA:1050,0
DA:1051,0
DA:1055,0
DA:1056,0
DA:1060,0
DA:1063,0
DA:1064,0
DA:1072,1
DA:1074,1
DA:1075,1
DA:1078,1
DA:1081,1
DA:1084,1
DA:1087,1
DA:1089,1
DA:1090,0
DA:1091,0
DA:1092,0
DA:1093,0
DA:1094,0
DA:1098,1
DA:1099,0
DA:1101,0
DA:1104,1
DA:1105,0
DA:1107,0
DA:1110,1
DA:1111,0
DA:1112,0
DA:1115,1
DA:1116,0
DA:1117,0
DA:1119,0
DA:1120,0
DA:1121,0
DA:1122,0
DA:1125,0
DA:1134,1
DA:1135,1
DA:1139,0
DA:1142,0
DA:1145,0
DA:1148,0
DA:1150,0
DA:1151,0
DA:1152,0
DA:1154,0
DA:1156,0
DA:1162,0
DA:1163,0
DA:1166,0
DA:1167,0
DA:1168,0
DA:1169,0
DA:1174,0
DA:1175,0
DA:1176,0
DA:1178,0
DA:1179,0
DA:1184,0
DA:1185,0
DA:1186,0
DA:1187,0
DA:1188,0
DA:1189,0
DA:1190,0
DA:1191,0
DA:1193,0
DA:1194,0
DA:1195,0
DA:1196,0
DA:1197,0
DA:1198,0
DA:1199,0
DA:1207,1
DA:1208,1
DA:1209,0
DA:1210,0
DA:1211,0
DA:1215,1
DA:1216,1
DA:1217,0
DA:1218,0
DA:1219,0
DA:1220,0
DA:1221,0
DA:1222,0
DA:1223,0
DA:1227,1
DA:1228,1
DA:1229,0
DA:1230,0
DA:1231,0
DA:1240,1
DA:1242,1
DA:1243,0
DA:1244,0
DA:1245,0
DA:1247,0
DA:1248,0
DA:1250,0
DA:1251,0
DA:1252,0
DA:1253,0
DA:1255,0
DA:1256,0
DA:1257,0
DA:1261,0
DA:1271,0
DA:1272,0
DA:1273,0
DA:1274,0
DA:1282,0
DA:1285,0
DA:1287,0
DA:1288,0
DA:1289,0
DA:1290,0
DA:1292,0
DA:1300,0
DA:1302,0
DA:1303,0
DA:1304,0
DA:1305,0
DA:1306,0
DA:1309,0
DA:1316,0
DA:1318,0
DA:1319,0
DA:1320,0
DA:1323,0
DA:1324,0
DA:1325,0
DA:1327,0
DA:1332,0
DA:1333,0
DA:1334,0
DA:1335,0
DA:1336,0
DA:1337,0
DA:1338,0
DA:1341,0
DA:1342,0
DA:1345,0
DA:1346,0
DA:1347,0
DA:1355,0
DA:1356,0
DA:1358,0
DA:1362,0
DA:1363,0
DA:1365,0
DA:1367,0
DA:1369,0
DA:1370,0
DA:1373,0
DA:1374,0
DA:1376,0
DA:1378,0
DA:1382,0
DA:1383,0
DA:1384,0
DA:1385,0
DA:1386,0
DA:1388,0
DA:1391,0
DA:1393,0
DA:1394,0
DA:1395,0
DA:1399,0
DA:1400,0
DA:1401,0
DA:1402,0
DA:1414,0
DA:1415,0
DA:1417,0
DA:1422,0
DA:1423,0
DA:1431,0
DA:1432,0
DA:1433,0
DA:1435,0
DA:1441,0
DA:1445,0
DA:1449,0
DA:1453,0
DA:1454,0
DA:1456,0
DA:1457,0
DA:1458,0
DA:1461,0
DA:1463,0
DA:1464,0
DA:1466,0
DA:1467,0
DA:1468,0
DA:1469,0
DA:1471,0
DA:1479,0
DA:1480,0
DA:1481,0
DA:1482,0
DA:1492,0
DA:1493,0
DA:1494,0
DA:1495,0
DA:1496,0
DA:1497,0
DA:1500,0
DA:1501,0
DA:1502,0
DA:1503,0
DA:1504,0
DA:1505,0
DA:1506,0
DA:1510,0
DA:1511,0
DA:1514,0
DA:1519,0
DA:1521,0
DA:1523,0
DA:1526,0
DA:1527,0
DA:1528,0
DA:1529,0
DA:1530,0
DA:1531,0
DA:1535,0
DA:1536,0
DA:1537,0
DA:1538,0
DA:1546,0
DA:1550,0
DA:1552,0
DA:1556,0
DA:1558,0
DA:1559,0
DA:1560,0
DA:1561,0
DA:1563,0
DA:1567,0
DA:1568,0
DA:1569,0
DA:1570,0
DA:1571,0
DA:1572,0
DA:1573,0
DA:1577,0
DA:1578,0
DA:1587,0
DA:1588,0
DA:1589,0
DA:1590,0
DA:1592,0
DA:1595,0
DA:1600,0
DA:1601,0
DA:1602,0
DA:1603,0
DA:1605,0
DA:1610,0
DA:1611,0
DA:1612,0
DA:1613,0
DA:1616,0
DA:1618,0
DA:1619,0
DA:1621,0
DA:1634,0
DA:1635,0
DA:1636,0
DA:1638,0
DA:1643,0
DA:1644,0
DA:1645,0
DA:1646,0
DA:1647,0
DA:1648,0
DA:1650,0
DA:1651,0
DA:1655,0
DA:1656,0
DA:1659,0
DA:1673,0
DA:1674,0
DA:1675,0
DA:1676,0
DA:1677,0
DA:1680,0
DA:1681,0
DA:1683,0
DA:1684,0
DA:1692,0
DA:1693,0
DA:1694,0
DA:1700,0
DA:1701,0
DA:1704,0
DA:1705,0
DA:1709,0
DA:1717,0
DA:1719,0
DA:1720,0
DA:1722,0
DA:1723,0
DA:1724,0
DA:1728,0
DA:1730,0
DA:1731,0
DA:1732,0
DA:1733,0
DA:1736,0
DA:1741,0
DA:1742,0
DA:1743,0
DA:1745,0
DA:1746,0
DA:1747,0
DA:1749,0
DA:1750,0
DA:1751,0
DA:1755,0
DA:1756,0
DA:1762,1
DA:1764,1
DA:1765,1
DA:1766,1
DA:1772,1
DA:1775,1
DA:1776,0
DA:1780,1
DA:1784,0
DA:1785,0
DA:1790,0
DA:1795,1
DA:1796,1
DA:1797,1
DA:1798,1
DA:1799,1
DA:1800,1
DA:1801,1
DA:1802,1
DA:1803,1
DA:1804,1
DA:1805,1
DA:1806,0
DA:1808,1
DA:1809,1
DA:1813,1
DA:1814,0
DA:1816,0
DA:1817,0
DA:1820,0
DA:1821,0
DA:1822,0
DA:1828,0
DA:1830,0
DA:1832,1
DA:1834,1
DA:1835,1
DA:1837,1
DA:1838,1
DA:1841,1
DA:1842,1
DA:1843,1
DA:1850,1
DA:1851,1
DA:1852,1
DA:1853,1
DA:1854,1
DA:1857,1
DA:1859,0
DA:1860,0
DA:1869,0
DA:1870,0
DA:1873,0
DA:1882,0
DA:1883,0
DA:1888,0
DA:1890,0
DA:1891,0
DA:1894,0
DA:1895,0
DA:1896,0
DA:1897,0
DA:1898,0
DA:1899,0
DA:1901,0
DA:1904,0
DA:1905,0
DA:1906,0
DA:1907,0
DA:1908,0
DA:1911,0
DA:1912,0
DA:1913,0
DA:1916,0
DA:1917,0
DA:1918,0
DA:1919,0
DA:1921,0
DA:1924,0
DA:1925,0
DA:1926,0
DA:1927,0
DA:1928,0
DA:1930,0
DA:1931,0
DA:1932,0
DA:1933,0
DA:1934,0
DA:1935,0
DA:1937,0
DA:1940,0
DA:1941,0
DA:1944,0
DA:1945,0
DA:1946,0
DA:1947,0
DA:1948,0
DA:1949,0
DA:1951,0
DA:1959,1
DA:1962,1
DA:1965,0
DA:1966,0
DA:1967,0
DA:1968,0
DA:1969,0
DA:1971,0
DA:1972,0
DA:1973,0
DA:1974,0
DA:1976,0
DA:1977,0
DA:1979,0
DA:1982,0
DA:1985,0
DA:1987,0
DA:1988,0
DA:1989,0
DA:1991,0
DA:1993,0
DA:1994,0
DA:1996,0
DA:1997,0
DA:2001,0
DA:2005,0
DA:2006,0
DA:2008,0
DA:2009,0
DA:2010,0
DA:2011,0
DA:2012,0
DA:2014,0
DA:2018,0
DA:2019,0
DA:2020,0
DA:2023,0
DA:2024,0
DA:2025,0
DA:2029,0
DA:2032,0
DA:2033,0
DA:2034,0
DA:2039,0
DA:2040,0
DA:2041,0
DA:2044,0
DA:2047,0
DA:2086,0
DA:2089,0
DA:2090,0
DA:2091,0
DA:2096,0
DA:2097,0
DA:2098,0
DA:2106,0
DA:2114,1
DA:2117,1
DA:2120,0
DA:2121,0
DA:2122,0
DA:2123,0
DA:2124,0
DA:2125,0
DA:2127,0
DA:2129,0
DA:2130,0
DA:2131,0
DA:2132,0
DA:2133,0
DA:2136,0
DA:2138,0
DA:2139,0
DA:2140,0
DA:2141,0
DA:2142,0
DA:2143,0
DA:2144,0
DA:2148,0
DA:2149,0
DA:2153,0
DA:2158,0
DA:2161,0
DA:2163,0
DA:2166,0
DA:2167,0
DA:2168,0
DA:2169,0
DA:2170,0
DA:2171,0
DA:2175,0
DA:2176,0
DA:2177,0
DA:2178,0
DA:2187,0
DA:2193,0
DA:2196,0
DA:2201,0
DA:2204,0
DA:2205,0
DA:2206,0
DA:2207,0
DA:2209,0
DA:2213,0
DA:2214,0
DA:2215,0
DA:2216,0
DA:2217,0
DA:2219,0
DA:2220,0
DA:2225,0
DA:2226,0
DA:2235,0
DA:2236,0
DA:2237,0
DA:2238,0
DA:2240,0
DA:2243,0
DA:2249,0
DA:2250,0
DA:2251,0
DA:2252,0
DA:2254,0
DA:2259,0
DA:2260,0
DA:2261,0
DA:2262,0
DA:2265,0
DA:2267,0
DA:2268,0
DA:2270,0
DA:2284,0
DA:2285,0
DA:2286,0
DA:2288,0
DA:2293,0
DA:2294,0
DA:2295,0
DA:2296,0
DA:2298,0
DA:2299,0
DA:2301,0
DA:2302,0
DA:2306,0
DA:2307,0
DA:2310,0
DA:2325,0
DA:2326,0
DA:2329,0
DA:2330,0
DA:2331,0
DA:2334,0
DA:2337,0
DA:2338,0
DA:2339,0
DA:2342,0
DA:2343,0
DA:2344,0
DA:2345,0
DA:2348,0
DA:2351,0
DA:2352,0
DA:2353,0
DA:2355,0
DA:2356,0
DA:2357,0
DA:2359,0
DA:2364,0
DA:2368,0
DA:2369,0
DA:2370,0
DA:2371,0
DA:2375,0
DA:2376,0
DA:2380,0
DA:2384,0
DA:2387,0
DA:2389,0
DA:2394,0
DA:2398,0
DA:2399,0
DA:2400,0
DA:2403,0
DA:2404,0
DA:2408,0
DA:2411,0
DA:2412,0
DA:2413,0
DA:2414,0
DA:2423,0
DA:2429,0
DA:2432,0
DA:2435,0
DA:2436,0
DA:2440,0
DA:2441,0
DA:2442,0
DA:2443,0
DA:2447,0
DA:2448,0
DA:2450,0
DA:2455,0
DA:2456,0
DA:2465,0
DA:2466,0
DA:2467,0
DA:2468,0
DA:2469,0
DA:2470,0
DA:2474,0
DA:2476,0
DA:2478,0
DA:2481,0
DA:2487,0
DA:2488,0
DA:2489,0
DA:2493,0
DA:2495,0
DA:2500,0
DA:2501,0
DA:2502,0
DA:2503,0
DA:2506,0
DA:2508,0
DA:2509,0
DA:2512,0
DA:2526,0
DA:2527,0
DA:2531,0
DA:2533,0
DA:2539,0
DA:2540,0
DA:2541,0
DA:2542,0
DA:2543,0
DA:2544,0
DA:2545,0
DA:2546,0
DA:2549,0
DA:2564,0
DA:2567,0
DA:2572,0
DA:2575,0
DA:2579,0
DA:2580,0
DA:2581,0
DA:2582,0
DA:2584,0
DA:2586,0
DA:2588,0
DA:2589,0
DA:2590,0
DA:2592,0
DA:2597,0
DA:2600,0
DA:2603,0
DA:2605,0
DA:2609,0
DA:2610,0
DA:2611,0
DA:2612,0
DA:2613,0
DA:2617,0
DA:2618,0
DA:2621,0
DA:2623,0
DA:2626,0
DA:2632,0
DA:2637,0
DA:2641,0
DA:2642,0
DA:2643,0
DA:2644,0
DA:2649,0
DA:2651,0
DA:2656,0
DA:2659,0
DA:2662,0
DA:2663,0
DA:2667,0
DA:2668,0
DA:2669,0
DA:2670,0
DA:2671,0
DA:2675,0
DA:2676,0
DA:2679,0
DA:2681,0
DA:2684,0
DA:2691,0
DA:2694,0
DA:2695,0
DA:2696,0
DA:2697,0
DA:2699,0
DA:2700,0
DA:2701,0
DA:2702,0
DA:2703,0
DA:2704,0
DA:2705,0
DA:2706,0
DA:2707,0
DA:2708,0
DA:2710,0
DA:2712,0
DA:2716,0
DA:2719,0
DA:2720,0
DA:2721,0
DA:2723,0
DA:2724,0
DA:2725,0
DA:2726,0
DA:2727,0
DA:2728,0
DA:2729,0
DA:2730,0
DA:2735,0
DA:2736,0
DA:2737,0
DA:2738,0
DA:2739,0
DA:2740,0
DA:2741,0
DA:2742,0
DA:2743,0
DA:2744,0
DA:2745,0
DA:2746,0
DA:2749,0
DA:2750,0
DA:2751,0
DA:2753,0
DA:2756,0
DA:2761,0
DA:2763,0
DA:2767,0
DA:2774,0
DA:2775,0
DA:2776,0
DA:2777,0
DA:2783,0
DA:2789,0
DA:2791,0
DA:2792,0
DA:2795,0
DA:2798,0
DA:2799,0
DA:2802,0
DA:2805,0
DA:2809,0
DA:2810,0
DA:2811,0
DA:2813,0
DA:2818,0
DA:2819,0
DA:2820,0
DA:2822,0
DA:2823,0
DA:2824,0
DA:2826,0
DA:2827,0
DA:2828,0
DA:2838,0
DA:2844,0
DA:2845,0
DA:2846,0
DA:2850,0
DA:2851,0
DA:2852,0
DA:2860,0
DA:2861,0
DA:2862,0
DA:2863,0
DA:2864,0
DA:2865,0
DA:2867,0
DA:2868,0
DA:2870,0
DA:2871,0
DA:2872,0
DA:2880,0
DA:2881,0
DA:2883,0
DA:2885,0
DA:2887,0
DA:2888,0
DA:2889,0
DA:2891,0
DA:2892,0
DA:2893,0
DA:2894,0
DA:2895,0
DA:2897,0
DA:2898,0
DA:2899,0
DA:2900,0
DA:2901,0
DA:2903,0
DA:2904,0
DA:2905,0
DA:2910,0
DA:2911,0
DA:2912,0
DA:2924,0
DA:2925,0
DA:2926,0
DA:2927,0
DA:2929,0
DA:2933,0
DA:2934,0
DA:2935,0
DA:2936,0
DA:2938,0
DA:2939,0
DA:2942,0
DA:2943,0
DA:2944,0
DA:2957,3
DA:2958,0
DA:2963,3
DA:2964,3
DA:2965,3
DA:2966,3
DA:2967,3
DA:2968,3
DA:2976,0
DA:2980,1
DA:2981,1
DA:2982,1
DA:2983,1
DA:2984,0
DA:2985,0
DA:2986,0
DA:2987,0
DA:2988,0
DA:2989,0
DA:2992,0
DA:2993,0
DA:3001,1
DA:3002,1
DA:3017,2
DA:3018,0
DA:3019,0
DA:3021,2
DA:3022,2
DA:3026,2
DA:3027,0
DA:3028,0
DA:3030,2
DA:3031,2
DA:3032,2
DA:3033,2
DA:3035,0
DA:3036,0
DA:3041,2
DA:3042,2
DA:3044,2
DA:3046,2
DA:3047,0
DA:3048,0
DA:3049,0
DA:3051,0
DA:3055,2
DA:3056,2
DA:3057,2
DA:3059,0
DA:3060,0
DA:3061,0
DA:3062,0
DA:3063,0
DA:3064,0
DA:3065,0
DA:3066,0
DA:3074,2
DA:3092,4
DA:3093,0
DA:3094,0
DA:3096,0
DA:3098,0
DA:3099,0
DA:3100,0
DA:3102,0
DA:3103,0
DA:3104,0
DA:3105,0
DA:3106,0
DA:3110,0
DA:3111,0
DA:3113,0
DA:3115,0
DA:3117,0
DA:3118,0
DA:3119,0
DA:3121,0
DA:3130,4
DA:3133,4
DA:3135,4
DA:3138,4
DA:3139,4
DA:3140,4
DA:3142,4
DA:3143,4
DA:3144,4
DA:3145,3
DA:3146,3
DA:3148,3
DA:3151,4
DA:3152,4
DA:3158,0
DA:3161,0
DA:3166,2
DA:3167,2
DA:3168,2
DA:3182,2
DA:3187,0
DA:3188,0
DA:3197,0
DA:3198,0
DA:3199,0
DA:3200,0
DA:3201,0
DA:3202,0
DA:3203,0
DA:3204,0
DA:3205,0
DA:3207,0
DA:3208,0
DA:3209,0
DA:3210,0
DA:3211,0
DA:3212,0
DA:3213,0
DA:3214,0
DA:3215,0
DA:3216,0
DA:3217,0
DA:3218,0
DA:3219,0
DA:3220,0
DA:3225,1
DA:3226,1
DA:3227,1
DA:3228,0
DA:3229,0
DA:3230,0
DA:3231,0
DA:3232,0
DA:3233,0
DA:3236,0
DA:3237,0
DA:3238,0
DA:3239,0
DA:3241,0
DA:3242,0
DA:3250,0
DA:3251,0
DA:3252,0
DA:3254,0
DA:3255,0
DA:3256,0
DA:3257,0
DA:3259,0
DA:3260,0
LF:1480
LH:251
BRDA:18,0,0,2
BRDA:18,0,1,1
BRDA:20,1,0,1
BRDA:20,1,1,0
BRDA:41,2,0,0
BRDA:41,2,1,0
BRDA:50,3,0,0
BRDA:50,3,1,0
BRDA:50,3,2,0
BRDA:54,4,0,0
BRDA:54,4,1,0
BRDA:68,5,0,0
BRDA:68,5,1,0
BRDA:79,6,0,1
BRDA:79,6,1,1
BRDA:79,6,2,1
BRDA:86,7,0,9
BRDA:86,7,1,0
BRDA:96,8,0,0
BRDA:96,8,1,2
BRDA:96,9,0,2
BRDA:96,9,1,2
BRDA:97,10,0,0
BRDA:97,10,1,0
BRDA:97,11,0,0
BRDA:97,11,1,0
BRDA:108,12,0,0
BRDA:108,12,1,0
BRDA:110,13,0,0
BRDA:110,13,1,0
BRDA:112,14,0,0
BRDA:112,14,1,0
BRDA:118,15,0,0
BRDA:118,15,1,0
BRDA:120,16,0,0
BRDA:120,16,1,0
BRDA:120,17,0,0
BRDA:120,17,1,0
BRDA:125,18,0,0
BRDA:125,18,1,0
BRDA:134,19,0,0
BRDA:134,19,1,0
BRDA:134,20,0,0
BRDA:134,20,1,0
BRDA:139,21,0,0
BRDA:139,21,1,0
BRDA:141,22,0,0
BRDA:141,22,1,0
BRDA:141,23,0,0
BRDA:141,23,1,0
BRDA:145,24,0,0
BRDA:145,24,1,0
BRDA:154,25,0,0
BRDA:154,25,1,0
BRDA:154,26,0,0
BRDA:154,26,1,0
BRDA:157,27,0,0
BRDA:157,27,1,0
BRDA:158,28,0,0
BRDA:158,28,1,0
BRDA:158,28,2,0
BRDA:164,29,0,0
BRDA:164,29,1,0
BRDA:166,30,0,0
BRDA:166,30,1,0
BRDA:166,31,0,0
BRDA:166,31,1,0
BRDA:171,32,0,0
BRDA:171,32,1,0
BRDA:182,33,0,1
BRDA:182,33,1,0
BRDA:182,34,0,1
BRDA:182,34,1,1
BRDA:183,35,0,1
BRDA:183,35,1,0
BRDA:196,36,0,0
BRDA:198,37,0,2
BRDA:198,37,1,1
BRDA:200,38,0,1
BRDA:200,38,1,1
BRDA:201,39,0,0
BRDA:201,39,1,3
BRDA:203,40,0,2
BRDA:203,40,1,1
BRDA:206,41,0,0
BRDA:206,41,1,3
BRDA:207,42,0,3
BRDA:207,42,1,0
BRDA:211,43,0,3
BRDA:211,43,1,0
BRDA:212,44,0,2
BRDA:212,44,1,1
BRDA:219,45,0,3
BRDA:219,45,1,0
BRDA:222,46,0,3
BRDA:222,46,1,0
BRDA:236,47,0,1
BRDA:236,47,1,0
BRDA:236,48,0,1
BRDA:236,48,1,1
BRDA:239,49,0,1
BRDA:239,49,1,0
BRDA:248,50,0,1
BRDA:248,50,1,0
BRDA:248,51,0,1
BRDA:248,51,1,1
BRDA:251,52,0,1
BRDA:251,52,1,0
BRDA:260,53,0,0
BRDA:260,53,1,1
BRDA:261,54,0,1
BRDA:261,54,1,1
BRDA:261,54,2,1
BRDA:261,54,3,1
BRDA:267,55,0,0
BRDA:267,55,1,0
BRDA:267,55,2,0
BRDA:267,55,3,0
BRDA:268,56,0,0
BRDA:268,56,1,0
BRDA:268,56,2,0
BRDA:268,56,3,0
BRDA:290,57,0,1
BRDA:290,57,1,0
BRDA:302,58,0,0
BRDA:302,58,1,1
BRDA:303,59,0,1
BRDA:303,59,1,1
BRDA:303,59,2,1
BRDA:308,60,0,0
BRDA:308,60,1,0
BRDA:308,60,2,0
BRDA:308,60,3,0
BRDA:309,61,0,0
BRDA:309,61,1,0
BRDA:309,61,2,0
BRDA:309,61,3,0
BRDA:337,62,0,0
BRDA:337,62,1,1
BRDA:338,63,0,0
BRDA:338,63,1,1
BRDA:342,64,0,1
BRDA:342,64,1,0
BRDA:342,65,0,1
BRDA:342,65,1,0
BRDA:350,66,0,0
BRDA:350,66,1,0
BRDA:350,67,0,0
BRDA:350,67,1,0
BRDA:354,68,0,0
BRDA:354,68,1,0
BRDA:362,69,0,0
BRDA:362,69,1,0
BRDA:369,70,0,0
BRDA:369,70,1,0
BRDA:371,71,0,0
BRDA:371,71,1,0
BRDA:373,72,0,0
BRDA:373,72,1,0
BRDA:393,73,0,0
BRDA:393,73,1,0
BRDA:394,74,0,0
BRDA:394,74,1,0
BRDA:394,74,2,0
BRDA:399,75,0,0
BRDA:399,75,1,0
BRDA:399,75,2,0
BRDA:399,75,3,0
BRDA:405,76,0,0
BRDA:405,76,1,0
BRDA:405,77,0,0
BRDA:405,77,1,0
BRDA:410,78,0,0
BRDA:410,78,1,0
BRDA:410,79,0,0
BRDA:410,79,1,0
BRDA:412,80,0,0
BRDA:412,80,1,0
BRDA:412,81,0,0
BRDA:412,81,1,0
BRDA:414,82,0,0
BRDA:414,82,1,0
BRDA:414,82,2,0
BRDA:414,82,3,0
BRDA:424,83,0,0
BRDA:424,83,1,0
BRDA:424,84,0,0
BRDA:424,84,1,0
BRDA:426,85,0,0
BRDA:426,85,1,0
BRDA:428,86,0,0
BRDA:428,86,1,0
BRDA:428,87,0,0
BRDA:428,87,1,0
BRDA:428,87,2,0
BRDA:430,88,0,0
BRDA:430,88,1,0
BRDA:430,89,0,0
BRDA:430,89,1,0
BRDA:449,90,0,0
BRDA:449,90,1,0
BRDA:482,91,0,0
BRDA:482,91,1,0
BRDA:485,92,0,0
BRDA:485,92,1,0
BRDA:485,93,0,0
BRDA:485,93,1,0
BRDA:485,93,2,0
BRDA:488,94,0,0
BRDA:488,94,1,0
BRDA:494,95,0,0
BRDA:494,95,1,0
BRDA:498,96,0,0
BRDA:498,96,1,0
BRDA:502,97,0,0
BRDA:502,97,1,0
BRDA:504,98,0,0
BRDA:504,98,1,0
BRDA:517,99,0,0
BRDA:517,99,1,0
BRDA:517,100,0,0
BRDA:517,100,1,0
BRDA:522,101,0,0
BRDA:522,101,1,0
BRDA:529,102,0,0
BRDA:529,102,1,0
BRDA:536,103,0,0
BRDA:536,103,1,0
BRDA:559,104,0,0
BRDA:559,104,1,0
BRDA:559,104,2,0
BRDA:559,104,3,0
BRDA:559,104,4,0
BRDA:574,105,0,1
BRDA:574,105,1,0
BRDA:590,106,0,0
BRDA:590,106,1,0
BRDA:597,107,0,0
BRDA:597,107,1,0
BRDA:604,108,0,0
BRDA:604,108,1,0
BRDA:616,109,0,0
BRDA:616,109,1,0
BRDA:630,110,0,0
BRDA:630,110,1,0
BRDA:635,111,0,0
BRDA:635,111,1,0
BRDA:635,112,0,0
BRDA:635,112,1,0
BRDA:649,113,0,0
BRDA:649,113,1,0
BRDA:667,114,0,0
BRDA:667,114,1,0
BRDA:678,115,0,0
BRDA:678,115,1,0
BRDA:679,116,0,0
BRDA:679,116,1,0
BRDA:703,117,0,0
BRDA:703,117,1,1
BRDA:710,118,0,0
BRDA:710,118,1,0
BRDA:711,119,0,0
BRDA:711,119,1,0
BRDA:712,120,0,0
BRDA:712,120,1,0
BRDA:713,121,0,0
BRDA:713,121,1,0
BRDA:714,122,0,0
BRDA:714,122,1,0
BRDA:718,123,0,0
BRDA:718,123,1,0
BRDA:725,124,0,0
BRDA:725,124,1,0
BRDA:732,125,0,0
BRDA:732,125,1,0
BRDA:738,126,0,1
BRDA:738,126,1,0
BRDA:741,127,0,0
BRDA:741,127,1,0
BRDA:742,128,0,0
BRDA:742,128,1,0
BRDA:747,129,0,0
BRDA:747,129,1,0
BRDA:753,130,0,0
BRDA:753,130,1,0
BRDA:760,131,0,0
BRDA:760,131,1,0
BRDA:761,132,0,0
BRDA:761,132,1,0
BRDA:762,133,0,0
BRDA:762,133,1,0
BRDA:763,134,0,0
BRDA:763,134,1,0
BRDA:772,135,0,0
BRDA:772,135,1,0
BRDA:778,136,0,0
BRDA:778,136,1,0
BRDA:780,137,0,0
BRDA:780,137,1,0
BRDA:780,138,0,0
BRDA:780,138,1,0
BRDA:785,139,0,0
BRDA:785,139,1,0
BRDA:799,140,0,1
BRDA:799,140,1,0
BRDA:800,141,0,0
BRDA:800,141,1,0
BRDA:803,142,0,0
BRDA:803,142,1,0
BRDA:814,143,0,1
BRDA:814,143,1,0
BRDA:829,144,0,0
BRDA:829,144,1,0
BRDA:829,144,2,0
BRDA:829,144,3,0
BRDA:833,145,0,1
BRDA:833,145,1,0
BRDA:834,146,0,0
BRDA:834,146,1,0
BRDA:834,147,0,0
BRDA:834,147,1,0
BRDA:855,148,0,0
BRDA:855,148,1,0
BRDA:857,149,0,0
BRDA:857,149,1,0
BRDA:859,150,0,0
BRDA:859,150,1,0
BRDA:873,151,0,0
BRDA:873,151,1,0
BRDA:873,152,0,0
BRDA:873,152,1,0
BRDA:881,153,0,0
BRDA:881,153,1,1
BRDA:881,154,0,1
BRDA:881,154,1,1
BRDA:884,155,0,0
BRDA:884,155,1,0
BRDA:891,156,0,1
BRDA:891,156,1,1
BRDA:934,157,0,0
BRDA:934,157,1,0
BRDA:946,158,0,0
BRDA:946,158,1,1
BRDA:946,159,0,1
BRDA:946,159,1,0
BRDA:949,160,0,0
BRDA:949,160,1,0
BRDA:965,161,0,0
BRDA:965,161,1,1
BRDA:965,162,0,1
BRDA:965,162,1,0
BRDA:968,163,0,0
BRDA:968,163,1,0
BRDA:969,164,0,0
BRDA:969,164,1,0
BRDA:973,165,0,0
BRDA:973,165,1,0
BRDA:976,166,0,0
BRDA:976,166,1,0
BRDA:999,167,0,0
BRDA:999,167,1,1
BRDA:1027,168,0,0
BRDA:1027,168,1,0
BRDA:1028,169,0,0
BRDA:1028,169,1,0
BRDA:1029,170,0,0
BRDA:1029,170,1,0
BRDA:1032,171,0,0
BRDA:1032,171,1,0
BRDA:1039,172,0,0
BRDA:1039,172,1,0
BRDA:1040,173,0,0
BRDA:1040,173,1,0
BRDA:1050,174,0,0
BRDA:1050,174,1,0
BRDA:1056,175,0,0
BRDA:1056,175,1,0
BRDA:1075,176,0,0
BRDA:1075,176,1,1
BRDA:1078,177,0,0
BRDA:1078,177,1,1
BRDA:1081,178,0,0
BRDA:1081,178,1,1
BRDA:1098,179,0,0
BRDA:1098,179,1,1
BRDA:1104,180,0,0
BRDA:1104,180,1,1
BRDA:1110,181,0,0
BRDA:1110,181,1,1
BRDA:1112,182,0,0
BRDA:1112,182,1,0
BRDA:1115,183,0,0
BRDA:1115,183,1,1
BRDA:1117,184,0,0
BRDA:1117,184,1,0
BRDA:1120,185,0,0
BRDA:1120,185,1,0
BRDA:1135,186,0,1
BRDA:1135,186,1,0
BRDA:1139,187,0,0
BRDA:1139,187,1,0
BRDA:1142,188,0,0
BRDA:1142,188,1,0
BRDA:1145,189,0,0
BRDA:1145,189,1,0
BRDA:1151,190,0,0
BRDA:1151,190,1,0
BRDA:1152,191,0,0
BRDA:1152,191,1,0
BRDA:1154,192,0,0
BRDA:1154,192,1,0
BRDA:1154,193,0,0
BRDA:1154,193,1,0
BRDA:1157,194,0,0
BRDA:1157,194,1,0
BRDA:1158,195,0,0
BRDA:1158,195,1,0
BRDA:1166,196,0,0
BRDA:1166,196,1,0
BRDA:1175,197,0,0
BRDA:1175,197,1,0
BRDA:1178,198,0,0
BRDA:1178,198,1,0
BRDA:1185,199,0,0
BRDA:1185,199,1,0
BRDA:1190,200,0,0
BRDA:1190,200,1,0
BRDA:1190,201,0,0
BRDA:1190,201,1,0
BRDA:1194,202,0,0
BRDA:1194,202,1,0
BRDA:1195,203,0,0
BRDA:1195,203,1,0
BRDA:1196,204,0,0
BRDA:1196,204,1,0
BRDA:1220,205,0,0
BRDA:1220,205,1,0
BRDA:1221,206,0,0
BRDA:1221,206,1,0
BRDA:1222,207,0,0
BRDA:1222,207,1,0
BRDA:1256,208,0,0
BRDA:1256,208,1,0
BRDA:1272,209,0,0
BRDA:1272,209,1,0
BRDA:1287,210,0,0
BRDA:1287,210,1,0
BRDA:1287,210,2,0
BRDA:1289,211,0,0
BRDA:1289,211,1,0
BRDA:1290,212,0,0
BRDA:1290,212,1,0
BRDA:1303,213,0,0
BRDA:1303,213,1,0
BRDA:1304,214,0,0
BRDA:1304,214,1,0
BRDA:1316,215,0,0
BRDA:1316,215,1,0
BRDA:1325,216,0,0
BRDA:1325,216,1,0
BRDA:1333,217,0,0
BRDA:1333,217,1,0
BRDA:1334,218,0,0
BRDA:1334,218,1,0
BRDA:1335,219,0,0
BRDA:1335,219,1,0
BRDA:1336,220,0,0
BRDA:1336,220,1,0
BRDA:1337,221,0,0
BRDA:1337,221,1,0
BRDA:1358,222,0,0
BRDA:1358,222,1,0
BRDA:1362,223,0,0
BRDA:1362,223,1,0
BRDA:1365,224,0,0
BRDA:1365,224,1,0
BRDA:1367,225,0,0
BRDA:1367,225,1,0
BRDA:1369,226,0,0
BRDA:1369,226,1,0
BRDA:1369,227,0,0
BRDA:1369,227,1,0
BRDA:1374,228,0,0
BRDA:1374,228,1,0
BRDA:1376,229,0,0
BRDA:1376,229,1,0
BRDA:1378,230,0,0
BRDA:1378,230,1,0
BRDA:1378,231,0,0
BRDA:1378,231,1,0
BRDA:1384,232,0,0
BRDA:1384,232,1,0
BRDA:1385,233,0,0
BRDA:1385,233,1,0
BRDA:1388,234,0,0
BRDA:1388,234,1,0
BRDA:1393,235,0,0
BRDA:1393,235,1,0
BRDA:1394,236,0,0
BRDA:1394,236,1,0
BRDA:1394,237,0,0
BRDA:1394,237,1,0
BRDA:1399,238,0,0
BRDA:1399,238,1,0
BRDA:1414,239,0,0
BRDA:1414,239,1,0
BRDA:1431,240,0,0
BRDA:1431,240,1,0
BRDA:1456,241,0,0
BRDA:1456,241,1,0
BRDA:1458,242,0,0
BRDA:1458,242,1,0
BRDA:1464,243,0,0
BRDA:1464,243,1,0
BRDA:1467,244,0,0
BRDA:1467,244,1,0
BRDA:1480,245,0,0
BRDA:1480,245,1,0
BRDA:1493,246,0,0
BRDA:1493,246,1,0
BRDA:1495,247,0,0
BRDA:1495,247,1,0
BRDA:1497,248,0,0
BRDA:1497,248,1,0
BRDA:1503,249,0,0
BRDA:1503,249,1,0
BRDA:1504,250,0,0
BRDA:1504,250,1,0
BRDA:1504,251,0,0
BRDA:1504,251,1,0
BRDA:1505,252,0,0
BRDA:1505,252,1,0
BRDA:1510,253,0,0
BRDA:1510,253,1,0
BRDA:1510,253,2,0
BRDA:1511,254,0,0
BRDA:1511,254,1,0
BRDA:1514,255,0,0
BRDA:1514,255,1,0
BRDA:1514,255,2,0
BRDA:1514,255,3,0
BRDA:1514,255,4,0
BRDA:1514,255,5,0
BRDA:1523,256,0,0
BRDA:1523,256,1,0
BRDA:1523,256,2,0
BRDA:1523,256,3,0
BRDA:1527,257,0,0
BRDA:1527,257,1,0
BRDA:1528,258,0,0
BRDA:1528,258,1,0
BRDA:1528,259,0,0
BRDA:1528,259,1,0
BRDA:1530,260,0,0
BRDA:1530,260,1,0
BRDA:1532,261,0,0
BRDA:1532,261,1,0
BRDA:1532,262,0,0
BRDA:1532,262,1,0
BRDA:1540,263,0,0
BRDA:1540,263,1,0
BRDA:1540,264,0,0
BRDA:1540,264,1,0
BRDA:1548,265,0,0
BRDA:1548,265,1,0
BRDA:1548,265,2,0
BRDA:1548,265,3,0
BRDA:1550,266,0,0
BRDA:1550,266,1,0
BRDA:1552,267,0,0
BRDA:1552,267,1,0
BRDA:1552,267,2,0
BRDA:1552,267,3,0
BRDA:1552,267,4,0
BRDA:1552,267,5,0
BRDA:1560,268,0,0
BRDA:1560,268,1,0
BRDA:1563,269,0,0
BRDA:1563,269,1,0
BRDA:1563,269,2,0
BRDA:1563,269,3,0
BRDA:1563,269,4,0
BRDA:1567,270,0,0
BRDA:1567,270,1,0
BRDA:1567,271,0,0
BRDA:1567,271,1,0
BRDA:1569,272,0,0
BRDA:1569,272,1,0
BRDA:1570,273,0,0
BRDA:1570,273,1,0
BRDA:1571,274,0,0
BRDA:1571,274,1,0
BRDA:1573,275,0,0
BRDA:1573,275,1,0
BRDA:1573,276,0,0
BRDA:1573,276,1,0
BRDA:1590,277,0,0
BRDA:1590,277,1,0
BRDA:1592,278,0,0
BRDA:1592,278,1,0
BRDA:1592,279,0,0
BRDA:1592,279,1,0
BRDA:1592,280,0,0
BRDA:1592,280,1,0
BRDA:1603,281,0,0
BRDA:1603,281,1,0
BRDA:1605,282,0,0
BRDA:1605,282,1,0
BRDA:1605,282,2,0
BRDA:1605,282,3,0
BRDA:1605,282,4,0
BRDA:1610,283,0,0
BRDA:1610,283,1,0
BRDA:1611,284,0,0
BRDA:1611,284,1,0
BRDA:1612,285,0,0
BRDA:1612,285,1,0
BRDA:1614,286,0,0
BRDA:1614,286,1,0
BRDA:1614,286,2,0
BRDA:1614,286,3,0
BRDA:1614,286,4,0
BRDA:1614,286,5,0
BRDA:1614,286,6,0
BRDA:1636,287,0,0
BRDA:1636,287,1,0
BRDA:1638,288,0,0
BRDA:1638,288,1,0
BRDA:1638,288,2,0
BRDA:1638,288,3,0
BRDA:1638,288,4,0
BRDA:1644,289,0,0
BRDA:1644,289,1,0
BRDA:1647,290,0,0
BRDA:1647,290,1,0
BRDA:1649,291,0,0
BRDA:1649,291,1,0
BRDA:1649,291,2,0
BRDA:1649,291,3,0
BRDA:1649,291,4,0
BRDA:1652,292,0,0
BRDA:1652,292,1,0
BRDA:1653,293,0,0
BRDA:1653,293,1,0
BRDA:1653,293,2,0
BRDA:1653,293,3,0
BRDA:1653,293,4,0
BRDA:1674,294,0,0
BRDA:1674,294,1,0
BRDA:1677,295,0,0
BRDA:1677,295,1,0
BRDA:1695,296,0,0
BRDA:1695,296,1,0
BRDA:1700,297,0,0
BRDA:1700,297,1,0
BRDA:1719,298,0,0
BRDA:1719,298,1,0
BRDA:1725,299,0,0
BRDA:1725,299,1,0
BRDA:1730,300,0,0
BRDA:1730,300,1,0
BRDA:1731,301,0,0
BRDA:1731,301,1,0
BRDA:1741,302,0,0
BRDA:1741,302,1,0
BRDA:1743,303,0,0
BRDA:1743,303,1,0
BRDA:1749,304,0,0
BRDA:1749,304,1,0
BRDA:1751,305,0,0
BRDA:1751,305,1,0
BRDA:1756,306,0,0
BRDA:1756,306,1,0
BRDA:1764,307,0,1
BRDA:1764,307,1,0
BRDA:1764,308,0,1
BRDA:1764,308,1,0
BRDA:1775,309,0,0
BRDA:1775,309,1,1
BRDA:1780,310,0,0
BRDA:1780,310,1,1
BRDA:1781,311,0,1
BRDA:1781,311,1,1
BRDA:1787,312,0,0
BRDA:1787,312,1,0
BRDA:1795,313,0,1
BRDA:1795,313,1,0
BRDA:1796,314,0,1
BRDA:1796,314,1,0
BRDA:1797,315,0,1
BRDA:1797,315,1,0
BRDA:1798,316,0,1
BRDA:1798,316,1,0
BRDA:1802,317,0,1
BRDA:1802,317,1,1
BRDA:1803,318,0,0
BRDA:1803,318,1,1
BRDA:1804,319,0,0
BRDA:1804,319,1,1
BRDA:1805,320,0,0
BRDA:1805,320,1,1
BRDA:1805,321,0,1
BRDA:1805,321,1,0
BRDA:1813,322,0,0
BRDA:1813,322,1,1
BRDA:1820,323,0,0
BRDA:1820,323,1,0
BRDA:1821,324,0,0
BRDA:1821,324,1,0
BRDA:1821,325,0,0
BRDA:1821,325,1,0
BRDA:1834,326,0,1
BRDA:1834,326,1,0
BRDA:1834,327,0,0
BRDA:1834,327,1,0
BRDA:1835,328,0,0
BRDA:1835,328,1,1
BRDA:1845,329,0,1
BRDA:1845,329,1,0
BRDA:1850,330,0,1
BRDA:1850,330,1,0
BRDA:1851,331,0,1
BRDA:1851,331,1,0
BRDA:1873,332,0,0
BRDA:1873,332,1,0
BRDA:1873,333,0,0
BRDA:1873,333,1,0
BRDA:1876,334,0,0
BRDA:1877,335,0,0
BRDA:1878,336,0,0
BRDA:1879,337,0,0
BRDA:1880,338,0,0
BRDA:1881,339,0,0
BRDA:1882,340,0,0
BRDA:1882,340,1,0
BRDA:1883,341,0,0
BRDA:1883,341,1,0
BRDA:1884,342,0,0
BRDA:1884,342,1,0
BRDA:1893,343,0,0
BRDA:1893,343,1,0
BRDA:1897,344,0,0
BRDA:1897,344,1,0
BRDA:1907,345,0,0
BRDA:1907,345,1,0
BRDA:1915,346,0,0
BRDA:1915,346,1,0
BRDA:1924,347,0,0
BRDA:1924,347,1,0
BRDA:1943,348,0,0
BRDA:1943,348,1,0
BRDA:1947,349,0,0
BRDA:1947,349,1,0
BRDA:1962,350,0,1
BRDA:1962,350,1,0
BRDA:1965,351,0,0
BRDA:1965,351,1,0
BRDA:1966,352,0,0
BRDA:1966,352,1,0
BRDA:1979,353,0,0
BRDA:1979,353,1,0
BRDA:1979,354,0,0
BRDA:1979,354,1,0
BRDA:1981,355,0,0
BRDA:1981,355,1,0
BRDA:1982,356,0,0
BRDA:1982,356,1,0
BRDA:1985,357,0,0
BRDA:1985,357,1,0
BRDA:1987,358,0,0
BRDA:1987,358,1,0
BRDA:1988,359,0,0
BRDA:1988,359,1,0
BRDA:1988,360,0,0
BRDA:1988,360,1,0
BRDA:1991,361,0,0
BRDA:1991,361,1,0
BRDA:1993,362,0,0
BRDA:1993,362,1,0
BRDA:1993,363,0,0
BRDA:1993,363,1,0
BRDA:1993,363,2,0
BRDA:1996,364,0,0
BRDA:1996,364,1,0
BRDA:1998,365,0,0
BRDA:1998,365,1,0
BRDA:1998,365,2,0
BRDA:1998,365,3,0
BRDA:1998,366,0,0
BRDA:1998,366,1,0
BRDA:2005,367,0,0
BRDA:2005,367,1,0
BRDA:2005,368,0,0
BRDA:2005,368,1,0
BRDA:2005,368,2,0
BRDA:2009,369,0,0
BRDA:2009,369,1,0
BRDA:2010,370,0,0
BRDA:2010,370,1,0
BRDA:2011,371,0,0
BRDA:2011,371,1,0
BRDA:2011,371,2,0
BRDA:2011,372,0,0
BRDA:2011,372,1,0
BRDA:2018,373,0,0
BRDA:2018,373,1,0
BRDA:2023,374,0,0
BRDA:2023,374,1,0
BRDA:2034,375,0,0
BRDA:2034,375,1,0
BRDA:2035,376,0,0
BRDA:2035,376,1,0
BRDA:2035,376,2,0
BRDA:2040,377,0,0
BRDA:2040,377,1,0
BRDA:2040,378,0,0
BRDA:2040,378,1,0
BRDA:2044,379,0,0
BRDA:2044,379,1,0
BRDA:2052,380,0,0
BRDA:2052,380,1,0
BRDA:2055,381,0,0
BRDA:2055,381,1,0
BRDA:2056,382,0,0
BRDA:2056,382,1,0
BRDA:2061,383,0,0
BRDA:2061,383,1,0
BRDA:2062,384,0,0
BRDA:2062,384,1,0
BRDA:2062,385,0,0
BRDA:2062,385,1,0
BRDA:2063,386,0,0
BRDA:2063,386,1,0
BRDA:2064,387,0,0
BRDA:2064,387,1,0
BRDA:2066,388,0,0
BRDA:2066,388,1,0
BRDA:2067,389,0,0
BRDA:2067,389,1,0
BRDA:2073,390,0,0
BRDA:2073,390,1,0
BRDA:2080,391,0,0
BRDA:2080,391,1,0
BRDA:2081,392,0,0
BRDA:2081,392,1,0
BRDA:2089,393,0,0
BRDA:2089,393,1,0
BRDA:2091,394,0,0
BRDA:2091,394,1,0
BRDA:2117,395,0,1
BRDA:2117,395,1,0
BRDA:2122,396,0,0
BRDA:2122,396,1,0
BRDA:2123,397,0,0
BRDA:2123,397,1,0
BRDA:2125,398,0,0
BRDA:2125,398,1,0
BRDA:2125,398,2,0
BRDA:2127,399,0,0
BRDA:2127,399,1,0
BRDA:2127,400,0,0
BRDA:2127,400,1,0
BRDA:2129,401,0,0
BRDA:2129,401,1,0
BRDA:2131,402,0,0
BRDA:2131,402,1,0
BRDA:2133,403,0,0
BRDA:2133,403,1,0
BRDA:2141,404,0,0
BRDA:2141,404,1,0
BRDA:2142,405,0,0
BRDA:2142,405,1,0
BRDA:2142,406,0,0
BRDA:2142,406,1,0
BRDA:2143,407,0,0
BRDA:2143,407,1,0
BRDA:2148,408,0,0
BRDA:2148,408,1,0
BRDA:2148,408,2,0
BRDA:2149,409,0,0
BRDA:2149,409,1,0
BRDA:2153,410,0,0
BRDA:2153,410,1,0
BRDA:2153,410,2,0
BRDA:2153,410,3,0
BRDA:2153,410,4,0
BRDA:2153,410,5,0
BRDA:2163,411,0,0
BRDA:2163,411,1,0
BRDA:2163,411,2,0
BRDA:2163,411,3,0
BRDA:2167,412,0,0
BRDA:2167,412,1,0
BRDA:2168,413,0,0
BRDA:2168,413,1,0
BRDA:2168,414,0,0
BRDA:2168,414,1,0
BRDA:2170,415,0,0
BRDA:2170,415,1,0
BRDA:2172,416,0,0
BRDA:2172,416,1,0
BRDA:2172,417,0,0
BRDA:2172,417,1,0
BRDA:2180,418,0,0
BRDA:2180,418,1,0
BRDA:2180,419,0,0
BRDA:2180,419,1,0
BRDA:2189,420,0,0
BRDA:2189,420,1,0
BRDA:2189,420,2,0
BRDA:2189,420,3,0
BRDA:2193,421,0,0
BRDA:2193,421,1,0
BRDA:2196,422,0,0
BRDA:2196,422,1,0
BRDA:2196,422,2,0
BRDA:2196,422,3,0
BRDA:2196,422,4,0
BRDA:2196,422,5,0
BRDA:2206,423,0,0
BRDA:2206,423,1,0
BRDA:2209,424,0,0
BRDA:2209,424,1,0
BRDA:2209,424,2,0
BRDA:2209,424,3,0
BRDA:2209,424,4,0
BRDA:2213,425,0,0
BRDA:2213,425,1,0
BRDA:2213,426,0,0
BRDA:2213,426,1,0
BRDA:2215,427,0,0
BRDA:2215,427,1,0
BRDA:2216,428,0,0
BRDA:2216,428,1,0
BRDA:2217,429,0,0
BRDA:2217,429,1,0
BRDA:2220,430,0,0
BRDA:2220,430,1,0
BRDA:2220,431,0,0
BRDA:2220,431,1,0
BRDA:2238,432,0,0
BRDA:2238,432,1,0
BRDA:2240,433,0,0
BRDA:2240,433,1,0
BRDA:2240,434,0,0
BRDA:2240,434,1,0
BRDA:2240,435,0,0
BRDA:2240,435,1,0
BRDA:2252,436,0,0
BRDA:2252,436,1,0
BRDA:2254,437,0,0
BRDA:2254,437,1,0
BRDA:2254,437,2,0
BRDA:2254,437,3,0
BRDA:2254,437,4,0
BRDA:2259,438,0,0
BRDA:2259,438,1,0
BRDA:2260,439,0,0
BRDA:2260,439,1,0
BRDA:2261,440,0,0
BRDA:2261,440,1,0
BRDA:2263,441,0,0
BRDA:2263,441,1,0
BRDA:2263,441,2,0
BRDA:2263,441,3,0
BRDA:2263,441,4,0
BRDA:2263,441,5,0
BRDA:2263,441,6,0
BRDA:2286,442,0,0
BRDA:2286,442,1,0
BRDA:2288,443,0,0
BRDA:2288,443,1,0
BRDA:2288,443,2,0
BRDA:2288,443,3,0
BRDA:2288,443,4,0
BRDA:2294,444,0,0
BRDA:2294,444,1,0
BRDA:2298,445,0,0
BRDA:2298,445,1,0
BRDA:2300,446,0,0
BRDA:2300,446,1,0
BRDA:2300,446,2,0
BRDA:2300,446,3,0
BRDA:2300,446,4,0
BRDA:2303,447,0,0
BRDA:2303,447,1,0
BRDA:2304,448,0,0
BRDA:2304,448,1,0
BRDA:2304,448,2,0
BRDA:2304,448,3,0
BRDA:2304,448,4,0
BRDA:2326,449,0,0
BRDA:2326,449,1,0
BRDA:2331,450,0,0
BRDA:2331,450,1,0
BRDA:2342,451,0,0
BRDA:2342,451,1,0
BRDA:2342,452,0,0
BRDA:2342,452,1,0
BRDA:2343,453,0,0
BRDA:2343,453,1,0
BRDA:2345,454,0,0
BRDA:2345,454,1,0
BRDA:2357,455,0,0
BRDA:2357,455,1,0
BRDA:2360,456,0,0
BRDA:2360,456,1,0
BRDA:2365,457,0,0
BRDA:2365,457,1,0
BRDA:2368,458,0,0
BRDA:2368,458,1,0
BRDA:2369,459,0,0
BRDA:2369,459,1,0
BRDA:2369,460,0,0
BRDA:2369,460,1,0
BRDA:2370,461,0,0
BRDA:2370,461,1,0
BRDA:2375,462,0,0
BRDA:2375,462,1,0
BRDA:2375,462,2,0
BRDA:2376,463,0,0
BRDA:2376,463,1,0
BRDA:2380,464,0,0
BRDA:2380,464,1,0
BRDA:2380,464,2,0
BRDA:2380,464,3,0
BRDA:2380,464,4,0
BRDA:2389,465,0,0
BRDA:2389,465,1,0
BRDA:2389,465,2,0
BRDA:2389,465,3,0
BRDA:2389,465,4,0
BRDA:2389,465,5,0
BRDA:2394,466,0,0
BRDA:2394,466,1,0
BRDA:2396,467,0,0
BRDA:2396,467,1,0
BRDA:2398,468,0,0
BRDA:2398,468,1,0
BRDA:2399,469,0,0
BRDA:2399,469,1,0
BRDA:2399,470,0,0
BRDA:2399,470,1,0
BRDA:2400,471,0,0
BRDA:2400,471,1,0
BRDA:2403,472,0,0
BRDA:2403,472,1,0
BRDA:2405,473,0,0
BRDA:2405,473,1,0
BRDA:2405,474,0,0
BRDA:2405,474,1,0
BRDA:2408,475,0,0
BRDA:2408,475,1,0
BRDA:2411,476,0,0
BRDA:2411,476,1,0
BRDA:2416,477,0,0
BRDA:2416,477,1,0
BRDA:2416,478,0,0
BRDA:2416,478,1,0
BRDA:2425,479,0,0
BRDA:2425,479,1,0
BRDA:2425,479,2,0
BRDA:2425,479,3,0
BRDA:2429,480,0,0
BRDA:2429,480,1,0
BRDA:2432,481,0,0
BRDA:2432,481,1,0
BRDA:2432,481,2,0
BRDA:2436,482,0,0
BRDA:2436,482,1,0
BRDA:2438,483,0,0
BRDA:2438,483,1,0
BRDA:2440,484,0,0
BRDA:2440,484,1,0
BRDA:2442,485,0,0
BRDA:2442,485,1,0
BRDA:2442,486,0,0
BRDA:2442,486,1,0
BRDA:2442,486,2,0
BRDA:2443,487,0,0
BRDA:2443,487,1,0
BRDA:2445,488,0,0
BRDA:2445,488,1,0
BRDA:2447,489,0,0
BRDA:2447,489,1,0
BRDA:2449,490,0,0
BRDA:2449,490,1,0
BRDA:2449,491,0,0
BRDA:2449,491,1,0
BRDA:2450,492,0,0
BRDA:2450,492,1,0
BRDA:2450,493,0,0
BRDA:2450,493,1,0
BRDA:2469,494,0,0
BRDA:2469,494,1,0
BRDA:2471,495,0,0
BRDA:2471,495,1,0
BRDA:2475,496,0,0
BRDA:2475,496,1,0
BRDA:2476,497,0,0
BRDA:2476,497,1,0
BRDA:2478,498,0,0
BRDA:2478,498,1,0
BRDA:2478,499,0,0
BRDA:2478,499,1,0
BRDA:2481,500,0,0
BRDA:2481,500,1,0
BRDA:2481,501,0,0
BRDA:2481,501,1,0
BRDA:2489,502,0,0
BRDA:2489,502,1,0
BRDA:2491,503,0,0
BRDA:2491,503,1,0
BRDA:2493,504,0,0
BRDA:2493,504,1,0
BRDA:2495,505,0,0
BRDA:2495,505,1,0
BRDA:2495,505,2,0
BRDA:2495,505,3,0
BRDA:2495,505,4,0
BRDA:2500,506,0,0
BRDA:2500,506,1,0
BRDA:2501,507,0,0
BRDA:2501,507,1,0
BRDA:2502,508,0,0
BRDA:2502,508,1,0
BRDA:2504,509,0,0
BRDA:2504,509,1,0
BRDA:2504,509,2,0
BRDA:2504,509,3,0
BRDA:2504,509,4,0
BRDA:2504,509,5,0
BRDA:2504,509,6,0
BRDA:2527,510,0,0
BRDA:2527,510,1,0
BRDA:2529,511,0,0
BRDA:2529,511,1,0
BRDA:2531,512,0,0
BRDA:2531,512,1,0
BRDA:2533,513,0,0
BRDA:2533,513,1,0
BRDA:2533,513,2,0
BRDA:2533,513,3,0
BRDA:2533,513,4,0
BRDA:2540,514,0,0
BRDA:2540,514,1,0
BRDA:2567,515,0,0
BRDA:2567,515,1,0
BRDA:2567,515,2,0
BRDA:2567,515,3,0
BRDA:2567,515,4,0
BRDA:2572,516,0,0
BRDA:2572,516,1,0
BRDA:2576,517,0,0
BRDA:2576,517,1,0
BRDA:2580,518,0,0
BRDA:2580,518,1,0
BRDA:2581,519,0,0
BRDA:2581,519,1,0
BRDA:2582,520,0,0
BRDA:2582,520,1,0
BRDA:2582,520,2,0
BRDA:2582,521,0,0
BRDA:2582,521,1,0
BRDA:2586,522,0,0
BRDA:2586,522,1,0
BRDA:2588,523,0,0
BRDA:2588,523,1,0
BRDA:2589,524,0,0
BRDA:2589,524,1,0
BRDA:2589,524,2,0
BRDA:2597,525,0,0
BRDA:2597,525,1,0
BRDA:2600,526,0,0
BRDA:2600,526,1,0
BRDA:2603,527,0,0
BRDA:2603,527,1,0
BRDA:2605,528,0,0
BRDA:2605,528,1,0
BRDA:2606,529,0,0
BRDA:2606,529,1,0
BRDA:2612,530,0,0
BRDA:2612,530,1,0
BRDA:2612,531,0,0
BRDA:2612,531,1,0
BRDA:2617,532,0,0
BRDA:2617,532,1,0
BRDA:2617,533,0,0
BRDA:2617,533,1,0
BRDA:2624,534,0,0
BRDA:2624,534,1,0
BRDA:2632,535,0,0
BRDA:2632,535,1,0
BRDA:2632,535,2,0
BRDA:2632,535,3,0
BRDA:2632,535,4,0
BRDA:2638,536,0,0
BRDA:2638,536,1,0
BRDA:2642,537,0,0
BRDA:2642,537,1,0
BRDA:2643,538,0,0
BRDA:2643,538,1,0
BRDA:2645,539,0,0
BRDA:2645,539,1,0
BRDA:2645,539,2,0
BRDA:2647,540,0,0
BRDA:2647,540,1,0
BRDA:2656,541,0,0
BRDA:2656,541,1,0
BRDA:2659,542,0,0
BRDA:2659,542,1,0
BRDA:2662,543,0,0
BRDA:2662,543,1,0
BRDA:2663,544,0,0
BRDA:2663,544,1,0
BRDA:2664,545,0,0
BRDA:2664,545,1,0
BRDA:2670,546,0,0
BRDA:2670,546,1,0
BRDA:2670,547,0,0
BRDA:2670,547,1,0
BRDA:2675,548,0,0
BRDA:2675,548,1,0
BRDA:2675,549,0,0
BRDA:2675,549,1,0
BRDA:2682,550,0,0
BRDA:2682,550,1,0
BRDA:2694,551,0,0
BRDA:2694,551,1,0
BRDA:2700,552,0,0
BRDA:2700,552,1,0
BRDA:2700,553,0,0
BRDA:2700,553,1,0
BRDA:2719,554,0,0
BRDA:2719,554,1,0
BRDA:2719,555,0,0
BRDA:2719,555,1,0
BRDA:2720,556,0,0
BRDA:2720,556,1,0
BRDA:2721,557,0,0
BRDA:2721,557,1,0
BRDA:2723,558,0,0
BRDA:2723,558,1,0
BRDA:2724,559,0,0
BRDA:2724,559,1,0
BRDA:2725,560,0,0
BRDA:2725,560,1,0
BRDA:2727,561,0,0
BRDA:2727,561,1,0
BRDA:2728,562,0,0
BRDA:2728,562,1,0
BRDA:2736,563,0,0
BRDA:2736,563,1,0
BRDA:2746,564,0,0
BRDA:2746,564,1,0
BRDA:2749,565,0,0
BRDA:2749,565,1,0
BRDA:2750,566,0,0
BRDA:2750,566,1,0
BRDA:2750,567,0,0
BRDA:2750,567,1,0
BRDA:2751,568,0,0
BRDA:2751,568,1,0
BRDA:2753,569,0,0
BRDA:2753,569,1,0
BRDA:2775,570,0,0
BRDA:2775,570,1,0
BRDA:2776,571,0,0
BRDA:2776,571,1,0
BRDA:2777,572,0,0
BRDA:2777,572,1,0
BRDA:2777,573,0,0
BRDA:2777,573,1,0
BRDA:2783,574,0,0
BRDA:2783,574,1,0
BRDA:2783,574,2,0
BRDA:2783,574,3,0
BRDA:2783,574,4,0
BRDA:2783,574,5,0
BRDA:2789,575,0,0
BRDA:2789,575,1,0
BRDA:2806,576,0,0
BRDA:2806,576,1,0
BRDA:2810,577,0,0
BRDA:2810,577,1,0
BRDA:2820,578,0,0
BRDA:2820,578,1,0
BRDA:2822,579,0,0
BRDA:2822,579,1,0
BRDA:2826,580,0,0
BRDA:2826,580,1,0
BRDA:2827,581,0,0
BRDA:2827,581,1,0
BRDA:2845,582,0,0
BRDA:2845,582,1,0
BRDA:2847,583,0,0
BRDA:2847,583,1,0
BRDA:2847,583,2,0
BRDA:2848,584,0,0
BRDA:2848,584,1,0
BRDA:2851,585,0,0
BRDA:2851,585,1,0
BRDA:2853,586,0,0
BRDA:2853,586,1,0
BRDA:2853,586,2,0
BRDA:2860,587,0,0
BRDA:2860,587,1,0
BRDA:2862,588,0,0
BRDA:2862,588,1,0
BRDA:2863,589,0,0
BRDA:2863,589,1,0
BRDA:2863,590,0,0
BRDA:2863,590,1,0
BRDA:2865,591,0,0
BRDA:2865,591,1,0
BRDA:2865,591,2,0
BRDA:2867,592,0,0
BRDA:2867,592,1,0
BRDA:2868,593,0,0
BRDA:2868,593,1,0
BRDA:2868,593,2,0
BRDA:2870,594,0,0
BRDA:2870,594,1,0
BRDA:2871,595,0,0
BRDA:2871,595,1,0
BRDA:2881,596,0,0
BRDA:2881,596,1,0
BRDA:2888,597,0,0
BRDA:2888,597,1,0
BRDA:2888,598,0,0
BRDA:2888,598,1,0
BRDA:2889,599,0,0
BRDA:2889,599,1,0
BRDA:2892,600,0,0
BRDA:2892,600,1,0
BRDA:2893,601,0,0
BRDA:2893,601,1,0
BRDA:2894,602,0,0
BRDA:2894,602,1,0
BRDA:2894,603,0,0
BRDA:2894,603,1,0
BRDA:2899,604,0,0
BRDA:2899,604,1,0
BRDA:2900,605,0,0
BRDA:2900,605,1,0
BRDA:2904,606,0,0
BRDA:2904,606,1,0
BRDA:2924,607,0,0
BRDA:2924,607,1,0
BRDA:2930,608,0,0
BRDA:2930,608,1,0
BRDA:2930,608,2,0
BRDA:2936,609,0,0
BRDA:2936,609,1,0
BRDA:2939,610,0,0
BRDA:2939,610,1,0
BRDA:2944,611,0,0
BRDA:2944,611,1,0
BRDA:2957,612,0,0
BRDA:2957,612,1,3
BRDA:2965,613,0,3
BRDA:2965,613,1,0
BRDA:2967,614,0,3
BRDA:2967,614,1,3
BRDA:2983,615,0,1
BRDA:2983,615,1,0
BRDA:2987,616,0,0
BRDA:2987,616,1,0
BRDA:2988,617,0,0
BRDA:2988,617,1,0
BRDA:3001,618,0,1
BRDA:3001,618,1,0
BRDA:3001,619,0,1
BRDA:3001,619,1,1
BRDA:3017,620,0,0
BRDA:3017,620,1,2
BRDA:3017,621,0,2
BRDA:3017,621,1,0
BRDA:3026,622,0,0
BRDA:3026,622,1,2
BRDA:3031,623,0,2
BRDA:3031,623,1,0
BRDA:3042,624,0,0
BRDA:3042,624,1,2
BRDA:3048,625,0,0
BRDA:3048,625,1,0
BRDA:3048,625,2,0
BRDA:3050,626,0,0
BRDA:3050,626,1,0
BRDA:3050,626,2,0
BRDA:3050,626,3,0
BRDA:3057,627,0,0
BRDA:3057,627,1,2
BRDA:3061,628,0,0
BRDA:3061,628,1,0
BRDA:3064,629,0,0
BRDA:3064,629,1,0
BRDA:3064,629,2,0
BRDA:3065,630,0,0
BRDA:3065,630,1,0
BRDA:3065,630,2,0
BRDA:3092,631,0,4
BRDA:3092,631,1,0
BRDA:3094,632,0,0
BRDA:3094,632,1,0
BRDA:3100,633,0,0
BRDA:3100,633,1,0
BRDA:3102,634,0,0
BRDA:3102,634,1,0
BRDA:3118,635,0,0
BRDA:3118,635,1,0
BRDA:3128,636,0,0
BRDA:3130,637,0,2
BRDA:3130,637,1,2
BRDA:3132,638,0,2
BRDA:3132,638,1,2
BRDA:3133,639,0,0
BRDA:3133,639,1,4
BRDA:3135,640,0,2
BRDA:3135,640,1,2
BRDA:3138,641,0,0
BRDA:3138,641,1,4
BRDA:3139,642,0,4
BRDA:3139,642,1,2
BRDA:3143,643,0,4
BRDA:3143,643,1,0
BRDA:3144,644,0,3
BRDA:3144,644,1,1
BRDA:3151,645,0,4
BRDA:3151,645,1,0
BRDA:3154,646,0,4
BRDA:3154,646,1,0
BRDA:3167,647,0,2
BRDA:3167,647,1,0
BRDA:3187,648,0,0
BRDA:3187,648,1,0
BRDA:3187,649,0,0
BRDA:3187,649,1,0
BRDA:3196,650,0,0
BRDA:3196,651,0,0
BRDA:3198,652,0,0
BRDA:3198,652,1,0
BRDA:3214,653,0,0
BRDA:3214,653,1,0
BRDA:3215,654,0,0
BRDA:3215,654,1,0
BRDA:3227,655,0,1
BRDA:3227,655,1,0
BRDA:3237,656,0,0
BRDA:3237,656,1,0
BRDA:3250,657,0,0
BRDA:3250,657,1,0
BRDA:3252,658,0,0
BRDA:3252,658,1,0
BRDA:3256,659,0,0
BRDA:3256,659,1,0
BRDA:3260,660,0,0
BRDA:3260,660,1,0
BRF:1458
BRH:130
end_of_record
